#
# There is insufficient memory for the Java Runtime Environment to continue.
# Native memory allocation (malloc) failed to allocate 1525760 bytes for Chunk::new
# Possible reasons:
#   The system is out of physical RAM or swap space
#   The process is running with CompressedOops enabled, and the Java Heap may be blocking the growth of the native heap
# Possible solutions:
#   Reduce memory load on the system
#   Increase physical memory or swap space
#   Check if swap backing store is full
#   Decrease Java heap size (-Xmx/-Xms)
#   Decrease number of Java threads
#   Decrease Java thread stack sizes (-Xss)
#   Set larger code cache with -XX:ReservedCodeCacheSize=
#   JVM is running with Unscaled Compressed Oops mode in which the Java heap is
#     placed in the first 4GB address space. The Java Heap base address is the
#     maximum limit for the native heap growth. Please use -XX:HeapBaseMinAddress
#     to set the Java Heap base and to place the Java Heap above 4GB virtual address.
# This output file may be truncated or incomplete.
#
#  Out of Memory Error (arena.cpp:189), pid=8040, tid=15760
#
# JRE version: OpenJDK Runtime Environment (17.0.7) (build 17.0.7+0-b2043.56-10550314)
# Java VM: OpenJDK 64-Bit Server VM (17.0.7+0-b2043.56-10550314, mixed mode, tiered, compressed oops, compressed class ptrs, g1 gc, windows-amd64)
# No core dump will be written. Minidumps are not enabled by default on client versions of Windows
#

---------------  S U M M A R Y ------------

Command Line: --add-opens=java.base/java.util=ALL-UNNAMED --add-opens=java.base/java.lang=ALL-UNNAMED --add-opens=java.base/java.lang.invoke=ALL-UNNAMED --add-opens=java.prefs/java.util.prefs=ALL-UNNAMED --add-opens=java.base/java.nio.charset=ALL-UNNAMED --add-opens=java.base/java.net=ALL-UNNAMED --add-opens=java.base/java.util.concurrent.atomic=ALL-UNNAMED -Xmx2048m -Dfile.encoding=UTF-8 -Duser.country=US -Duser.language=en -Duser.variant -javaagent:C:\Users\user\.gradle\wrapper\dists\gradle-8.2-bin\bbg7u40eoinfdyxsxr3z4i7ta\gradle-8.2\lib\agents\gradle-instrumentation-agent-8.2.jar org.gradle.launcher.daemon.bootstrap.GradleDaemon 8.2

Host: AMD Ryzen 7 4800H with Radeon Graphics         , 16 cores, 7G,  Windows 11 , 64 bit Build 22621 (10.0.22621.3235)
Time: Tue Mar 19 13:07:36 2024 Bangladesh Standard Time elapsed time: 6.835749 seconds (0d 0h 0m 6s)

---------------  T H R E A D  ---------------

Current thread (0x000001eab923c5c0):  JavaThread "C2 CompilerThread1" daemon [_thread_in_native, id=15760, stack(0x0000004847d00000,0x0000004847e00000)]


Current CompileTask:
C2:   6835 4357 %     4       jdk.internal.loader.URLClassPath::getResource @ 39 (74 bytes)

Stack: [0x0000004847d00000,0x0000004847e00000]
Native frames: (J=compiled Java code, j=interpreted, Vv=VM code, C=native code)
V  [jvm.dll+0x683bfa]
V  [jvm.dll+0x8430a4]
V  [jvm.dll+0x8449be]
V  [jvm.dll+0x845023]
V  [jvm.dll+0x24ad2f]
V  [jvm.dll+0xac25c]
V  [jvm.dll+0xac82c]
V  [jvm.dll+0x36a187]
V  [jvm.dll+0x334821]
V  [jvm.dll+0x333cca]
V  [jvm.dll+0x21d251]
V  [jvm.dll+0x21c671]
V  [jvm.dll+0x1a605d]
V  [jvm.dll+0x22c148]
V  [jvm.dll+0x22a209]
V  [jvm.dll+0x7f858c]
V  [jvm.dll+0x7f2aea]
V  [jvm.dll+0x682a35]
C  [ucrtbase.dll+0x29363]
C  [KERNEL32.DLL+0x1257d]
C  [ntdll.dll+0x5aa58]


---------------  P R O C E S S  ---------------

Threads class SMR info:
_java_thread_list=0x000001eab7019700, length=45, elements={
0x000001ea97d00da0, 0x000001eab24c3860, 0x000001eab24c44e0, 0x000001eab24d8250,
0x000001eab284c5a0, 0x000001eab284ce60, 0x000001eab2893010, 0x000001eab2893900,
0x000001eab28943a0, 0x000001eab2896da0, 0x000001eab246e500, 0x000001eab2a30020,
0x000001eab2a30530, 0x000001eab2b3f1d0, 0x000001eab8143d70, 0x000001eab7934b10,
0x000001eab7933300, 0x000001eab7934640, 0x000001eab79337d0, 0x000001eab7934170,
0x000001eab7933ca0, 0x000001eab7931150, 0x000001eab7931620, 0x000001eab7932e30,
0x000001eab7931af0, 0x000001eab7931fc0, 0x000001eab7932490, 0x000001eab923c5c0,
0x000001eab8b98020, 0x000001eab8b95000, 0x000001eab8b94b30, 0x000001eab8b99d00,
0x000001eab8b989c0, 0x000001eab8b9a6a0, 0x000001eab8b98e90, 0x000001eab8b96ce0,
0x000001eab8b959a0, 0x000001eab8b9a1d0, 0x000001eab8b9ab70, 0x000001eab8b95e70,
0x000001eab8b99360, 0x000001eab8b94190, 0x000001eab8b971b0, 0x000001eab8b99830,
0x000001eab8b96340
}

Java Threads: ( => current thread )
  0x000001ea97d00da0 JavaThread "main" [_thread_blocked, id=27800, stack(0x0000004844d00000,0x0000004844e00000)]
  0x000001eab24c3860 JavaThread "Reference Handler" daemon [_thread_blocked, id=20272, stack(0x0000004845400000,0x0000004845500000)]
  0x000001eab24c44e0 JavaThread "Finalizer" daemon [_thread_blocked, id=10996, stack(0x0000004845500000,0x0000004845600000)]
  0x000001eab24d8250 JavaThread "Signal Dispatcher" daemon [_thread_blocked, id=9400, stack(0x0000004845600000,0x0000004845700000)]
  0x000001eab284c5a0 JavaThread "Attach Listener" daemon [_thread_blocked, id=26204, stack(0x0000004845700000,0x0000004845800000)]
  0x000001eab284ce60 JavaThread "Service Thread" daemon [_thread_blocked, id=4740, stack(0x0000004845800000,0x0000004845900000)]
  0x000001eab2893010 JavaThread "Monitor Deflation Thread" daemon [_thread_blocked, id=21928, stack(0x0000004845900000,0x0000004845a00000)]
  0x000001eab2893900 JavaThread "C2 CompilerThread0" daemon [_thread_in_native, id=6772, stack(0x0000004845a00000,0x0000004845b00000)]
  0x000001eab28943a0 JavaThread "C1 CompilerThread0" daemon [_thread_blocked, id=19384, stack(0x0000004845b00000,0x0000004845c00000)]
  0x000001eab2896da0 JavaThread "Sweeper thread" daemon [_thread_blocked, id=14808, stack(0x0000004845c00000,0x0000004845d00000)]
  0x000001eab246e500 JavaThread "Common-Cleaner" daemon [_thread_blocked, id=18236, stack(0x0000004845d00000,0x0000004845e00000)]
  0x000001eab2a30020 JavaThread "C1 CompilerThread1" daemon [_thread_blocked, id=15624, stack(0x0000004845e00000,0x0000004845f00000)]
  0x000001eab2a30530 JavaThread "C1 CompilerThread2" daemon [_thread_blocked, id=22452, stack(0x0000004845f00000,0x0000004846000000)]
  0x000001eab2b3f1d0 JavaThread "Notification Thread" daemon [_thread_blocked, id=21408, stack(0x0000004846000000,0x0000004846100000)]
  0x000001eab8143d70 JavaThread "C1 CompilerThread3" daemon [_thread_blocked, id=16484, stack(0x0000004846600000,0x0000004846700000)]
  0x000001eab7934b10 JavaThread "Daemon health stats" [_thread_blocked, id=18352, stack(0x0000004846800000,0x0000004846900000)]
  0x000001eab7933300 JavaThread "Incoming local TCP Connector on port 53836" [_thread_in_native, id=18692, stack(0x0000004846500000,0x0000004846600000)]
  0x000001eab7934640 JavaThread "Daemon periodic checks" [_thread_blocked, id=14500, stack(0x0000004846a00000,0x0000004846b00000)]
  0x000001eab79337d0 JavaThread "Daemon" [_thread_blocked, id=9872, stack(0x0000004846b00000,0x0000004846c00000)]
  0x000001eab7934170 JavaThread "Handler for socket connection from /127.0.0.1:53836 to /127.0.0.1:53837" [_thread_in_native, id=27544, stack(0x0000004846c00000,0x0000004846d00000)]
  0x000001eab7933ca0 JavaThread "Cancel handler" [_thread_blocked, id=11232, stack(0x0000004846d00000,0x0000004846e00000)]
  0x000001eab7931150 JavaThread "Daemon worker" [_thread_in_vm, id=14728, stack(0x0000004846e00000,0x0000004846f00000)]
  0x000001eab7931620 JavaThread "Asynchronous log dispatcher for DefaultDaemonConnection: socket connection from /127.0.0.1:53836 to /127.0.0.1:53837" [_thread_blocked, id=8216, stack(0x0000004846f00000,0x0000004847000000)]
  0x000001eab7932e30 JavaThread "Stdin handler" [_thread_blocked, id=17520, stack(0x0000004847000000,0x0000004847100000)]
  0x000001eab7931af0 JavaThread "Daemon client event forwarder" [_thread_blocked, id=25852, stack(0x0000004847100000,0x0000004847200000)]
  0x000001eab7931fc0 JavaThread "Cache worker for journal cache (C:\Users\user\.gradle\caches\journal-1)" [_thread_blocked, id=13656, stack(0x0000004846900000,0x0000004846a00000)]
  0x000001eab7932490 JavaThread "File lock request listener" [_thread_in_native, id=8088, stack(0x0000004847c00000,0x0000004847d00000)]
=>0x000001eab923c5c0 JavaThread "C2 CompilerThread1" daemon [_thread_in_native, id=15760, stack(0x0000004847d00000,0x0000004847e00000)]
  0x000001eab8b98020 JavaThread "Cache worker for file hash cache (C:\Users\user\.gradle\caches\8.2\fileHashes)" [_thread_blocked, id=28616, stack(0x0000004847e00000,0x0000004847f00000)]
  0x000001eab8b95000 JavaThread "File watcher server" daemon [_thread_in_native, id=22644, stack(0x0000004847f00000,0x0000004848000000)]
  0x000001eab8b94b30 JavaThread "File watcher consumer" daemon [_thread_blocked, id=21900, stack(0x0000004848000000,0x0000004848100000)]
  0x000001eab8b99d00 JavaThread "Cache worker for checksums cache (C:\Users\user\AndroidStudioProjects\CatsandDogs\.gradle\8.2\checksums)" [_thread_blocked, id=13268, stack(0x0000004848100000,0x0000004848200000)]
  0x000001eab8b989c0 JavaThread "Cache worker for cache directory md-rule (C:\Users\user\.gradle\caches\8.2\md-rule)" [_thread_blocked, id=24636, stack(0x0000004848200000,0x0000004848300000)]
  0x000001eab8b9a6a0 JavaThread "Cache worker for file content cache (C:\Users\user\.gradle\caches\8.2\fileContent)" [_thread_blocked, id=18980, stack(0x0000004848300000,0x0000004848400000)]
  0x000001eab8b98e90 JavaThread "Cache worker for file hash cache (C:\Users\user\AndroidStudioProjects\CatsandDogs\.gradle\8.2\fileHashes)" [_thread_blocked, id=15376, stack(0x0000004848400000,0x0000004848500000)]
  0x000001eab8b96ce0 JavaThread "Cache worker for cache directory md-supplier (C:\Users\user\.gradle\caches\8.2\md-supplier)" [_thread_blocked, id=23372, stack(0x0000004848500000,0x0000004848600000)]
  0x000001eab8b959a0 JavaThread "Cache worker for execution history cache (C:\Users\user\.gradle\caches\8.2\executionHistory)" [_thread_blocked, id=2004, stack(0x0000004848600000,0x0000004848700000)]
  0x000001eab8b9a1d0 JavaThread "jar transforms" [_thread_blocked, id=16704, stack(0x0000004848700000,0x0000004848800000)]
  0x000001eab8b9ab70 JavaThread "jar transforms Thread 2" [_thread_blocked, id=12520, stack(0x0000004848800000,0x0000004848900000)]
  0x000001eab8b95e70 JavaThread "Cache worker for kotlin-dsl (C:\Users\user\.gradle\caches\8.2\kotlin-dsl)" [_thread_blocked, id=26264, stack(0x0000004848900000,0x0000004848a00000)]
  0x000001eab8b99360 JavaThread "jar transforms Thread 3" [_thread_blocked, id=26600, stack(0x0000004848a00000,0x0000004848b00000)]
  0x000001eab8b94190 JavaThread "jar transforms Thread 4" [_thread_blocked, id=17036, stack(0x0000004848b00000,0x0000004848c00000)]
  0x000001eab8b971b0 JavaThread "jar transforms Thread 5" [_thread_blocked, id=20408, stack(0x0000004848c00000,0x0000004848d00000)]
  0x000001eab8b99830 JavaThread "jar transforms Thread 6" [_thread_blocked, id=6828, stack(0x0000004848d00000,0x0000004848e00000)]
  0x000001eab8b96340 JavaThread "Cache worker for dependencies-accessors (C:\Users\user\AndroidStudioProjects\CatsandDogs\.gradle\8.2\dependencies-accessors)" [_thread_blocked, id=14664, stack(0x0000004848e00000,0x0000004848f00000)]

Other Threads:
  0x000001eab24d7d30 VMThread "VM Thread" [stack: 0x0000004845300000,0x0000004845400000] [id=22772]
  0x000001eab22e60f0 WatcherThread [stack: 0x0000004846100000,0x0000004846200000] [id=15204]
  0x000001ea97d5bdf0 GCTaskThread "GC Thread#0" [stack: 0x0000004844e00000,0x0000004844f00000] [id=15448]
  0x000001eab79ae4f0 GCTaskThread "GC Thread#1" [stack: 0x0000004846200000,0x0000004846300000] [id=22604]
  0x000001eab7ccf870 GCTaskThread "GC Thread#2" [stack: 0x0000004846300000,0x0000004846400000] [id=8124]
  0x000001eab7d71770 GCTaskThread "GC Thread#3" [stack: 0x0000004846400000,0x0000004846500000] [id=13864]
  0x000001eab7d943e0 GCTaskThread "GC Thread#4" [stack: 0x0000004846700000,0x0000004846800000] [id=12408]
  0x000001eab9011a80 GCTaskThread "GC Thread#5" [stack: 0x0000004847200000,0x0000004847300000] [id=10520]
  0x000001eab98f9cc0 GCTaskThread "GC Thread#6" [stack: 0x0000004847300000,0x0000004847400000] [id=27568]
  0x000001eab82faf00 GCTaskThread "GC Thread#7" [stack: 0x0000004847400000,0x0000004847500000] [id=13652]
  0x000001eab95cda00 GCTaskThread "GC Thread#8" [stack: 0x0000004847500000,0x0000004847600000] [id=27740]
  0x000001eab900c830 GCTaskThread "GC Thread#9" [stack: 0x0000004847600000,0x0000004847700000] [id=7556]
  0x000001eab9924840 GCTaskThread "GC Thread#10" [stack: 0x0000004847700000,0x0000004847800000] [id=23300]
  0x000001eab9925300 GCTaskThread "GC Thread#11" [stack: 0x0000004847800000,0x0000004847900000] [id=10076]
  0x000001eab99255b0 GCTaskThread "GC Thread#12" [stack: 0x0000004847900000,0x0000004847a00000] [id=16880]
  0x000001ea97d6cd30 ConcurrentGCThread "G1 Main Marker" [stack: 0x0000004844f00000,0x0000004845000000] [id=15508]
  0x000001ea97d6d740 ConcurrentGCThread "G1 Conc#0" [stack: 0x0000004845000000,0x0000004845100000] [id=10392]
  0x000001eab9925050 ConcurrentGCThread "G1 Conc#1" [stack: 0x0000004847a00000,0x0000004847b00000] [id=19748]
  0x000001eab9924af0 ConcurrentGCThread "G1 Conc#2" [stack: 0x0000004847b00000,0x0000004847c00000] [id=22932]
  0x000001eab233ad70 ConcurrentGCThread "G1 Refine#0" [stack: 0x0000004845100000,0x0000004845200000] [id=22952]
  0x000001eab233b790 ConcurrentGCThread "G1 Service" [stack: 0x0000004845200000,0x0000004845300000] [id=27844]

Threads with active compile tasks:
C2 CompilerThread0     6862 4540 %     4       sun.security.provider.SHA::implCompress0 @ 27 (506 bytes)
C2 CompilerThread1     6862 4357 %     4       jdk.internal.loader.URLClassPath::getResource @ 39 (74 bytes)

VM state: not at safepoint (normal execution)

VM Mutex/Monitor currently owned by a thread: None

Heap address: 0x0000000080000000, size: 2048 MB, Compressed Oops mode: 32-bit

CDS archive(s) not mapped
Compressed class space mapped at: 0x0000000100000000-0x0000000140000000, reserved size: 1073741824
Narrow klass base: 0x0000000000000000, Narrow klass shift: 3, Narrow klass range: 0x140000000

GC Precious Log:
 CPUs: 16 total, 16 available
 Memory: 7599M
 Large Page Support: Disabled
 NUMA Support: Disabled
 Compressed Oops: Enabled (32-bit)
 Heap Region Size: 1M
 Heap Min Capacity: 8M
 Heap Initial Capacity: 120M
 Heap Max Capacity: 2G
 Pre-touch: Disabled
 Parallel Workers: 13
 Concurrent Workers: 3
 Concurrent Refinement Workers: 13
 Periodic GC: Disabled

Heap:
 garbage-first heap   total 87040K, used 36109K [0x0000000080000000, 0x0000000100000000)
  region size 1024K, 7 young (7168K), 3 survivors (3072K)
 Metaspace       used 49053K, committed 49536K, reserved 1114112K
  class space    used 6518K, committed 6720K, reserved 1048576K

Heap Regions: E=young(eden), S=young(survivor), O=old, HS=humongous(starts), HC=humongous(continues), CS=collection set, F=free, OA=open archive, CA=closed archive, TAMS=top-at-mark-start (previous, next)
|   0|0x0000000080000000, 0x0000000080100000, 0x0000000080100000|100%|HS|  |TAMS 0x0000000080100000, 0x0000000080000000| Complete 
|   1|0x0000000080100000, 0x0000000080200000, 0x0000000080200000|100%|HC|  |TAMS 0x0000000080200000, 0x0000000080100000| Complete 
|   2|0x0000000080200000, 0x0000000080300000, 0x0000000080300000|100%|HC|  |TAMS 0x0000000080300000, 0x0000000080200000| Complete 
|   3|0x0000000080300000, 0x0000000080400000, 0x0000000080400000|100%|HC|  |TAMS 0x0000000080400000, 0x0000000080300000| Complete 
|   4|0x0000000080400000, 0x0000000080500000, 0x0000000080500000|100%| O|  |TAMS 0x0000000080500000, 0x0000000080400000| Untracked 
|   5|0x0000000080500000, 0x0000000080600000, 0x0000000080600000|100%| O|  |TAMS 0x0000000080600000, 0x0000000080500000| Untracked 
|   6|0x0000000080600000, 0x0000000080700000, 0x0000000080700000|100%| O|  |TAMS 0x0000000080700000, 0x0000000080600000| Untracked 
|   7|0x0000000080700000, 0x0000000080800000, 0x0000000080800000|100%| O|  |TAMS 0x0000000080800000, 0x0000000080700000| Untracked 
|   8|0x0000000080800000, 0x0000000080900000, 0x0000000080900000|100%| O|  |TAMS 0x0000000080900000, 0x0000000080800000| Untracked 
|   9|0x0000000080900000, 0x0000000080a00000, 0x0000000080a00000|100%| O|  |TAMS 0x0000000080a00000, 0x0000000080900000| Untracked 
|  10|0x0000000080a00000, 0x0000000080b00000, 0x0000000080b00000|100%| O|  |TAMS 0x0000000080b00000, 0x0000000080a00000| Untracked 
|  11|0x0000000080b00000, 0x0000000080c00000, 0x0000000080c00000|100%| O|  |TAMS 0x0000000080b00000, 0x0000000080b00000| Untracked 
|  12|0x0000000080c00000, 0x0000000080d00000, 0x0000000080d00000|100%| O|  |TAMS 0x0000000080d00000, 0x0000000080c00000| Untracked 
|  13|0x0000000080d00000, 0x0000000080dffff8, 0x0000000080e00000| 99%| O|  |TAMS 0x0000000080dffff8, 0x0000000080d00000| Untracked 
|  14|0x0000000080e00000, 0x0000000080f00000, 0x0000000080f00000|100%| O|  |TAMS 0x0000000080f00000, 0x0000000080e00000| Untracked 
|  15|0x0000000080f00000, 0x0000000081000000, 0x0000000081000000|100%| O|  |TAMS 0x0000000081000000, 0x0000000080f00000| Untracked 
|  16|0x0000000081000000, 0x0000000081100000, 0x0000000081100000|100%| O|  |TAMS 0x0000000081100000, 0x0000000081000000| Untracked 
|  17|0x0000000081100000, 0x0000000081200000, 0x0000000081200000|100%| O|  |TAMS 0x0000000081200000, 0x0000000081100000| Untracked 
|  18|0x0000000081200000, 0x0000000081300000, 0x0000000081300000|100%| O|  |TAMS 0x0000000081300000, 0x0000000081200000| Untracked 
|  19|0x0000000081300000, 0x0000000081400000, 0x0000000081400000|100%| O|  |TAMS 0x0000000081400000, 0x0000000081300000| Untracked 
|  20|0x0000000081400000, 0x0000000081400000, 0x0000000081500000|  0%| F|  |TAMS 0x0000000081400000, 0x0000000081400000| Untracked 
|  21|0x0000000081500000, 0x0000000081600000, 0x0000000081600000|100%| O|  |TAMS 0x0000000081500000, 0x0000000081500000| Untracked 
|  22|0x0000000081600000, 0x0000000081700000, 0x0000000081700000|100%| O|  |TAMS 0x0000000081600000, 0x0000000081600000| Untracked 
|  23|0x0000000081700000, 0x0000000081800000, 0x0000000081800000|100%| O|  |TAMS 0x0000000081700000, 0x0000000081700000| Untracked 
|  24|0x0000000081800000, 0x0000000081900000, 0x0000000081900000|100%| O|  |TAMS 0x0000000081800000, 0x0000000081800000| Untracked 
|  25|0x0000000081900000, 0x0000000081a00000, 0x0000000081a00000|100%| O|  |TAMS 0x0000000081900000, 0x0000000081900000| Untracked 
|  26|0x0000000081a00000, 0x0000000081b00000, 0x0000000081b00000|100%| O|  |TAMS 0x0000000081a00000, 0x0000000081a00000| Untracked 
|  27|0x0000000081b00000, 0x0000000081c00000, 0x0000000081c00000|100%| O|  |TAMS 0x0000000081b00000, 0x0000000081b00000| Untracked 
|  28|0x0000000081c00000, 0x0000000081c00000, 0x0000000081d00000|  0%| F|  |TAMS 0x0000000081c00000, 0x0000000081c00000| Untracked 
|  29|0x0000000081d00000, 0x0000000081e00000, 0x0000000081e00000|100%| O|  |TAMS 0x0000000081d00000, 0x0000000081d00000| Untracked 
|  30|0x0000000081e00000, 0x0000000081f00000, 0x0000000081f00000|100%| O|  |TAMS 0x0000000081e00000, 0x0000000081e00000| Untracked 
|  31|0x0000000081f00000, 0x0000000081fa1400, 0x0000000082000000| 62%| O|  |TAMS 0x0000000081f00000, 0x0000000081f00000| Untracked 
|  32|0x0000000082000000, 0x0000000082000000, 0x0000000082100000|  0%| F|  |TAMS 0x0000000082000000, 0x0000000082000000| Untracked 
|  33|0x0000000082100000, 0x0000000082100000, 0x0000000082200000|  0%| F|  |TAMS 0x0000000082100000, 0x0000000082100000| Untracked 
|  34|0x0000000082200000, 0x0000000082200000, 0x0000000082300000|  0%| F|  |TAMS 0x0000000082200000, 0x0000000082200000| Untracked 
|  35|0x0000000082300000, 0x0000000082300000, 0x0000000082400000|  0%| F|  |TAMS 0x0000000082300000, 0x0000000082300000| Untracked 
|  36|0x0000000082400000, 0x0000000082400000, 0x0000000082500000|  0%| F|  |TAMS 0x0000000082400000, 0x0000000082400000| Untracked 
|  37|0x0000000082500000, 0x0000000082500000, 0x0000000082600000|  0%| F|  |TAMS 0x0000000082500000, 0x0000000082500000| Untracked 
|  38|0x0000000082600000, 0x0000000082600000, 0x0000000082700000|  0%| F|  |TAMS 0x0000000082600000, 0x0000000082600000| Untracked 
|  39|0x0000000082700000, 0x0000000082700000, 0x0000000082800000|  0%| F|  |TAMS 0x0000000082700000, 0x0000000082700000| Untracked 
|  40|0x0000000082800000, 0x0000000082800000, 0x0000000082900000|  0%| F|  |TAMS 0x0000000082800000, 0x0000000082800000| Untracked 
|  41|0x0000000082900000, 0x0000000082900000, 0x0000000082a00000|  0%| F|  |TAMS 0x0000000082900000, 0x0000000082900000| Untracked 
|  42|0x0000000082a00000, 0x0000000082a00000, 0x0000000082b00000|  0%| F|  |TAMS 0x0000000082a00000, 0x0000000082a00000| Untracked 
|  43|0x0000000082b00000, 0x0000000082b00000, 0x0000000082c00000|  0%| F|  |TAMS 0x0000000082b00000, 0x0000000082b00000| Untracked 
|  44|0x0000000082c00000, 0x0000000082c00000, 0x0000000082d00000|  0%| F|  |TAMS 0x0000000082c00000, 0x0000000082c00000| Untracked 
|  45|0x0000000082d00000, 0x0000000082d00000, 0x0000000082e00000|  0%| F|  |TAMS 0x0000000082d00000, 0x0000000082d00000| Untracked 
|  46|0x0000000082e00000, 0x0000000082e00000, 0x0000000082f00000|  0%| F|  |TAMS 0x0000000082e00000, 0x0000000082e00000| Untracked 
|  47|0x0000000082f00000, 0x0000000082fa20e8, 0x0000000083000000| 63%| S|CS|TAMS 0x0000000082f00000, 0x0000000082f00000| Complete 
|  48|0x0000000083000000, 0x0000000083100000, 0x0000000083100000|100%| S|CS|TAMS 0x0000000083000000, 0x0000000083000000| Complete 
|  49|0x0000000083100000, 0x0000000083200000, 0x0000000083200000|100%| S|CS|TAMS 0x0000000083100000, 0x0000000083100000| Complete 
|  50|0x0000000083200000, 0x0000000083200000, 0x0000000083300000|  0%| F|  |TAMS 0x0000000083200000, 0x0000000083200000| Untracked 
|  51|0x0000000083300000, 0x0000000083300000, 0x0000000083400000|  0%| F|  |TAMS 0x0000000083300000, 0x0000000083300000| Untracked 
|  52|0x0000000083400000, 0x0000000083400000, 0x0000000083500000|  0%| F|  |TAMS 0x0000000083400000, 0x0000000083400000| Untracked 
|  53|0x0000000083500000, 0x0000000083500000, 0x0000000083600000|  0%| F|  |TAMS 0x0000000083500000, 0x0000000083500000| Untracked 
|  54|0x0000000083600000, 0x0000000083600000, 0x0000000083700000|  0%| F|  |TAMS 0x0000000083600000, 0x0000000083600000| Untracked 
|  55|0x0000000083700000, 0x0000000083700000, 0x0000000083800000|  0%| F|  |TAMS 0x0000000083700000, 0x0000000083700000| Untracked 
|  56|0x0000000083800000, 0x0000000083800000, 0x0000000083900000|  0%| F|  |TAMS 0x0000000083800000, 0x0000000083800000| Untracked 
|  57|0x0000000083900000, 0x0000000083900000, 0x0000000083a00000|  0%| F|  |TAMS 0x0000000083900000, 0x0000000083900000| Untracked 
|  58|0x0000000083a00000, 0x0000000083a00000, 0x0000000083b00000|  0%| F|  |TAMS 0x0000000083a00000, 0x0000000083a00000| Untracked 
|  59|0x0000000083b00000, 0x0000000083b00000, 0x0000000083c00000|  0%| F|  |TAMS 0x0000000083b00000, 0x0000000083b00000| Untracked 
|  60|0x0000000083c00000, 0x0000000083c00000, 0x0000000083d00000|  0%| F|  |TAMS 0x0000000083c00000, 0x0000000083c00000| Untracked 
|  61|0x0000000083d00000, 0x0000000083d00000, 0x0000000083e00000|  0%| F|  |TAMS 0x0000000083d00000, 0x0000000083d00000| Untracked 
|  62|0x0000000083e00000, 0x0000000083e00000, 0x0000000083f00000|  0%| F|  |TAMS 0x0000000083e00000, 0x0000000083e00000| Untracked 
|  63|0x0000000083f00000, 0x0000000083f00000, 0x0000000084000000|  0%| F|  |TAMS 0x0000000083f00000, 0x0000000083f00000| Untracked 
|  64|0x0000000084000000, 0x0000000084000000, 0x0000000084100000|  0%| F|  |TAMS 0x0000000084000000, 0x0000000084000000| Untracked 
|  65|0x0000000084100000, 0x0000000084100000, 0x0000000084200000|  0%| F|  |TAMS 0x0000000084100000, 0x0000000084100000| Untracked 
|  66|0x0000000084200000, 0x0000000084200000, 0x0000000084300000|  0%| F|  |TAMS 0x0000000084200000, 0x0000000084200000| Untracked 
|  67|0x0000000084300000, 0x0000000084300000, 0x0000000084400000|  0%| F|  |TAMS 0x0000000084300000, 0x0000000084300000| Untracked 
|  68|0x0000000084400000, 0x0000000084400000, 0x0000000084500000|  0%| F|  |TAMS 0x0000000084400000, 0x0000000084400000| Untracked 
|  69|0x0000000084500000, 0x0000000084500000, 0x0000000084600000|  0%| F|  |TAMS 0x0000000084500000, 0x0000000084500000| Untracked 
|  70|0x0000000084600000, 0x0000000084600000, 0x0000000084700000|  0%| F|  |TAMS 0x0000000084600000, 0x0000000084600000| Untracked 
|  71|0x0000000084700000, 0x0000000084700000, 0x0000000084800000|  0%| F|  |TAMS 0x0000000084700000, 0x0000000084700000| Untracked 
|  72|0x0000000084800000, 0x0000000084800000, 0x0000000084900000|  0%| F|  |TAMS 0x0000000084800000, 0x0000000084800000| Untracked 
|  73|0x0000000084900000, 0x0000000084900000, 0x0000000084a00000|  0%| F|  |TAMS 0x0000000084900000, 0x0000000084900000| Untracked 
|  74|0x0000000084a00000, 0x0000000084a00000, 0x0000000084b00000|  0%| F|  |TAMS 0x0000000084a00000, 0x0000000084a00000| Untracked 
|  75|0x0000000084b00000, 0x0000000084b00000, 0x0000000084c00000|  0%| F|  |TAMS 0x0000000084b00000, 0x0000000084b00000| Untracked 
|  76|0x0000000084c00000, 0x0000000084c00000, 0x0000000084d00000|  0%| F|  |TAMS 0x0000000084c00000, 0x0000000084c00000| Untracked 
|  77|0x0000000084d00000, 0x0000000084d00000, 0x0000000084e00000|  0%| F|  |TAMS 0x0000000084d00000, 0x0000000084d00000| Untracked 
|  78|0x0000000084e00000, 0x0000000084e00000, 0x0000000084f00000|  0%| F|  |TAMS 0x0000000084e00000, 0x0000000084e00000| Untracked 
|  79|0x0000000084f00000, 0x0000000084f00000, 0x0000000085000000|  0%| F|  |TAMS 0x0000000084f00000, 0x0000000084f00000| Untracked 
|  80|0x0000000085000000, 0x0000000085000000, 0x0000000085100000|  0%| F|  |TAMS 0x0000000085000000, 0x0000000085000000| Untracked 
|  81|0x0000000085100000, 0x0000000085200000, 0x0000000085200000|100%| E|  |TAMS 0x0000000085100000, 0x0000000085100000| Complete 
|  82|0x0000000085200000, 0x0000000085300000, 0x0000000085300000|100%| E|CS|TAMS 0x0000000085200000, 0x0000000085200000| Complete 
|  83|0x0000000085300000, 0x0000000085400000, 0x0000000085400000|100%| E|CS|TAMS 0x0000000085300000, 0x0000000085300000| Complete 
| 119|0x0000000087700000, 0x0000000087800000, 0x0000000087800000|100%| E|CS|TAMS 0x0000000087700000, 0x0000000087700000| Complete 

Card table byte_map: [0x000001eaaae50000,0x000001eaab250000] _byte_map_base: 0x000001eaaaa50000

Marking Bits (Prev, Next): (CMBitMap*) 0x000001ea97d5c400, (CMBitMap*) 0x000001ea97d5c440
 Prev Bits: [0x000001eaab650000, 0x000001eaad650000)
 Next Bits: [0x000001eaad650000, 0x000001eaaf650000)

Polling page: 0x000001ea95b60000

Metaspace:

Usage:
  Non-class:     41.54 MB used.
      Class:      6.37 MB used.
       Both:     47.91 MB used.

Virtual space:
  Non-class space:       64.00 MB reserved,      41.81 MB ( 65%) committed,  1 nodes.
      Class space:        1.00 GB reserved,       6.56 MB ( <1%) committed,  1 nodes.
             Both:        1.06 GB reserved,      48.38 MB (  4%) committed. 

Chunk freelists:
   Non-Class:  6.03 MB
       Class:  9.47 MB
        Both:  15.50 MB

MaxMetaspaceSize: unlimited
CompressedClassSpaceSize: 1.00 GB
Initial GC threshold: 21.00 MB
Current GC threshold: 58.69 MB
CDS: off
MetaspaceReclaimPolicy: balanced
 - commit_granule_bytes: 65536.
 - commit_granule_words: 8192.
 - virtual_space_node_default_size: 8388608.
 - enlarge_chunks_in_place: 1.
 - new_chunks_are_fully_committed: 0.
 - uncommit_free_chunks: 1.
 - use_allocation_guard: 0.
 - handle_deallocations: 1.


Internal statistics:

num_allocs_failed_limit: 6.
num_arena_births: 494.
num_arena_deaths: 0.
num_vsnodes_births: 2.
num_vsnodes_deaths: 0.
num_space_committed: 774.
num_space_uncommitted: 0.
num_chunks_returned_to_freelist: 6.
num_chunks_taken_from_freelist: 1975.
num_chunk_merges: 3.
num_chunk_splits: 1323.
num_chunks_enlarged: 933.
num_inconsistent_stats: 0.

CodeHeap 'non-profiled nmethods': size=119168Kb used=2521Kb max_used=2521Kb free=116646Kb
 bounds [0x000001eaa2d70000, 0x000001eaa2ff0000, 0x000001eaaa1d0000]
CodeHeap 'profiled nmethods': size=119104Kb used=9498Kb max_used=9498Kb free=109605Kb
 bounds [0x000001ea9b1d0000, 0x000001ea9bb20000, 0x000001eaa2620000]
CodeHeap 'non-nmethods': size=7488Kb used=3984Kb max_used=4063Kb free=3504Kb
 bounds [0x000001eaa2620000, 0x000001eaa2a20000, 0x000001eaa2d70000]
 total_blobs=5345 nmethods=4535 adapters=718
 compilation: enabled
              stopped_count=0, restarted_count=0
 full_count=0

Compilation events (20 events):
Event: 6.806 Thread 0x000001eab2893900 4520       4       org.objectweb.asm.MethodWriter::visitEnd (1 bytes)
Event: 6.807 Thread 0x000001eab2a30020 4521       3       org.objectweb.asm.SymbolTable$Entry::<init> (17 bytes)
Event: 6.807 Thread 0x000001eab2893900 nmethod 4520 0x000001eaa2fe4590 code [0x000001eaa2fe4700, 0x000001eaa2fe4778]
Event: 6.807 Thread 0x000001eab2a30020 nmethod 4521 0x000001ea9bb0b790 code [0x000001ea9bb0b940, 0x000001ea9bb0bac8]
Event: 6.807 Thread 0x000001eab2a30530 4522       3       org.gradle.internal.instantiation.generator.AsmBackedClassGenerator$ClassBuilderImpl$$Lambda$143/0x0000000100289000::transform (8 bytes)
Event: 6.807 Thread 0x000001eab2a30020 4523       3       com.google.common.collect.AbstractMapBasedMultimap$WrappedCollection$WrappedIterator::hasNext (14 bytes)
Event: 6.807 Thread 0x000001eab2a30530 nmethod 4522 0x000001ea9bb0bb90 code [0x000001ea9bb0bd40, 0x000001ea9bb0bf68]
Event: 6.808 Thread 0x000001eab2a30020 nmethod 4523 0x000001ea9bb0c010 code [0x000001ea9bb0c1e0, 0x000001ea9bb0c608]
Event: 6.812 Thread 0x000001eab8143d70 4524       3       jdk.internal.org.objectweb.asm.SymbolTable::addMergedType (164 bytes)
Event: 6.812 Thread 0x000001eab8143d70 nmethod 4524 0x000001ea9bb0c810 code [0x000001ea9bb0ca20, 0x000001ea9bb0d098]
Event: 6.814 Thread 0x000001eab2893900 4525       4       java.util.HashSet::iterator (13 bytes)
Event: 6.814 Thread 0x000001eab8143d70 4526       3       java.lang.Class::isLocalOrAnonymousClass (5 bytes)
Event: 6.814 Thread 0x000001eab28943a0 4527       3       java.lang.Class::hasEnclosingMethodInfo (17 bytes)
Event: 6.814 Thread 0x000001eab28943a0 nmethod 4527 0x000001ea9bb0d490 code [0x000001ea9bb0d640, 0x000001ea9bb0d818]
Event: 6.814 Thread 0x000001eab8143d70 nmethod 4526 0x000001ea9bb0d910 code [0x000001ea9bb0dac0, 0x000001ea9bb0dcd8]
Event: 6.822 Thread 0x000001eab2893900 nmethod 4525 0x000001eaa2fe4890 code [0x000001eaa2fe4a40, 0x000001eaa2fe5138]
Event: 6.822 Thread 0x000001eab2893900 4528       4       org.gradle.internal.service.DefaultServiceRegistry::unwrap (75 bytes)
Event: 6.823 Thread 0x000001eab2893900 nmethod 4528 0x000001eaa2fe5490 code [0x000001eaa2fe5620, 0x000001eaa2fe5738]
Event: 6.823 Thread 0x000001eab2893900 4529       4       java.lang.PublicMethods$MethodList::filter (104 bytes)
Event: 6.831 Thread 0x000001eab2893900 nmethod 4529 0x000001eaa2fe5890 code [0x000001eaa2fe5a40, 0x000001eaa2fe6218]

GC Heap History (20 events):
Event: 3.060 GC heap before
{Heap before GC invocations=2 (full 0):
 garbage-first heap   total 122880K, used 57389K [0x0000000080000000, 0x0000000100000000)
  region size 1024K, 47 young (48128K), 3 survivors (3072K)
 Metaspace       used 21268K, committed 21504K, reserved 1114112K
  class space    used 2552K, committed 2688K, reserved 1048576K
}
Event: 3.071 GC heap after
{Heap after GC invocations=3 (full 0):
 garbage-first heap   total 122880K, used 18600K [0x0000000080000000, 0x0000000100000000)
  region size 1024K, 8 young (8192K), 8 survivors (8192K)
 Metaspace       used 21268K, committed 21504K, reserved 1114112K
  class space    used 2552K, committed 2688K, reserved 1048576K
}
Event: 3.852 GC heap before
{Heap before GC invocations=4 (full 0):
 garbage-first heap   total 68608K, used 51368K [0x0000000080000000, 0x0000000100000000)
  region size 1024K, 40 young (40960K), 8 survivors (8192K)
 Metaspace       used 25963K, committed 26240K, reserved 1114112K
  class space    used 3370K, committed 3520K, reserved 1048576K
}
Event: 3.860 GC heap after
{Heap after GC invocations=5 (full 0):
 garbage-first heap   total 68608K, used 20475K [0x0000000080000000, 0x0000000100000000)
  region size 1024K, 3 young (3072K), 3 survivors (3072K)
 Metaspace       used 25963K, committed 26240K, reserved 1114112K
  class space    used 3370K, committed 3520K, reserved 1048576K
}
Event: 3.882 GC heap before
{Heap before GC invocations=5 (full 0):
 garbage-first heap   total 68608K, used 21499K [0x0000000080000000, 0x0000000100000000)
  region size 1024K, 4 young (4096K), 3 survivors (3072K)
 Metaspace       used 26062K, committed 26304K, reserved 1114112K
  class space    used 3395K, committed 3520K, reserved 1048576K
}
Event: 3.884 GC heap after
{Heap after GC invocations=6 (full 0):
 garbage-first heap   total 68608K, used 20679K [0x0000000080000000, 0x0000000100000000)
  region size 1024K, 1 young (1024K), 1 survivors (1024K)
 Metaspace       used 26062K, committed 26304K, reserved 1114112K
  class space    used 3395K, committed 3520K, reserved 1048576K
}
Event: 4.407 GC heap before
{Heap before GC invocations=6 (full 0):
 garbage-first heap   total 68608K, used 48327K [0x0000000080000000, 0x0000000100000000)
  region size 1024K, 28 young (28672K), 1 survivors (1024K)
 Metaspace       used 29894K, committed 30208K, reserved 1114112K
  class space    used 4008K, committed 4160K, reserved 1048576K
}
Event: 4.409 GC heap after
{Heap after GC invocations=7 (full 0):
 garbage-first heap   total 68608K, used 21809K [0x0000000080000000, 0x0000000100000000)
  region size 1024K, 2 young (2048K), 2 survivors (2048K)
 Metaspace       used 29894K, committed 30208K, reserved 1114112K
  class space    used 4008K, committed 4160K, reserved 1048576K
}
Event: 4.874 GC heap before
{Heap before GC invocations=7 (full 0):
 garbage-first heap   total 68608K, used 50481K [0x0000000080000000, 0x0000000100000000)
  region size 1024K, 30 young (30720K), 2 survivors (2048K)
 Metaspace       used 33677K, committed 33984K, reserved 1114112K
  class space    used 4622K, committed 4736K, reserved 1048576K
}
Event: 4.877 GC heap after
{Heap after GC invocations=8 (full 0):
 garbage-first heap   total 68608K, used 22999K [0x0000000080000000, 0x0000000100000000)
  region size 1024K, 3 young (3072K), 3 survivors (3072K)
 Metaspace       used 33677K, committed 33984K, reserved 1114112K
  class space    used 4622K, committed 4736K, reserved 1048576K
}
Event: 5.162 GC heap before
{Heap before GC invocations=8 (full 0):
 garbage-first heap   total 68608K, used 33239K [0x0000000080000000, 0x0000000100000000)
  region size 1024K, 14 young (14336K), 3 survivors (3072K)
 Metaspace       used 35650K, committed 35968K, reserved 1114112K
  class space    used 4922K, committed 5056K, reserved 1048576K
}
Event: 5.166 GC heap after
{Heap after GC invocations=9 (full 0):
 garbage-first heap   total 68608K, used 24033K [0x0000000080000000, 0x0000000100000000)
  region size 1024K, 3 young (3072K), 3 survivors (3072K)
 Metaspace       used 35650K, committed 35968K, reserved 1114112K
  class space    used 4922K, committed 5056K, reserved 1048576K
}
Event: 5.670 GC heap before
{Heap before GC invocations=10 (full 0):
 garbage-first heap   total 68608K, used 51681K [0x0000000080000000, 0x0000000100000000)
  region size 1024K, 31 young (31744K), 3 survivors (3072K)
 Metaspace       used 41295K, committed 41664K, reserved 1114112K
  class space    used 5475K, committed 5632K, reserved 1048576K
}
Event: 5.675 GC heap after
{Heap after GC invocations=11 (full 0):
 garbage-first heap   total 87040K, used 27482K [0x0000000080000000, 0x0000000100000000)
  region size 1024K, 4 young (4096K), 4 survivors (4096K)
 Metaspace       used 41295K, committed 41664K, reserved 1114112K
  class space    used 5475K, committed 5632K, reserved 1048576K
}
Event: 5.678 GC heap before
{Heap before GC invocations=11 (full 0):
 garbage-first heap   total 87040K, used 28506K [0x0000000080000000, 0x0000000100000000)
  region size 1024K, 5 young (5120K), 4 survivors (4096K)
 Metaspace       used 41295K, committed 41664K, reserved 1114112K
  class space    used 5475K, committed 5632K, reserved 1048576K
}
Event: 5.682 GC heap after
{Heap after GC invocations=12 (full 0):
 garbage-first heap   total 87040K, used 27788K [0x0000000080000000, 0x0000000100000000)
  region size 1024K, 1 young (1024K), 1 survivors (1024K)
 Metaspace       used 41295K, committed 41664K, reserved 1114112K
  class space    used 5475K, committed 5632K, reserved 1048576K
}
Event: 6.127 GC heap before
{Heap before GC invocations=12 (full 0):
 garbage-first heap   total 87040K, used 69772K [0x0000000080000000, 0x0000000100000000)
  region size 1024K, 38 young (38912K), 1 survivors (1024K)
 Metaspace       used 44156K, committed 44608K, reserved 1114112K
  class space    used 5805K, committed 6016K, reserved 1048576K
}
Event: 6.131 GC heap after
{Heap after GC invocations=13 (full 0):
 garbage-first heap   total 87040K, used 30406K [0x0000000080000000, 0x0000000100000000)
  region size 1024K, 4 young (4096K), 4 survivors (4096K)
 Metaspace       used 44156K, committed 44608K, reserved 1114112K
  class space    used 5805K, committed 6016K, reserved 1048576K
}
Event: 6.792 GC heap before
{Heap before GC invocations=13 (full 0):
 garbage-first heap   total 87040K, used 67270K [0x0000000080000000, 0x0000000100000000)
  region size 1024K, 39 young (39936K), 4 survivors (4096K)
 Metaspace       used 48524K, committed 48960K, reserved 1114112K
  class space    used 6431K, committed 6656K, reserved 1048576K
}
Event: 6.797 GC heap after
{Heap after GC invocations=14 (full 0):
 garbage-first heap   total 87040K, used 33037K [0x0000000080000000, 0x0000000100000000)
  region size 1024K, 3 young (3072K), 3 survivors (3072K)
 Metaspace       used 48524K, committed 48960K, reserved 1114112K
  class space    used 6431K, committed 6656K, reserved 1048576K
}

Dll operation events (3 events):
Event: 0.012 Loaded shared library C:\Users\user\Android Studio\jbr\bin\java.dll
Event: 0.127 Loaded shared library C:\Users\user\Android Studio\jbr\bin\zip.dll
Event: 0.753 Loaded shared library C:\Users\user\Android Studio\jbr\bin\verify.dll

Deoptimization events (20 events):
Event: 6.802 Thread 0x000001eab7931150 Uncommon trap: trap_request=0xffffff45 fr.pc=0x000001eaa2f4b400 relative=0x0000000000000720
Event: 6.802 Thread 0x000001eab7931150 Uncommon trap: reason=unstable_if action=reinterpret pc=0x000001eaa2f4b400 method=java.util.HashMap.putVal(ILjava/lang/Object;Ljava/lang/Object;ZZ)Ljava/lang/Object; @ 109 c2
Event: 6.802 Thread 0x000001eab7931150 DEOPT PACKING pc=0x000001eaa2f4b400 sp=0x0000004846ef8be0
Event: 6.802 Thread 0x000001eab7931150 DEOPT UNPACKING pc=0x000001eaa26769a3 sp=0x0000004846ef8af8 mode 2
Event: 6.803 Thread 0x000001eab7931150 Uncommon trap: trap_request=0xffffff45 fr.pc=0x000001eaa2d997b4 relative=0x0000000000000954
Event: 6.803 Thread 0x000001eab7931150 Uncommon trap: reason=unstable_if action=reinterpret pc=0x000001eaa2d997b4 method=java.util.HashMap.resize()[Ljava/util/HashMap$Node; @ 203 c2
Event: 6.803 Thread 0x000001eab7931150 DEOPT PACKING pc=0x000001eaa2d997b4 sp=0x0000004846ef8a90
Event: 6.803 Thread 0x000001eab7931150 DEOPT UNPACKING pc=0x000001eaa26769a3 sp=0x0000004846ef8a30 mode 2
Event: 6.803 Thread 0x000001eab7931150 Uncommon trap: trap_request=0xffffff45 fr.pc=0x000001eaa2f1924c relative=0x000000000000022c
Event: 6.803 Thread 0x000001eab7931150 Uncommon trap: reason=unstable_if action=reinterpret pc=0x000001eaa2f1924c method=java.util.HashMap.getNode(Ljava/lang/Object;)Ljava/util/HashMap$Node; @ 85 c2
Event: 6.803 Thread 0x000001eab7931150 DEOPT PACKING pc=0x000001eaa2f1924c sp=0x0000004846ef8b90
Event: 6.803 Thread 0x000001eab7931150 DEOPT UNPACKING pc=0x000001eaa26769a3 sp=0x0000004846ef8b10 mode 2
Event: 6.803 Thread 0x000001eab7931150 Uncommon trap: trap_request=0xffffff45 fr.pc=0x000001eaa2f2a378 relative=0x0000000000000698
Event: 6.803 Thread 0x000001eab7931150 Uncommon trap: reason=unstable_if action=reinterpret pc=0x000001eaa2f2a378 method=java.util.HashMap.putVal(ILjava/lang/Object;Ljava/lang/Object;ZZ)Ljava/lang/Object; @ 109 c2
Event: 6.803 Thread 0x000001eab7931150 DEOPT PACKING pc=0x000001eaa2f2a378 sp=0x0000004846ef8b30
Event: 6.803 Thread 0x000001eab7931150 DEOPT UNPACKING pc=0x000001eaa26769a3 sp=0x0000004846ef8ae8 mode 2
Event: 6.827 Thread 0x000001eab7931150 Uncommon trap: trap_request=0xffffffde fr.pc=0x000001eaa2e8f298 relative=0x0000000000000078
Event: 6.827 Thread 0x000001eab7931150 Uncommon trap: reason=class_check action=maybe_recompile pc=0x000001eaa2e8f298 method=java.util.Collections$SetFromMap.remove(Ljava/lang/Object;)Z @ 5 c2
Event: 6.827 Thread 0x000001eab7931150 DEOPT PACKING pc=0x000001eaa2e8f298 sp=0x0000004846efb640
Event: 6.827 Thread 0x000001eab7931150 DEOPT UNPACKING pc=0x000001eaa26769a3 sp=0x0000004846efb5d8 mode 2

Classes unloaded (0 events):
No events

Classes redefined (0 events):
No events

Internal exceptions (20 events):
Event: 6.041 Thread 0x000001eab7931150 Exception <a 'java/lang/NoSuchMethodError'{0x0000000083a4c288}: 'java.lang.Object java.lang.invoke.DelegatingMethodHandle$Holder.reinvoke_L(java.lang.Object, java.lang.Object, java.lang.Object, java.lang.Object, java.lang.Object, java.lang.Object, java.lang.Object, java.lang.Object, java.lang.Object, java.lang.Object, java.lang.Object, java.lang.Object, java.lang.Object, java.lang.Object, java.lang.Object, java.lang.Object, java.lang.Object, java.lang.Object, java.lang.Object, java.lang.Object, java.lang.O
Event: 6.041 Thread 0x000001eab7931150 Exception <a 'java/lang/NoSuchMethodError'{0x0000000083a577a0}: 'java.lang.Object java.lang.invoke.Invokers$Holder.invoker(java.lang.Object, java.lang.Object, java.lang.Object, java.lang.Object, java.lang.Object, java.lang.Object, java.lang.Object, java.lang.Object, java.lang.Object, java.lang.Object, java.lang.Object, java.lang.Object, java.lang.Object, java.lang.Object, java.lang.Object, java.lang.Object, java.lang.Object, java.lang.Object, java.lang.Object, java.lang.Object, java.lang.Object, java.lang.
Event: 6.041 Thread 0x000001eab7931150 Exception <a 'java/lang/NoSuchMethodError'{0x0000000083a5e3a8}: 'java.lang.Object java.lang.invoke.DelegatingMethodHandle$Holder.delegate(java.lang.Object, java.lang.Object, java.lang.Object, java.lang.Object, java.lang.Object, java.lang.Object, java.lang.Object, java.lang.Object, java.lang.Object, java.lang.Object, java.lang.Object, java.lang.Object, java.lang.Object, java.lang.Object, java.lang.Object, java.lang.Object, java.lang.Object, java.lang.Object, java.lang.Object, java.lang.Object, java.lang.Obj
Event: 6.048 Thread 0x000001eab7931150 Exception <a 'java/lang/NoSuchMethodError'{0x0000000083af76f8}: 'java.lang.Object java.lang.invoke.DirectMethodHandle$Holder.invokeStatic(java.lang.Object, java.lang.Object, java.lang.Object, java.lang.Object, java.lang.Object, java.lang.Object, java.lang.Object, java.lang.Object, java.lang.Object, java.lang.Object, java.lang.Object, java.lang.Object, java.lang.Object, java.lang.Object, java.lang.Object, java.lang.Object, java.lang.Object)'> (0x0000000083af76f8) 
thrown [s\src\hotspot\share\interpreter\lin
Event: 6.050 Thread 0x000001eab7931150 Exception <a 'java/lang/NoSuchMethodError'{0x0000000083920cd8}: 'java.lang.Object java.lang.invoke.DirectMethodHandle$Holder.invokeStatic(java.lang.Object, java.lang.Object, java.lang.Object, java.lang.Object, java.lang.Object, java.lang.Object, java.lang.Object, java.lang.Object, java.lang.Object, java.lang.Object, java.lang.Object, java.lang.Object, java.lang.Object, java.lang.Object, java.lang.Object, java.lang.Object, java.lang.Object, java.lang.Object)'> (0x0000000083920cd8) 
thrown [s\src\hotspot\sha
Event: 6.053 Thread 0x000001eab7931150 Exception <a 'java/lang/NoSuchMethodError'{0x000000008394af10}: 'java.lang.Object java.lang.invoke.DirectMethodHandle$Holder.invokeStatic(java.lang.Object, java.lang.Object, java.lang.Object, java.lang.Object, java.lang.Object, java.lang.Object, java.lang.Object, java.lang.Object, java.lang.Object, java.lang.Object, java.lang.Object, java.lang.Object, java.lang.Object, java.lang.Object, java.lang.Object, java.lang.Object, java.lang.Object, java.lang.Object, java.lang.Object)'> (0x000000008394af10) 
thrown 
Event: 6.055 Thread 0x000001eab7931150 Exception <a 'java/lang/NoSuchMethodError'{0x0000000083975f50}: 'java.lang.Object java.lang.invoke.DirectMethodHandle$Holder.invokeStatic(java.lang.Object, java.lang.Object, java.lang.Object, java.lang.Object, java.lang.Object, java.lang.Object, java.lang.Object, java.lang.Object, java.lang.Object, java.lang.Object, java.lang.Object, java.lang.Object, java.lang.Object, java.lang.Object, java.lang.Object, java.lang.Object, java.lang.Object, java.lang.Object, java.lang.Object, java.lang.Object)'> (0x00000000
Event: 6.057 Thread 0x000001eab7931150 Exception <a 'java/lang/NoSuchMethodError'{0x00000000839a22d8}: 'java.lang.Object java.lang.invoke.DirectMethodHandle$Holder.invokeStatic(java.lang.Object, java.lang.Object, java.lang.Object, java.lang.Object, java.lang.Object, java.lang.Object, java.lang.Object, java.lang.Object, java.lang.Object, java.lang.Object, java.lang.Object, java.lang.Object, java.lang.Object, java.lang.Object, java.lang.Object, java.lang.Object, java.lang.Object, java.lang.Object, java.lang.Object, java.lang.Object, java.lang.Obj
Event: 6.058 Thread 0x000001eab7931150 Exception <a 'java/lang/NoSuchMethodError'{0x00000000839cedb8}: 'java.lang.Object java.lang.invoke.DirectMethodHandle$Holder.invokeStatic(java.lang.Object, java.lang.Object, java.lang.Object, java.lang.Object, java.lang.Object, java.lang.Object, java.lang.Object, java.lang.Object, java.lang.Object, java.lang.Object, java.lang.Object, java.lang.Object, java.lang.Object, java.lang.Object, java.lang.Object, java.lang.Object, java.lang.Object, java.lang.Object, java.lang.Object, java.lang.Object, java.lang.Obj
Event: 6.060 Thread 0x000001eab7931150 Exception <a 'java/lang/NoSuchMethodError'{0x00000000839fc9f0}: 'java.lang.Object java.lang.invoke.DirectMethodHandle$Holder.invokeStatic(java.lang.Object, java.lang.Object, java.lang.Object, java.lang.Object, java.lang.Object, java.lang.Object, java.lang.Object, java.lang.Object, java.lang.Object, java.lang.Object, java.lang.Object, java.lang.Object, java.lang.Object, java.lang.Object, java.lang.Object, java.lang.Object, java.lang.Object, java.lang.Object, java.lang.Object, java.lang.Object, java.lang.Obj
Event: 6.062 Thread 0x000001eab7931150 Exception <a 'java/lang/NoSuchMethodError'{0x000000008382c740}: 'java.lang.Object java.lang.invoke.DirectMethodHandle$Holder.invokeStatic(java.lang.Object, java.lang.Object, java.lang.Object, java.lang.Object, java.lang.Object, java.lang.Object, java.lang.Object, java.lang.Object, java.lang.Object, java.lang.Object, java.lang.Object, java.lang.Object, java.lang.Object, java.lang.Object, java.lang.Object, java.lang.Object, java.lang.Object, java.lang.Object, java.lang.Object, java.lang.Object, java.lang.Obj
Event: 6.063 Thread 0x000001eab7931150 Exception <a 'java/lang/NoSuchMethodError'{0x000000008385dac0}: 'java.lang.Object java.lang.invoke.DirectMethodHandle$Holder.invokeStatic(java.lang.Object, java.lang.Object, java.lang.Object, java.lang.Object, java.lang.Object, java.lang.Object, java.lang.Object, java.lang.Object, java.lang.Object, java.lang.Object, java.lang.Object, java.lang.Object, java.lang.Object, java.lang.Object, java.lang.Object, java.lang.Object, java.lang.Object, java.lang.Object, java.lang.Object, java.lang.Object, java.lang.Obj
Event: 6.203 Thread 0x000001eab7931150 Exception <a 'java/lang/IncompatibleClassChangeError'{0x0000000084f08648}: Found class java.lang.Object, but interface was expected> (0x0000000084f08648) 
thrown [s\src\hotspot\share\interpreter\linkResolver.cpp, line 838]
Event: 6.292 Thread 0x000001eab7931150 Exception <a 'java/lang/IncompatibleClassChangeError'{0x0000000084c5d478}: Found class java.lang.Object, but interface was expected> (0x0000000084c5d478) 
thrown [s\src\hotspot\share\interpreter\linkResolver.cpp, line 838]
Event: 6.296 Thread 0x000001eab7931150 Exception <a 'java/lang/NoSuchMethodError'{0x0000000084ce7938}: 'void java.lang.invoke.DirectMethodHandle$Holder.invokeStatic(java.lang.Object, java.lang.Object, java.lang.Object, java.lang.Object, java.lang.Object, java.lang.Object)'> (0x0000000084ce7938) 
thrown [s\src\hotspot\share\interpreter\linkResolver.cpp, line 771]
Event: 6.305 Thread 0x000001eab7931150 Exception <a 'java/lang/NoSuchMethodError'{0x0000000084bfa138}: 'int java.lang.invoke.DirectMethodHandle$Holder.invokeStaticInit(java.lang.Object, java.lang.Object, java.lang.Object, java.lang.Object, java.lang.Object)'> (0x0000000084bfa138) 
thrown [s\src\hotspot\share\interpreter\linkResolver.cpp, line 771]
Event: 6.410 Thread 0x000001eab7931150 Implicit null exception at 0x000001eaa2f0b46c to 0x000001eaa2f0b510
Event: 6.524 Thread 0x000001eab7931150 Exception <a 'java/lang/NoSuchMethodError'{0x0000000083d564e0}: 'void java.lang.invoke.DirectMethodHandle$Holder.invokeInterface(java.lang.Object, java.lang.Object)'> (0x0000000083d564e0) 
thrown [s\src\hotspot\share\interpreter\linkResolver.cpp, line 771]
Event: 6.525 Thread 0x000001eab7931150 Exception <a 'java/lang/IncompatibleClassChangeError'{0x0000000083d61750}: Found class java.lang.Object, but interface was expected> (0x0000000083d61750) 
thrown [s\src\hotspot\share\interpreter\linkResolver.cpp, line 838]
Event: 6.559 Thread 0x000001eab7931150 Exception <a 'java/lang/NoSuchMethodError'{0x0000000083b20fa8}: 'java.lang.Object java.lang.invoke.DirectMethodHandle$Holder.newInvokeSpecial(java.lang.Object, int, java.lang.Object)'> (0x0000000083b20fa8) 
thrown [s\src\hotspot\share\interpreter\linkResolver.cpp, line 771]

VM Operations (20 events):
Event: 5.650 Executing VM operation: HandshakeAllThreads
Event: 5.650 Executing VM operation: HandshakeAllThreads done
Event: 5.669 Executing VM operation: G1CollectForAllocation
Event: 5.675 Executing VM operation: G1CollectForAllocation done
Event: 5.678 Executing VM operation: G1CollectForAllocation
Event: 5.682 Executing VM operation: G1CollectForAllocation done
Event: 6.047 Executing VM operation: ICBufferFull
Event: 6.047 Executing VM operation: ICBufferFull done
Event: 6.127 Executing VM operation: G1CollectForAllocation
Event: 6.131 Executing VM operation: G1CollectForAllocation done
Event: 6.205 Executing VM operation: HandshakeAllThreads
Event: 6.205 Executing VM operation: HandshakeAllThreads done
Event: 6.375 Executing VM operation: HandshakeAllThreads
Event: 6.376 Executing VM operation: HandshakeAllThreads done
Event: 6.777 Executing VM operation: HandshakeAllThreads
Event: 6.777 Executing VM operation: HandshakeAllThreads done
Event: 6.792 Executing VM operation: G1CollectForAllocation
Event: 6.797 Executing VM operation: G1CollectForAllocation done
Event: 6.830 Executing VM operation: HandshakeAllThreads
Event: 6.830 Executing VM operation: HandshakeAllThreads done

Events (20 events):
Event: 6.464 loading class java/util/concurrent/atomic/AtomicReferenceFieldUpdater done
Event: 6.464 loading class java/util/concurrent/atomic/AtomicReferenceFieldUpdater$AtomicReferenceFieldUpdaterImpl
Event: 6.464 loading class java/util/concurrent/atomic/AtomicReferenceFieldUpdater$AtomicReferenceFieldUpdaterImpl done
Event: 6.464 loading class java/util/concurrent/atomic/AtomicReferenceFieldUpdater$AtomicReferenceFieldUpdaterImpl$1
Event: 6.464 loading class java/util/concurrent/atomic/AtomicReferenceFieldUpdater$AtomicReferenceFieldUpdaterImpl$1 done
Event: 6.625 Thread 0x000001eab8b971b0 Thread added: 0x000001eab8b971b0
Event: 6.626 Thread 0x000001eab8b99830 Thread added: 0x000001eab8b99830
Event: 6.638 loading class jdk/internal/math/FDBigInteger
Event: 6.639 loading class jdk/internal/math/FDBigInteger done
Event: 6.660 loading class java/util/zip/GZIPOutputStream
Event: 6.661 loading class java/util/zip/GZIPOutputStream done
Event: 6.661 loading class java/util/zip/GZIPInputStream
Event: 6.661 loading class java/util/zip/GZIPInputStream done
Event: 6.691 Thread 0x000001eab8b96340 Thread added: 0x000001eab8b96340
Event: 6.741 loading class java/nio/file/AtomicMoveNotSupportedException
Event: 6.741 loading class java/nio/file/AtomicMoveNotSupportedException done
Event: 6.776 loading class java/io/FileWriter
Event: 6.776 loading class java/io/FileWriter done
Event: 6.829 loading class java/util/ArrayList$ListItr
Event: 6.829 loading class java/util/ArrayList$ListItr done


Dynamic libraries:
0x00007ff69b080000 - 0x00007ff69b08a000 	C:\Users\user\Android Studio\jbr\bin\java.exe
0x00007ffc72af0000 - 0x00007ffc72d06000 	C:\Windows\SYSTEM32\ntdll.dll
0x00007ffc71fd0000 - 0x00007ffc72094000 	C:\Windows\System32\KERNEL32.DLL
0x00007ffc70250000 - 0x00007ffc705f6000 	C:\Windows\System32\KERNELBASE.dll
0x00007ffc6fef0000 - 0x00007ffc70001000 	C:\Windows\System32\ucrtbase.dll
0x00007ffc5b9a0000 - 0x00007ffc5b9bb000 	C:\Users\user\Android Studio\jbr\bin\VCRUNTIME140.dll
0x00007ffc650c0000 - 0x00007ffc650d7000 	C:\Users\user\Android Studio\jbr\bin\jli.dll
0x00007ffc72240000 - 0x00007ffc723ed000 	C:\Windows\System32\USER32.dll
0x00007ffc70220000 - 0x00007ffc70246000 	C:\Windows\System32\win32u.dll
0x00007ffc62410000 - 0x00007ffc626a3000 	C:\Windows\WinSxS\amd64_microsoft.windows.common-controls_6595b64144ccf1df_6.0.22621.3235_none_270f74e173860f98\COMCTL32.dll
0x00007ffc70e80000 - 0x00007ffc70ea9000 	C:\Windows\System32\GDI32.dll
0x00007ffc724a0000 - 0x00007ffc72547000 	C:\Windows\System32\msvcrt.dll
0x00007ffc706a0000 - 0x00007ffc707b8000 	C:\Windows\System32\gdi32full.dll
0x00007ffc70600000 - 0x00007ffc7069a000 	C:\Windows\System32\msvcp_win.dll
0x00007ffc72120000 - 0x00007ffc72151000 	C:\Windows\System32\IMM32.DLL
0x00007ffc5cb50000 - 0x00007ffc5cb5c000 	C:\Users\user\Android Studio\jbr\bin\vcruntime140_1.dll
0x00007ffc35980000 - 0x00007ffc35a0d000 	C:\Users\user\Android Studio\jbr\bin\msvcp140.dll
0x00007ffbf6310000 - 0x00007ffbf6f90000 	C:\Users\user\Android Studio\jbr\bin\server\jvm.dll
0x00007ffc70cc0000 - 0x00007ffc70d72000 	C:\Windows\System32\ADVAPI32.dll
0x00007ffc723f0000 - 0x00007ffc72498000 	C:\Windows\System32\sechost.dll
0x00007ffc70010000 - 0x00007ffc70038000 	C:\Windows\System32\bcrypt.dll
0x00007ffc72990000 - 0x00007ffc72aa5000 	C:\Windows\System32\RPCRT4.dll
0x00007ffc5f3a0000 - 0x00007ffc5f3d4000 	C:\Windows\SYSTEM32\WINMM.dll
0x00007ffc68700000 - 0x00007ffc68709000 	C:\Windows\SYSTEM32\WSOCK32.dll
0x00007ffc6a3a0000 - 0x00007ffc6a3aa000 	C:\Windows\SYSTEM32\VERSION.dll
0x00007ffc70840000 - 0x00007ffc708b1000 	C:\Windows\System32\WS2_32.dll
0x00007ffc6ee70000 - 0x00007ffc6ee88000 	C:\Windows\SYSTEM32\kernel.appcore.dll
0x00007ffc6b370000 - 0x00007ffc6b37a000 	C:\Users\user\Android Studio\jbr\bin\jimage.dll
0x00007ffc6d540000 - 0x00007ffc6d773000 	C:\Windows\SYSTEM32\DBGHELP.DLL
0x00007ffc70920000 - 0x00007ffc70ca8000 	C:\Windows\System32\combase.dll
0x00007ffc72160000 - 0x00007ffc72237000 	C:\Windows\System32\OLEAUT32.dll
0x00007ffc673c0000 - 0x00007ffc673f2000 	C:\Windows\SYSTEM32\dbgcore.DLL
0x00007ffc707c0000 - 0x00007ffc7083a000 	C:\Windows\System32\bcryptPrimitives.dll
0x00007ffc67fc0000 - 0x00007ffc67fce000 	C:\Users\user\Android Studio\jbr\bin\instrument.dll
0x00007ffc68c50000 - 0x00007ffc68c75000 	C:\Users\user\Android Studio\jbr\bin\java.dll
0x00007ffc68c00000 - 0x00007ffc68c18000 	C:\Users\user\Android Studio\jbr\bin\zip.dll
0x00007ffc715d0000 - 0x00007ffc71e2d000 	C:\Windows\System32\SHELL32.dll
0x00007ffc6dd90000 - 0x00007ffc6e688000 	C:\Windows\SYSTEM32\windows.storage.dll
0x00007ffc6dc50000 - 0x00007ffc6dd8e000 	C:\Windows\SYSTEM32\wintypes.dll
0x00007ffc71400000 - 0x00007ffc714f3000 	C:\Windows\System32\SHCORE.dll
0x00007ffc70eb0000 - 0x00007ffc70f0e000 	C:\Windows\System32\shlwapi.dll
0x00007ffc6fd60000 - 0x00007ffc6fd86000 	C:\Windows\SYSTEM32\profapi.dll
0x00007ffc68230000 - 0x00007ffc68249000 	C:\Users\user\Android Studio\jbr\bin\net.dll
0x00007ffc6ac00000 - 0x00007ffc6ad37000 	C:\Windows\SYSTEM32\WINHTTP.dll
0x00007ffc6f2f0000 - 0x00007ffc6f359000 	C:\Windows\system32\mswsock.dll
0x00007ffc67fd0000 - 0x00007ffc67fe6000 	C:\Users\user\Android Studio\jbr\bin\nio.dll
0x00007ffc69460000 - 0x00007ffc69470000 	C:\Users\user\Android Studio\jbr\bin\verify.dll
0x00007ffc464c0000 - 0x00007ffc464e7000 	C:\Users\user\.gradle\native\68d5fa5c4cc2d200863cafc0d521ce42e7d3e7ee720ec0a83991735586a16f82\windows-amd64\native-platform.dll
0x00007ffc193f0000 - 0x00007ffc19534000 	C:\Users\user\.gradle\native\e376f236ea51e6404a007f0833ffe2c6e607c4080706a723a18a27aeea778392\windows-amd64\native-platform-file-events.dll
0x00007ffc69370000 - 0x00007ffc69379000 	C:\Users\user\Android Studio\jbr\bin\management.dll
0x00007ffc68220000 - 0x00007ffc6822b000 	C:\Users\user\Android Studio\jbr\bin\management_ext.dll
0x00007ffc70910000 - 0x00007ffc70918000 	C:\Windows\System32\PSAPI.DLL
0x00007ffc6f540000 - 0x00007ffc6f55b000 	C:\Windows\SYSTEM32\CRYPTSP.dll
0x00007ffc6edd0000 - 0x00007ffc6ee05000 	C:\Windows\system32\rsaenh.dll
0x00007ffc6f3e0000 - 0x00007ffc6f40c000 	C:\Windows\SYSTEM32\USERENV.dll
0x00007ffc6fab0000 - 0x00007ffc6fabc000 	C:\Windows\SYSTEM32\CRYPTBASE.dll
0x00007ffc6e8f0000 - 0x00007ffc6e91d000 	C:\Windows\SYSTEM32\IPHLPAPI.DLL
0x00007ffc72960000 - 0x00007ffc72969000 	C:\Windows\System32\NSI.dll
0x00007ffc6ab30000 - 0x00007ffc6ab49000 	C:\Windows\SYSTEM32\dhcpcsvc6.DLL
0x00007ffc6ab10000 - 0x00007ffc6ab2f000 	C:\Windows\SYSTEM32\dhcpcsvc.DLL
0x00007ffc6e960000 - 0x00007ffc6ea59000 	C:\Windows\SYSTEM32\DNSAPI.dll
0x00007ffc68130000 - 0x00007ffc68138000 	C:\Windows\system32\wshunix.dll

dbghelp: loaded successfully - version: 4.0.5 - missing functions: none
symbol engine: initialized successfully - sym options: 0x614 - pdb path: .;C:\Users\user\Android Studio\jbr\bin;C:\Windows\SYSTEM32;C:\Windows\WinSxS\amd64_microsoft.windows.common-controls_6595b64144ccf1df_6.0.22621.3235_none_270f74e173860f98;C:\Users\user\Android Studio\jbr\bin\server;C:\Users\user\.gradle\native\68d5fa5c4cc2d200863cafc0d521ce42e7d3e7ee720ec0a83991735586a16f82\windows-amd64;C:\Users\user\.gradle\native\e376f236ea51e6404a007f0833ffe2c6e607c4080706a723a18a27aeea778392\windows-amd64

VM Arguments:
jvm_args: --add-opens=java.base/java.util=ALL-UNNAMED --add-opens=java.base/java.lang=ALL-UNNAMED --add-opens=java.base/java.lang.invoke=ALL-UNNAMED --add-opens=java.prefs/java.util.prefs=ALL-UNNAMED --add-opens=java.base/java.nio.charset=ALL-UNNAMED --add-opens=java.base/java.net=ALL-UNNAMED --add-opens=java.base/java.util.concurrent.atomic=ALL-UNNAMED -Xmx2048m -Dfile.encoding=UTF-8 -Duser.country=US -Duser.language=en -Duser.variant -javaagent:C:\Users\user\.gradle\wrapper\dists\gradle-8.2-bin\bbg7u40eoinfdyxsxr3z4i7ta\gradle-8.2\lib\agents\gradle-instrumentation-agent-8.2.jar 
java_command: org.gradle.launcher.daemon.bootstrap.GradleDaemon 8.2
java_class_path (initial): C:\Users\user\.gradle\wrapper\dists\gradle-8.2-bin\bbg7u40eoinfdyxsxr3z4i7ta\gradle-8.2\lib\gradle-launcher-8.2.jar
Launcher Type: SUN_STANDARD

[Global flags]
     intx CICompilerCount                          = 12                                        {product} {ergonomic}
     uint ConcGCThreads                            = 3                                         {product} {ergonomic}
     uint G1ConcRefinementThreads                  = 13                                        {product} {ergonomic}
   size_t G1HeapRegionSize                         = 1048576                                   {product} {ergonomic}
    uintx GCDrainStackTargetSize                   = 64                                        {product} {ergonomic}
   size_t InitialHeapSize                          = 125829120                                 {product} {ergonomic}
   size_t MarkStackSize                            = 4194304                                   {product} {ergonomic}
   size_t MaxHeapSize                              = 2147483648                                {product} {command line}
   size_t MaxNewSize                               = 1287651328                                {product} {ergonomic}
   size_t MinHeapDeltaBytes                        = 1048576                                   {product} {ergonomic}
   size_t MinHeapSize                              = 8388608                                   {product} {ergonomic}
    uintx NonNMethodCodeHeapSize                   = 7602480                                {pd product} {ergonomic}
    uintx NonProfiledCodeHeapSize                  = 122027880                              {pd product} {ergonomic}
    uintx ProfiledCodeHeapSize                     = 122027880                              {pd product} {ergonomic}
    uintx ReservedCodeCacheSize                    = 251658240                              {pd product} {ergonomic}
     bool SegmentedCodeCache                       = true                                      {product} {ergonomic}
   size_t SoftMaxHeapSize                          = 2147483648                             {manageable} {ergonomic}
     bool UseCompressedClassPointers               = true                           {product lp64_product} {ergonomic}
     bool UseCompressedOops                        = true                           {product lp64_product} {ergonomic}
     bool UseG1GC                                  = true                                      {product} {ergonomic}
     bool UseLargePagesIndividualAllocation        = false                                  {pd product} {ergonomic}

Logging:
Log output configuration:
 #0: stdout all=warning uptime,level,tags
 #1: stderr all=off uptime,level,tags

Environment Variables:
PATH=C:\Python312\Scripts\;C:\Python312\;C:\Program Files\Common Files\Oracle\Java\javapath;C:\Windows\system32;C:\Windows;C:\Windows\System32\Wbem;C:\Windows\System32\WindowsPowerShell\v1.0\;C:\Windows\System32\OpenSSH\;D:\Apps\CodeBlocks\MinGW\bin;C:\Program Files\Git\cmd;C:\ProgramData\chocolatey\bin;C:\Program Files\nodejs\;C:\Users\user\AppData\Local\Microsoft\WindowsApps;D:\Apps\IntelliJ IDEA Community Edition 2023.2\bin;;D:\Apps\Microsoft VS Code\bin;D:\Apps\CodeBlocks\MinGW\bin;C:\Users\user\AppData\Local\GitHubDesktop\bin;C:\Users\user\AppData\Roaming\npm;C:\Program Files\JetBrains\DataGrip 2023.3.4\bin;
USERNAME=user
OS=Windows_NT
PROCESSOR_IDENTIFIER=AMD64 Family 23 Model 96 Stepping 1, AuthenticAMD
TMP=C:\Users\user\AppData\Local\Temp
TEMP=C:\Users\user\AppData\Local\Temp


JNI global refs:
JNI global refs: 34, weak refs: 0

JNI global refs memory usage: 843, weak refs: 841

OOME stack traces (most recent first):
Classloader memory used:
Loader org.gradle.internal.classloader.VisitableURLClassLoader                         : 3071K
Loader bootstrap                                                                       : 2371K
Loader org.gradle.initialization.MixInLegacyTypesClassLoader                           : 587K
Loader jdk.internal.loader.ClassLoaders$PlatformClassLoader                            : 66211B
Loader jdk.internal.loader.ClassLoaders$AppClassLoader                                 : 28352B
Loader jdk.internal.reflect.DelegatingClassLoader                                      : 6893B
Loader org.gradle.internal.classloader.VisitableURLClassLoader$InstrumentingVisitableURLClassLoader: 2857B
Loader org.gradle.groovy.scripts.internal.DefaultScriptCompilationHandler$ScriptClassLoader: 1712B
Loader org.codehaus.groovy.runtime.callsite.CallSiteClassLoader                        : 356B

Classes loaded by more than one classloader:
Class org.gradle.internal.installation.GradleInstallation                             : loaded 2 times (x 73B)
Class org.gradle.internal.classpath.ClassPath                                         : loaded 2 times (x 68B)
Class org.gradle.api.internal.classpath.DefaultModuleRegistry                         : loaded 2 times (x 84B)
Class Settings_gradle$1$1                                                             : loaded 2 times (x 72B)
Class org.gradle.api.Action                                                           : loaded 2 times (x 68B)
Class org.gradle.api.internal.DefaultClassPathProvider                                : loaded 2 times (x 74B)
Class org.gradle.internal.installation.GradleInstallation$1                           : loaded 2 times (x 73B)
Class org.gradle.internal.classloader.FilteringClassLoader                            : loaded 2 times (x 102B)
Class org.gradle.internal.classpath.DefaultClassPath$ImmutableUniqueList$Builder      : loaded 2 times (x 73B)
Class org.gradle.internal.classloader.ClassLoaderVisitor                              : loaded 2 times (x 74B)
Class org.gradle.internal.service.DefaultServiceLocator                               : loaded 2 times (x 81B)
Class org.gradle.internal.service.UnknownServiceException                             : loaded 2 times (x 81B)
Class org.gradle.internal.classloader.DefaultClassLoaderFactory                       : loaded 2 times (x 80B)
Class org.gradle.internal.classloader.VisitableURLClassLoader$Spec                    : loaded 2 times (x 72B)
Class org.gradle.api.GradleException                                                  : loaded 2 times (x 80B)
Class org.gradle.api.internal.classpath.ModuleRegistry                                : loaded 2 times (x 68B)
Class org.gradle.api.internal.ClassPathProvider                                       : loaded 2 times (x 68B)
Class org.gradle.internal.classloader.ClasspathUtil$1                                 : loaded 2 times (x 74B)
Class org.gradle.internal.classloader.ClassLoaderFactory                              : loaded 2 times (x 68B)
Class org.gradle.api.internal.classpath.ManifestUtil                                  : loaded 2 times (x 69B)
Class org.gradle.api.specs.Spec                                                       : loaded 2 times (x 68B)
Class org.gradle.internal.IoActions                                                   : loaded 2 times (x 69B)
Class org.gradle.api.internal.classpath.EffectiveClassPath                            : loaded 2 times (x 88B)
Class org.gradle.internal.installation.CurrentGradleInstallation                      : loaded 2 times (x 71B)
Class org.gradle.internal.agents.InstrumentingClassLoader                             : loaded 2 times (x 68B)
Class org.gradle.internal.installation.CurrentGradleInstallationLocator               : loaded 2 times (x 69B)
Class org.gradle.api.internal.classpath.Module                                        : loaded 2 times (x 68B)
Class org.gradle.internal.service.CachingServiceLocator                               : loaded 2 times (x 80B)
Class org.gradle.internal.classpath.DefaultClassPath                                  : loaded 2 times (x 88B)
Class org.gradle.internal.classloader.SystemClassLoaderSpec                           : loaded 2 times (x 69B)
Class org.gradle.api.UncheckedIOException                                             : loaded 2 times (x 80B)
Class Program                                                                         : loaded 2 times (x 70B)
Class org.gradle.internal.classloader.ClasspathUtil                                   : loaded 2 times (x 69B)
Class org.gradle.api.internal.DefaultClassPathRegistry                                : loaded 2 times (x 74B)
Class org.gradle.api.internal.classpath.DefaultModuleRegistry$DefaultModule           : loaded 2 times (x 84B)
Class org.gradle.api.internal.classpath.UnknownModuleException                        : loaded 2 times (x 80B)
Class org.gradle.internal.service.ServiceLookupException                              : loaded 2 times (x 80B)
Class org.gradle.cache.GlobalCache                                                    : loaded 2 times (x 68B)
Class [Lorg.gradle.api.internal.ClassPathProvider;                                    : loaded 2 times (x 67B)
Class org.gradle.util.internal.GUtil                                                  : loaded 2 times (x 69B)
Class org.gradle.internal.classloader.ClassLoaderSpec                                 : loaded 2 times (x 69B)
Class org.gradle.internal.classloader.VisitableURLClassLoader                         : loaded 2 times (x 114B)
Class org.gradle.internal.Cast                                                        : loaded 2 times (x 69B)
Class org.gradle.api.internal.ClassPathRegistry                                       : loaded 2 times (x 68B)
Class org.gradle.internal.classloader.VisitableURLClassLoader$InstrumentingVisitableURLClassLoader: loaded 2 times (x 120B)
Class org.gradle.internal.classloader.ClassLoaderHierarchy                            : loaded 2 times (x 68B)
Class org.gradle.internal.InternalTransformer                                         : loaded 2 times (x 68B)
Class org.gradle.internal.service.ServiceLocator                                      : loaded 2 times (x 68B)
Class Settings_gradle$1                                                               : loaded 2 times (x 72B)
Class org.gradle.internal.classpath.DefaultClassPath$ImmutableUniqueList              : loaded 2 times (x 159B)
Class org.gradle.internal.classpath.TransformedClassPath                              : loaded 2 times (x 94B)
Class Settings_gradle                                                                 : loaded 2 times (x 126B)


---------------  S Y S T E M  ---------------

OS:
 Windows 11 , 64 bit Build 22621 (10.0.22621.3235)
OS uptime: 5 days 6:07 hours

CPU: total 16 (initial active 16) (16 cores per cpu, 2 threads per core) family 23 model 96 stepping 1 microcode 0x0, cx8, cmov, fxsr, ht, mmx, 3dnowpref, sse, sse2, sse3, ssse3, sse4a, sse4.1, sse4.2, popcnt, lzcnt, tsc, tscinvbit, avx, avx2, aes, clmul, bmi1, bmi2, adx, sha, fma, vzeroupper, clflush, clflushopt

Memory: 4k page, system-wide physical 7599M (278M free)
TotalPageFile size 31151M (AvailPageFile size 3M)
current process WorkingSet (physical memory assigned to process): 246M, peak: 248M
current process commit charge ("private bytes"): 294M, peak: 296M

vm_info: OpenJDK 64-Bit Server VM (17.0.7+0-b2043.56-10550314) for windows-amd64 JRE (17.0.7+0-b2043.56-10550314), built on Jul 24 2023 18:27:45 by "androidbuild" with MS VC++ 16.10 / 16.11 (VS2019)

END.
