#
# There is insufficient memory for the Java Runtime Environment to continue.
# Native memory allocation (mmap) failed to map 65536 bytes for Failed to commit metaspace.
# Possible reasons:
#   The system is out of physical RAM or swap space
#   The process is running with CompressedOops enabled, and the Java Heap may be blocking the growth of the native heap
# Possible solutions:
#   Reduce memory load on the system
#   Increase physical memory or swap space
#   Check if swap backing store is full
#   Decrease Java heap size (-Xmx/-Xms)
#   Decrease number of Java threads
#   Decrease Java thread stack sizes (-Xss)
#   Set larger code cache with -XX:ReservedCodeCacheSize=
#   JVM is running with Unscaled Compressed Oops mode in which the Java heap is
#     placed in the first 4GB address space. The Java Heap base address is the
#     maximum limit for the native heap growth. Please use -XX:HeapBaseMinAddress
#     to set the Java Heap base and to place the Java Heap above 4GB virtual address.
# This output file may be truncated or incomplete.
#
#  Out of Memory Error (virtualSpaceNode.cpp:110), pid=20036, tid=17848
#
# JRE version: OpenJDK Runtime Environment (17.0.7) (build 17.0.7+0-b2043.56-10550314)
# Java VM: OpenJDK 64-Bit Server VM (17.0.7+0-b2043.56-10550314, mixed mode, tiered, compressed oops, compressed class ptrs, g1 gc, windows-amd64)
# No core dump will be written. Minidumps are not enabled by default on client versions of Windows
#

---------------  S U M M A R Y ------------

Command Line: org.jetbrains.kotlin.cli.jvm.K2JVMCompiler @C:\Users\user\AndroidStudioProjects\CatsandDogs\app\build\20240319_7162995784267540062.compiler.options

Host: AMD Ryzen 7 4800H with Radeon Graphics         , 16 cores, 7G,  Windows 11 , 64 bit Build 22621 (10.0.22621.3235)
Time: Tue Mar 19 13:16:18 2024 Bangladesh Standard Time elapsed time: 0.159449 seconds (0d 0h 0m 0s)

---------------  T H R E A D  ---------------

Current thread (0x000001e6363ec8b0):  JavaThread "main" [_thread_in_vm, id=17848, stack(0x00000038a6600000,0x00000038a6700000)]

Stack: [0x00000038a6600000,0x00000038a6700000]
Native frames: (J=compiled Java code, j=interpreted, Vv=VM code, C=native code)
V  [jvm.dll+0x683bfa]
V  [jvm.dll+0x8430a4]
V  [jvm.dll+0x8449be]
V  [jvm.dll+0x845023]
V  [jvm.dll+0x24ad2f]
V  [jvm.dll+0x83e45b]
V  [jvm.dll+0x6281e6]
V  [jvm.dll+0x62824a]
V  [jvm.dll+0x62aa6a]
V  [jvm.dll+0x628b86]
V  [jvm.dll+0x632a57]
V  [jvm.dll+0x1eea7b]
V  [jvm.dll+0x1eefb5]
V  [jvm.dll+0x1ef8d4]
V  [jvm.dll+0x1e4e1c]
V  [jvm.dll+0x54a1dd]
V  [jvm.dll+0x1f573b]
V  [jvm.dll+0x7bcb6b]
V  [jvm.dll+0x7bdfb2]
V  [jvm.dll+0x7be2e8]
V  [jvm.dll+0x2429be]
V  [jvm.dll+0x242c0f]
V  [jvm.dll+0x568043]
V  [jvm.dll+0x56a554]
V  [jvm.dll+0x389c9b]
V  [jvm.dll+0x389752]
C  0x000001e642538995

Java frames: (J=compiled Java code, j=interpreted, Vv=VM code)
j  java.lang.invoke.DirectMethodHandle.makePreparedLambdaForm(Ljava/lang/invoke/MethodType;I)Ljava/lang/invoke/LambdaForm;+158 java.base@17.0.7
j  java.lang.invoke.DirectMethodHandle.preparedLambdaForm(Ljava/lang/invoke/MethodType;I)Ljava/lang/invoke/LambdaForm;+17 java.base@17.0.7
j  java.lang.invoke.DirectMethodHandle.preparedLambdaForm(Ljava/lang/invoke/MemberName;Z)Ljava/lang/invoke/LambdaForm;+159 java.base@17.0.7
j  java.lang.invoke.DirectMethodHandle.preparedLambdaForm(Ljava/lang/invoke/MemberName;)Ljava/lang/invoke/LambdaForm;+2 java.base@17.0.7
j  java.lang.invoke.DirectMethodHandle.make(BLjava/lang/Class;Ljava/lang/invoke/MemberName;Ljava/lang/Class;)Ljava/lang/invoke/DirectMethodHandle;+163 java.base@17.0.7
j  java.lang.invoke.MethodHandles$Lookup.getDirectMethodCommon(BLjava/lang/Class;Ljava/lang/invoke/MemberName;ZZLjava/lang/invoke/MethodHandles$Lookup;)Ljava/lang/invoke/MethodHandle;+210 java.base@17.0.7
j  java.lang.invoke.MethodHandles$Lookup.getDirectMethodNoSecurityManager(BLjava/lang/Class;Ljava/lang/invoke/MemberName;Ljava/lang/invoke/MethodHandles$Lookup;)Ljava/lang/invoke/MethodHandle;+14 java.base@17.0.7
j  java.lang.invoke.MethodHandles$Lookup.getDirectMethodForConstant(BLjava/lang/Class;Ljava/lang/invoke/MemberName;)Ljava/lang/invoke/MethodHandle;+31 java.base@17.0.7
j  java.lang.invoke.MethodHandles$Lookup.linkMethodHandleConstant(BLjava/lang/Class;Ljava/lang/String;Ljava/lang/Object;)Ljava/lang/invoke/MethodHandle;+153 java.base@17.0.7
j  java.lang.invoke.MethodHandleNatives.linkMethodHandleConstant(Ljava/lang/Class;ILjava/lang/Class;Ljava/lang/String;Ljava/lang/Object;)Ljava/lang/invoke/MethodHandle;+38 java.base@17.0.7
v  ~StubRoutines::call_stub
j  org.jetbrains.kotlin.com.intellij.openapi.diagnostic.Logger.<clinit>()V+11
v  ~StubRoutines::call_stub
j  org.jetbrains.kotlin.cli.jvm.compiler.IdeaStandaloneExecutionSetup.<clinit>()V+14
v  ~StubRoutines::call_stub
j  org.jetbrains.kotlin.cli.jvm.compiler.CompatKt.setupIdeaStandaloneExecution()V+0
j  org.jetbrains.kotlin.cli.common.CLITool$Companion.doMain(Lorg/jetbrains/kotlin/cli/common/CLITool;[Ljava/lang/String;)V+45
j  org.jetbrains.kotlin.cli.jvm.K2JVMCompiler$Companion.main([Ljava/lang/String;)V+20
j  org.jetbrains.kotlin.cli.jvm.K2JVMCompiler.main([Ljava/lang/String;)V+4
v  ~StubRoutines::call_stub

---------------  P R O C E S S  ---------------

Threads class SMR info:
_java_thread_list=0x000001e652a7c4d0, length=14, elements={
0x000001e6363ec8b0, 0x000001e6527ae140, 0x000001e65278b850, 0x000001e652920240,
0x000001e652920bf0, 0x000001e6529215a0, 0x000001e652923f60, 0x000001e652924c40,
0x000001e6529256e0, 0x000001e6529268e0, 0x000001e652a8f380, 0x000001e652abcb20,
0x000001e652ac7a90, 0x000001e652ac50b0
}

Java Threads: ( => current thread )
=>0x000001e6363ec8b0 JavaThread "main" [_thread_in_vm, id=17848, stack(0x00000038a6600000,0x00000038a6700000)]
  0x000001e6527ae140 JavaThread "Reference Handler" daemon [_thread_blocked, id=25652, stack(0x00000038a6d00000,0x00000038a6e00000)]
  0x000001e65278b850 JavaThread "Finalizer" daemon [_thread_blocked, id=12768, stack(0x00000038a6e00000,0x00000038a6f00000)]
  0x000001e652920240 JavaThread "Signal Dispatcher" daemon [_thread_blocked, id=5324, stack(0x00000038a6f00000,0x00000038a7000000)]
  0x000001e652920bf0 JavaThread "Attach Listener" daemon [_thread_blocked, id=6688, stack(0x00000038a7000000,0x00000038a7100000)]
  0x000001e6529215a0 JavaThread "Service Thread" daemon [_thread_blocked, id=11964, stack(0x00000038a7100000,0x00000038a7200000)]
  0x000001e652923f60 JavaThread "Monitor Deflation Thread" daemon [_thread_blocked, id=5224, stack(0x00000038a7200000,0x00000038a7300000)]
  0x000001e652924c40 JavaThread "C2 CompilerThread0" daemon [_thread_blocked, id=25812, stack(0x00000038a7300000,0x00000038a7400000)]
  0x000001e6529256e0 JavaThread "C1 CompilerThread0" daemon [_thread_blocked, id=22436, stack(0x00000038a7400000,0x00000038a7500000)]
  0x000001e6529268e0 JavaThread "Sweeper thread" daemon [_thread_blocked, id=19780, stack(0x00000038a7500000,0x00000038a7600000)]
  0x000001e652a8f380 JavaThread "C1 CompilerThread1" daemon [_thread_blocked, id=20736, stack(0x00000038a7600000,0x00000038a7700000)]
  0x000001e652abcb20 JavaThread "Notification Thread" daemon [_thread_blocked, id=28564, stack(0x00000038a7700000,0x00000038a7800000)]
  0x000001e652ac7a90 JavaThread "Common-Cleaner" daemon [_thread_blocked, id=13548, stack(0x00000038a7900000,0x00000038a7a00000)]
  0x000001e652ac50b0 JavaThread "C2 CompilerThread1" daemon [_thread_blocked, id=14820, stack(0x00000038a7a00000,0x00000038a7b00000)]

Other Threads:
  0x000001e652786260 VMThread "VM Thread" [stack: 0x00000038a6c00000,0x00000038a6d00000] [id=19228]
  0x000001e636484220 WatcherThread [stack: 0x00000038a7800000,0x00000038a7900000] [id=19756]
  0x000001e6364468b0 GCTaskThread "GC Thread#0" [stack: 0x00000038a6700000,0x00000038a6800000] [id=27724]
  0x000001e636456d80 ConcurrentGCThread "G1 Main Marker" [stack: 0x00000038a6800000,0x00000038a6900000] [id=7096]
  0x000001e636457790 ConcurrentGCThread "G1 Conc#0" [stack: 0x00000038a6900000,0x00000038a6a00000] [id=23516]
  0x000001e6525ed950 ConcurrentGCThread "G1 Refine#0" [stack: 0x00000038a6a00000,0x00000038a6b00000] [id=28652]
  0x000001e6525ee180 ConcurrentGCThread "G1 Service" [stack: 0x00000038a6b00000,0x00000038a6c00000] [id=4972]

Threads with active compile tasks:

VM state: not at safepoint (normal execution)

VM Mutex/Monitor currently owned by a thread:  ([mutex/lock_event])
[0x000001e6361cc610] Metaspace_lock - owner thread: 0x000001e6363ec8b0

Heap address: 0x0000000089400000, size: 1900 MB, Compressed Oops mode: 32-bit

CDS archive(s) not mapped
Compressed class space mapped at: 0x0000000100000000-0x0000000140000000, reserved size: 1073741824
Narrow klass base: 0x0000000000000000, Narrow klass shift: 3, Narrow klass range: 0x140000000

GC Precious Log:
 CPUs: 16 total, 16 available
 Memory: 7599M
 Large Page Support: Disabled
 NUMA Support: Disabled
 Compressed Oops: Enabled (32-bit)
 Heap Region Size: 1M
 Heap Min Capacity: 8M
 Heap Initial Capacity: 120M
 Heap Max Capacity: 1900M
 Pre-touch: Disabled
 Parallel Workers: 13
 Concurrent Workers: 3
 Concurrent Refinement Workers: 13
 Periodic GC: Disabled

Heap:
 garbage-first heap   total 122880K, used 7168K [0x0000000089400000, 0x0000000100000000)
  region size 1024K, 4 young (4096K), 0 survivors (0K)
 Metaspace       used 5721K, committed 5760K, reserved 1114112K
  class space    used 485K, committed 512K, reserved 1048576K

Heap Regions: E=young(eden), S=young(survivor), O=old, HS=humongous(starts), HC=humongous(continues), CS=collection set, F=free, OA=open archive, CA=closed archive, TAMS=top-at-mark-start (previous, next)
|   0|0x0000000089400000, 0x0000000089500000, 0x0000000089500000|100%|HS|  |TAMS 0x0000000089400000, 0x0000000089400000| Complete 
|   1|0x0000000089500000, 0x0000000089600000, 0x0000000089600000|100%|HC|  |TAMS 0x0000000089500000, 0x0000000089500000| Complete 
|   2|0x0000000089600000, 0x0000000089700000, 0x0000000089700000|100%|HC|  |TAMS 0x0000000089600000, 0x0000000089600000| Complete 
|   3|0x0000000089700000, 0x0000000089800000, 0x0000000089800000|100%|HC|  |TAMS 0x0000000089700000, 0x0000000089700000| Complete 
|   4|0x0000000089800000, 0x0000000089800000, 0x0000000089900000|  0%| F|  |TAMS 0x0000000089800000, 0x0000000089800000| Untracked 
|   5|0x0000000089900000, 0x0000000089900000, 0x0000000089a00000|  0%| F|  |TAMS 0x0000000089900000, 0x0000000089900000| Untracked 
|   6|0x0000000089a00000, 0x0000000089a00000, 0x0000000089b00000|  0%| F|  |TAMS 0x0000000089a00000, 0x0000000089a00000| Untracked 
|   7|0x0000000089b00000, 0x0000000089b00000, 0x0000000089c00000|  0%| F|  |TAMS 0x0000000089b00000, 0x0000000089b00000| Untracked 
|   8|0x0000000089c00000, 0x0000000089c00000, 0x0000000089d00000|  0%| F|  |TAMS 0x0000000089c00000, 0x0000000089c00000| Untracked 
|   9|0x0000000089d00000, 0x0000000089d00000, 0x0000000089e00000|  0%| F|  |TAMS 0x0000000089d00000, 0x0000000089d00000| Untracked 
|  10|0x0000000089e00000, 0x0000000089e00000, 0x0000000089f00000|  0%| F|  |TAMS 0x0000000089e00000, 0x0000000089e00000| Untracked 
|  11|0x0000000089f00000, 0x0000000089f00000, 0x000000008a000000|  0%| F|  |TAMS 0x0000000089f00000, 0x0000000089f00000| Untracked 
|  12|0x000000008a000000, 0x000000008a000000, 0x000000008a100000|  0%| F|  |TAMS 0x000000008a000000, 0x000000008a000000| Untracked 
|  13|0x000000008a100000, 0x000000008a100000, 0x000000008a200000|  0%| F|  |TAMS 0x000000008a100000, 0x000000008a100000| Untracked 
|  14|0x000000008a200000, 0x000000008a200000, 0x000000008a300000|  0%| F|  |TAMS 0x000000008a200000, 0x000000008a200000| Untracked 
|  15|0x000000008a300000, 0x000000008a300000, 0x000000008a400000|  0%| F|  |TAMS 0x000000008a300000, 0x000000008a300000| Untracked 
|  16|0x000000008a400000, 0x000000008a400000, 0x000000008a500000|  0%| F|  |TAMS 0x000000008a400000, 0x000000008a400000| Untracked 
|  17|0x000000008a500000, 0x000000008a500000, 0x000000008a600000|  0%| F|  |TAMS 0x000000008a500000, 0x000000008a500000| Untracked 
|  18|0x000000008a600000, 0x000000008a600000, 0x000000008a700000|  0%| F|  |TAMS 0x000000008a600000, 0x000000008a600000| Untracked 
|  19|0x000000008a700000, 0x000000008a700000, 0x000000008a800000|  0%| F|  |TAMS 0x000000008a700000, 0x000000008a700000| Untracked 
|  20|0x000000008a800000, 0x000000008a800000, 0x000000008a900000|  0%| F|  |TAMS 0x000000008a800000, 0x000000008a800000| Untracked 
|  21|0x000000008a900000, 0x000000008a900000, 0x000000008aa00000|  0%| F|  |TAMS 0x000000008a900000, 0x000000008a900000| Untracked 
|  22|0x000000008aa00000, 0x000000008aa00000, 0x000000008ab00000|  0%| F|  |TAMS 0x000000008aa00000, 0x000000008aa00000| Untracked 
|  23|0x000000008ab00000, 0x000000008ab00000, 0x000000008ac00000|  0%| F|  |TAMS 0x000000008ab00000, 0x000000008ab00000| Untracked 
|  24|0x000000008ac00000, 0x000000008ac00000, 0x000000008ad00000|  0%| F|  |TAMS 0x000000008ac00000, 0x000000008ac00000| Untracked 
|  25|0x000000008ad00000, 0x000000008ad00000, 0x000000008ae00000|  0%| F|  |TAMS 0x000000008ad00000, 0x000000008ad00000| Untracked 
|  26|0x000000008ae00000, 0x000000008ae00000, 0x000000008af00000|  0%| F|  |TAMS 0x000000008ae00000, 0x000000008ae00000| Untracked 
|  27|0x000000008af00000, 0x000000008af00000, 0x000000008b000000|  0%| F|  |TAMS 0x000000008af00000, 0x000000008af00000| Untracked 
|  28|0x000000008b000000, 0x000000008b000000, 0x000000008b100000|  0%| F|  |TAMS 0x000000008b000000, 0x000000008b000000| Untracked 
|  29|0x000000008b100000, 0x000000008b100000, 0x000000008b200000|  0%| F|  |TAMS 0x000000008b100000, 0x000000008b100000| Untracked 
|  30|0x000000008b200000, 0x000000008b200000, 0x000000008b300000|  0%| F|  |TAMS 0x000000008b200000, 0x000000008b200000| Untracked 
|  31|0x000000008b300000, 0x000000008b300000, 0x000000008b400000|  0%| F|  |TAMS 0x000000008b300000, 0x000000008b300000| Untracked 
|  32|0x000000008b400000, 0x000000008b400000, 0x000000008b500000|  0%| F|  |TAMS 0x000000008b400000, 0x000000008b400000| Untracked 
|  33|0x000000008b500000, 0x000000008b500000, 0x000000008b600000|  0%| F|  |TAMS 0x000000008b500000, 0x000000008b500000| Untracked 
|  34|0x000000008b600000, 0x000000008b600000, 0x000000008b700000|  0%| F|  |TAMS 0x000000008b600000, 0x000000008b600000| Untracked 
|  35|0x000000008b700000, 0x000000008b700000, 0x000000008b800000|  0%| F|  |TAMS 0x000000008b700000, 0x000000008b700000| Untracked 
|  36|0x000000008b800000, 0x000000008b800000, 0x000000008b900000|  0%| F|  |TAMS 0x000000008b800000, 0x000000008b800000| Untracked 
|  37|0x000000008b900000, 0x000000008b900000, 0x000000008ba00000|  0%| F|  |TAMS 0x000000008b900000, 0x000000008b900000| Untracked 
|  38|0x000000008ba00000, 0x000000008ba00000, 0x000000008bb00000|  0%| F|  |TAMS 0x000000008ba00000, 0x000000008ba00000| Untracked 
|  39|0x000000008bb00000, 0x000000008bb00000, 0x000000008bc00000|  0%| F|  |TAMS 0x000000008bb00000, 0x000000008bb00000| Untracked 
|  40|0x000000008bc00000, 0x000000008bc00000, 0x000000008bd00000|  0%| F|  |TAMS 0x000000008bc00000, 0x000000008bc00000| Untracked 
|  41|0x000000008bd00000, 0x000000008bd00000, 0x000000008be00000|  0%| F|  |TAMS 0x000000008bd00000, 0x000000008bd00000| Untracked 
|  42|0x000000008be00000, 0x000000008be00000, 0x000000008bf00000|  0%| F|  |TAMS 0x000000008be00000, 0x000000008be00000| Untracked 
|  43|0x000000008bf00000, 0x000000008bf00000, 0x000000008c000000|  0%| F|  |TAMS 0x000000008bf00000, 0x000000008bf00000| Untracked 
|  44|0x000000008c000000, 0x000000008c000000, 0x000000008c100000|  0%| F|  |TAMS 0x000000008c000000, 0x000000008c000000| Untracked 
|  45|0x000000008c100000, 0x000000008c100000, 0x000000008c200000|  0%| F|  |TAMS 0x000000008c100000, 0x000000008c100000| Untracked 
|  46|0x000000008c200000, 0x000000008c200000, 0x000000008c300000|  0%| F|  |TAMS 0x000000008c200000, 0x000000008c200000| Untracked 
|  47|0x000000008c300000, 0x000000008c300000, 0x000000008c400000|  0%| F|  |TAMS 0x000000008c300000, 0x000000008c300000| Untracked 
|  48|0x000000008c400000, 0x000000008c400000, 0x000000008c500000|  0%| F|  |TAMS 0x000000008c400000, 0x000000008c400000| Untracked 
|  49|0x000000008c500000, 0x000000008c500000, 0x000000008c600000|  0%| F|  |TAMS 0x000000008c500000, 0x000000008c500000| Untracked 
|  50|0x000000008c600000, 0x000000008c600000, 0x000000008c700000|  0%| F|  |TAMS 0x000000008c600000, 0x000000008c600000| Untracked 
|  51|0x000000008c700000, 0x000000008c700000, 0x000000008c800000|  0%| F|  |TAMS 0x000000008c700000, 0x000000008c700000| Untracked 
|  52|0x000000008c800000, 0x000000008c800000, 0x000000008c900000|  0%| F|  |TAMS 0x000000008c800000, 0x000000008c800000| Untracked 
|  53|0x000000008c900000, 0x000000008c900000, 0x000000008ca00000|  0%| F|  |TAMS 0x000000008c900000, 0x000000008c900000| Untracked 
|  54|0x000000008ca00000, 0x000000008ca00000, 0x000000008cb00000|  0%| F|  |TAMS 0x000000008ca00000, 0x000000008ca00000| Untracked 
|  55|0x000000008cb00000, 0x000000008cb00000, 0x000000008cc00000|  0%| F|  |TAMS 0x000000008cb00000, 0x000000008cb00000| Untracked 
|  56|0x000000008cc00000, 0x000000008cc00000, 0x000000008cd00000|  0%| F|  |TAMS 0x000000008cc00000, 0x000000008cc00000| Untracked 
|  57|0x000000008cd00000, 0x000000008cd00000, 0x000000008ce00000|  0%| F|  |TAMS 0x000000008cd00000, 0x000000008cd00000| Untracked 
|  58|0x000000008ce00000, 0x000000008ce00000, 0x000000008cf00000|  0%| F|  |TAMS 0x000000008ce00000, 0x000000008ce00000| Untracked 
|  59|0x000000008cf00000, 0x000000008cf00000, 0x000000008d000000|  0%| F|  |TAMS 0x000000008cf00000, 0x000000008cf00000| Untracked 
|  60|0x000000008d000000, 0x000000008d000000, 0x000000008d100000|  0%| F|  |TAMS 0x000000008d000000, 0x000000008d000000| Untracked 
|  61|0x000000008d100000, 0x000000008d100000, 0x000000008d200000|  0%| F|  |TAMS 0x000000008d100000, 0x000000008d100000| Untracked 
|  62|0x000000008d200000, 0x000000008d200000, 0x000000008d300000|  0%| F|  |TAMS 0x000000008d200000, 0x000000008d200000| Untracked 
|  63|0x000000008d300000, 0x000000008d300000, 0x000000008d400000|  0%| F|  |TAMS 0x000000008d300000, 0x000000008d300000| Untracked 
|  64|0x000000008d400000, 0x000000008d400000, 0x000000008d500000|  0%| F|  |TAMS 0x000000008d400000, 0x000000008d400000| Untracked 
|  65|0x000000008d500000, 0x000000008d500000, 0x000000008d600000|  0%| F|  |TAMS 0x000000008d500000, 0x000000008d500000| Untracked 
|  66|0x000000008d600000, 0x000000008d600000, 0x000000008d700000|  0%| F|  |TAMS 0x000000008d600000, 0x000000008d600000| Untracked 
|  67|0x000000008d700000, 0x000000008d700000, 0x000000008d800000|  0%| F|  |TAMS 0x000000008d700000, 0x000000008d700000| Untracked 
|  68|0x000000008d800000, 0x000000008d800000, 0x000000008d900000|  0%| F|  |TAMS 0x000000008d800000, 0x000000008d800000| Untracked 
|  69|0x000000008d900000, 0x000000008d900000, 0x000000008da00000|  0%| F|  |TAMS 0x000000008d900000, 0x000000008d900000| Untracked 
|  70|0x000000008da00000, 0x000000008da00000, 0x000000008db00000|  0%| F|  |TAMS 0x000000008da00000, 0x000000008da00000| Untracked 
|  71|0x000000008db00000, 0x000000008db00000, 0x000000008dc00000|  0%| F|  |TAMS 0x000000008db00000, 0x000000008db00000| Untracked 
|  72|0x000000008dc00000, 0x000000008dc00000, 0x000000008dd00000|  0%| F|  |TAMS 0x000000008dc00000, 0x000000008dc00000| Untracked 
|  73|0x000000008dd00000, 0x000000008dd00000, 0x000000008de00000|  0%| F|  |TAMS 0x000000008dd00000, 0x000000008dd00000| Untracked 
|  74|0x000000008de00000, 0x000000008de00000, 0x000000008df00000|  0%| F|  |TAMS 0x000000008de00000, 0x000000008de00000| Untracked 
|  75|0x000000008df00000, 0x000000008df00000, 0x000000008e000000|  0%| F|  |TAMS 0x000000008df00000, 0x000000008df00000| Untracked 
|  76|0x000000008e000000, 0x000000008e000000, 0x000000008e100000|  0%| F|  |TAMS 0x000000008e000000, 0x000000008e000000| Untracked 
|  77|0x000000008e100000, 0x000000008e100000, 0x000000008e200000|  0%| F|  |TAMS 0x000000008e100000, 0x000000008e100000| Untracked 
|  78|0x000000008e200000, 0x000000008e200000, 0x000000008e300000|  0%| F|  |TAMS 0x000000008e200000, 0x000000008e200000| Untracked 
|  79|0x000000008e300000, 0x000000008e300000, 0x000000008e400000|  0%| F|  |TAMS 0x000000008e300000, 0x000000008e300000| Untracked 
|  80|0x000000008e400000, 0x000000008e400000, 0x000000008e500000|  0%| F|  |TAMS 0x000000008e400000, 0x000000008e400000| Untracked 
|  81|0x000000008e500000, 0x000000008e500000, 0x000000008e600000|  0%| F|  |TAMS 0x000000008e500000, 0x000000008e500000| Untracked 
|  82|0x000000008e600000, 0x000000008e600000, 0x000000008e700000|  0%| F|  |TAMS 0x000000008e600000, 0x000000008e600000| Untracked 
|  83|0x000000008e700000, 0x000000008e700000, 0x000000008e800000|  0%| F|  |TAMS 0x000000008e700000, 0x000000008e700000| Untracked 
|  84|0x000000008e800000, 0x000000008e800000, 0x000000008e900000|  0%| F|  |TAMS 0x000000008e800000, 0x000000008e800000| Untracked 
|  85|0x000000008e900000, 0x000000008e900000, 0x000000008ea00000|  0%| F|  |TAMS 0x000000008e900000, 0x000000008e900000| Untracked 
|  86|0x000000008ea00000, 0x000000008ea00000, 0x000000008eb00000|  0%| F|  |TAMS 0x000000008ea00000, 0x000000008ea00000| Untracked 
|  87|0x000000008eb00000, 0x000000008eb00000, 0x000000008ec00000|  0%| F|  |TAMS 0x000000008eb00000, 0x000000008eb00000| Untracked 
|  88|0x000000008ec00000, 0x000000008ec00000, 0x000000008ed00000|  0%| F|  |TAMS 0x000000008ec00000, 0x000000008ec00000| Untracked 
|  89|0x000000008ed00000, 0x000000008ed00000, 0x000000008ee00000|  0%| F|  |TAMS 0x000000008ed00000, 0x000000008ed00000| Untracked 
|  90|0x000000008ee00000, 0x000000008ee00000, 0x000000008ef00000|  0%| F|  |TAMS 0x000000008ee00000, 0x000000008ee00000| Untracked 
|  91|0x000000008ef00000, 0x000000008ef00000, 0x000000008f000000|  0%| F|  |TAMS 0x000000008ef00000, 0x000000008ef00000| Untracked 
|  92|0x000000008f000000, 0x000000008f000000, 0x000000008f100000|  0%| F|  |TAMS 0x000000008f000000, 0x000000008f000000| Untracked 
|  93|0x000000008f100000, 0x000000008f100000, 0x000000008f200000|  0%| F|  |TAMS 0x000000008f100000, 0x000000008f100000| Untracked 
|  94|0x000000008f200000, 0x000000008f200000, 0x000000008f300000|  0%| F|  |TAMS 0x000000008f200000, 0x000000008f200000| Untracked 
|  95|0x000000008f300000, 0x000000008f300000, 0x000000008f400000|  0%| F|  |TAMS 0x000000008f300000, 0x000000008f300000| Untracked 
|  96|0x000000008f400000, 0x000000008f400000, 0x000000008f500000|  0%| F|  |TAMS 0x000000008f400000, 0x000000008f400000| Untracked 
|  97|0x000000008f500000, 0x000000008f500000, 0x000000008f600000|  0%| F|  |TAMS 0x000000008f500000, 0x000000008f500000| Untracked 
|  98|0x000000008f600000, 0x000000008f600000, 0x000000008f700000|  0%| F|  |TAMS 0x000000008f600000, 0x000000008f600000| Untracked 
|  99|0x000000008f700000, 0x000000008f700000, 0x000000008f800000|  0%| F|  |TAMS 0x000000008f700000, 0x000000008f700000| Untracked 
| 100|0x000000008f800000, 0x000000008f800000, 0x000000008f900000|  0%| F|  |TAMS 0x000000008f800000, 0x000000008f800000| Untracked 
| 101|0x000000008f900000, 0x000000008f900000, 0x000000008fa00000|  0%| F|  |TAMS 0x000000008f900000, 0x000000008f900000| Untracked 
| 102|0x000000008fa00000, 0x000000008fa00000, 0x000000008fb00000|  0%| F|  |TAMS 0x000000008fa00000, 0x000000008fa00000| Untracked 
| 103|0x000000008fb00000, 0x000000008fb00000, 0x000000008fc00000|  0%| F|  |TAMS 0x000000008fb00000, 0x000000008fb00000| Untracked 
| 104|0x000000008fc00000, 0x000000008fc00000, 0x000000008fd00000|  0%| F|  |TAMS 0x000000008fc00000, 0x000000008fc00000| Untracked 
| 105|0x000000008fd00000, 0x000000008fd00000, 0x000000008fe00000|  0%| F|  |TAMS 0x000000008fd00000, 0x000000008fd00000| Untracked 
| 106|0x000000008fe00000, 0x000000008fe00000, 0x000000008ff00000|  0%| F|  |TAMS 0x000000008fe00000, 0x000000008fe00000| Untracked 
| 107|0x000000008ff00000, 0x000000008ff00000, 0x0000000090000000|  0%| F|  |TAMS 0x000000008ff00000, 0x000000008ff00000| Untracked 
| 108|0x0000000090000000, 0x0000000090000000, 0x0000000090100000|  0%| F|  |TAMS 0x0000000090000000, 0x0000000090000000| Untracked 
| 109|0x0000000090100000, 0x0000000090100000, 0x0000000090200000|  0%| F|  |TAMS 0x0000000090100000, 0x0000000090100000| Untracked 
| 110|0x0000000090200000, 0x0000000090200000, 0x0000000090300000|  0%| F|  |TAMS 0x0000000090200000, 0x0000000090200000| Untracked 
| 111|0x0000000090300000, 0x0000000090300000, 0x0000000090400000|  0%| F|  |TAMS 0x0000000090300000, 0x0000000090300000| Untracked 
| 112|0x0000000090400000, 0x0000000090400000, 0x0000000090500000|  0%| F|  |TAMS 0x0000000090400000, 0x0000000090400000| Untracked 
| 113|0x0000000090500000, 0x0000000090500000, 0x0000000090600000|  0%| F|  |TAMS 0x0000000090500000, 0x0000000090500000| Untracked 
| 114|0x0000000090600000, 0x0000000090600000, 0x0000000090700000|  0%| F|  |TAMS 0x0000000090600000, 0x0000000090600000| Untracked 
| 115|0x0000000090700000, 0x0000000090700000, 0x0000000090800000|  0%| F|  |TAMS 0x0000000090700000, 0x0000000090700000| Untracked 
| 116|0x0000000090800000, 0x00000000908eeec8, 0x0000000090900000| 93%| E|  |TAMS 0x0000000090800000, 0x0000000090800000| Complete 
| 117|0x0000000090900000, 0x0000000090a00000, 0x0000000090a00000|100%| E|CS|TAMS 0x0000000090900000, 0x0000000090900000| Complete 
| 118|0x0000000090a00000, 0x0000000090b00000, 0x0000000090b00000|100%| E|CS|TAMS 0x0000000090a00000, 0x0000000090a00000| Complete 
| 119|0x0000000090b00000, 0x0000000090c00000, 0x0000000090c00000|100%| E|CS|TAMS 0x0000000090b00000, 0x0000000090b00000| Complete 

Card table byte_map: [0x000001e64b440000,0x000001e64b800000] _byte_map_base: 0x000001e64aff6000

Marking Bits (Prev, Next): (CMBitMap*) 0x000001e636446ec0, (CMBitMap*) 0x000001e636446f00
 Prev Bits: [0x000001e64bbc0000, 0x000001e64d970000)
 Next Bits: [0x000001e64d970000, 0x000001e64f720000)

Polling page: 0x000001e6364b0000

Metaspace:

Usage:
  Non-class:      5.11 MB used.
      Class:    485.51 KB used.
       Both:      5.59 MB used.

Virtual space:
  Non-class space:       64.00 MB reserved,       5.12 MB (  8%) committed,  1 nodes.
      Class space:        1.00 GB reserved,     512.00 KB ( <1%) committed,  1 nodes.
             Both:        1.06 GB reserved,       5.62 MB ( <1%) committed. 

Chunk freelists:
   Non-Class:  10.62 MB
       Class:  15.52 MB
        Both:  26.14 MB

MaxMetaspaceSize: unlimited
CompressedClassSpaceSize: 1.00 GB
Initial GC threshold: 21.00 MB
Current GC threshold: 21.00 MB
CDS: off
MetaspaceReclaimPolicy: balanced
 - commit_granule_bytes: 65536.
 - commit_granule_words: 8192.
 - virtual_space_node_default_size: 8388608.
 - enlarge_chunks_in_place: 1.
 - new_chunks_are_fully_committed: 0.
 - uncommit_free_chunks: 1.
 - use_allocation_guard: 0.
 - handle_deallocations: 1.


Internal statistics:

num_allocs_failed_limit: 0.
num_arena_births: 4.
num_arena_deaths: 0.
num_vsnodes_births: 2.
num_vsnodes_deaths: 0.
num_space_committed: 90.
num_space_uncommitted: 0.
num_chunks_returned_to_freelist: 0.
num_chunks_taken_from_freelist: 26.
num_chunk_merges: 0.
num_chunk_splits: 18.
num_chunks_enlarged: 15.
num_inconsistent_stats: 0.

CodeHeap 'non-profiled nmethods': size=119168Kb used=38Kb max_used=38Kb free=119129Kb
 bounds [0x000001e642c70000, 0x000001e642ee0000, 0x000001e64a0d0000]
CodeHeap 'profiled nmethods': size=119104Kb used=234Kb max_used=234Kb free=118869Kb
 bounds [0x000001e63b0d0000, 0x000001e63b340000, 0x000001e642520000]
CodeHeap 'non-nmethods': size=7488Kb used=1637Kb max_used=1639Kb free=5850Kb
 bounds [0x000001e642520000, 0x000001e642790000, 0x000001e642c70000]
 total_blobs=515 nmethods=173 adapters=254
 compilation: enabled
              stopped_count=0, restarted_count=0
 full_count=0

Compilation events (20 events):
Event: 0.145 Thread 0x000001e652a8f380  164       3       java.util.zip.ZipFile$Source::getEntryHash (7 bytes)
Event: 0.145 Thread 0x000001e652924c40  165       4       java.lang.String::length (11 bytes)
Event: 0.145 Thread 0x000001e652a8f380 nmethod 164 0x000001e63b106c90 code [0x000001e63b106e20, 0x000001e63b106f58]
Event: 0.145 Thread 0x000001e6529256e0  166       3       java.lang.AbstractStringBuilder::newCapacity (59 bytes)
Event: 0.145 Thread 0x000001e652a8f380  167       3       java.lang.String::startsWith (138 bytes)
Event: 0.145 Thread 0x000001e6529256e0 nmethod 166 0x000001e63b107010 code [0x000001e63b1071e0, 0x000001e63b1075d8]
Event: 0.145 Thread 0x000001e6529256e0  168       3       jdk.internal.misc.Unsafe::allocateUninitializedArray0 (90 bytes)
Event: 0.146 Thread 0x000001e652a8f380 nmethod 167 0x000001e63b107790 code [0x000001e63b1079a0, 0x000001e63b108238]
Event: 0.146 Thread 0x000001e6529256e0 nmethod 168 0x000001e63b108510 code [0x000001e63b108740, 0x000001e63b109178]
Event: 0.146 Thread 0x000001e652924c40 nmethod 165 0x000001e642c79190 code [0x000001e642c79300, 0x000001e642c79398]
Event: 0.146 Thread 0x000001e652924c40  169       4       java.lang.StringLatin1::equals (36 bytes)
Event: 0.147 Thread 0x000001e6529256e0  170       3       java.util.zip.Inflater::ensureOpen (47 bytes)
Event: 0.147 Thread 0x000001e652a8f380  171       3       java.lang.String::startsWith (7 bytes)
Event: 0.147 Thread 0x000001e652a8f380 nmethod 171 0x000001e63b109310 code [0x000001e63b1094a0, 0x000001e63b1095e8]
Event: 0.147 Thread 0x000001e6529256e0 nmethod 170 0x000001e63b109690 code [0x000001e63b109840, 0x000001e63b109aa8]
Event: 0.147 Thread 0x000001e6529256e0  172       1       java.net.URL::getFile (5 bytes)
Event: 0.147 Thread 0x000001e6529256e0 nmethod 172 0x000001e642c79490 code [0x000001e642c79620, 0x000001e642c796f8]
Event: 0.147 Thread 0x000001e652a8f380  173       3       java.lang.ClassLoader::checkName (37 bytes)
Event: 0.148 Thread 0x000001e652a8f380 nmethod 173 0x000001e63b109b90 code [0x000001e63b109de0, 0x000001e63b10a7b8]
Event: 0.149 Thread 0x000001e652924c40 nmethod 169 0x000001e642c79790 code [0x000001e642c79900, 0x000001e642c79ab8]

GC Heap History (0 events):
No events

Dll operation events (1 events):
Event: 0.006 Loaded shared library C:\Users\user\Android Studio\jbr\bin\java.dll

Deoptimization events (20 events):
Event: 0.094 Thread 0x000001e6363ec8b0 DEOPT PACKING pc=0x000001e63b0e970c sp=0x00000038a66fdde0
Event: 0.094 Thread 0x000001e6363ec8b0 DEOPT UNPACKING pc=0x000001e642577143 sp=0x00000038a66fd270 mode 0
Event: 0.094 Thread 0x000001e6363ec8b0 DEOPT PACKING pc=0x000001e63b0e970c sp=0x00000038a66fdde0
Event: 0.094 Thread 0x000001e6363ec8b0 DEOPT UNPACKING pc=0x000001e642577143 sp=0x00000038a66fd270 mode 0
Event: 0.094 Thread 0x000001e6363ec8b0 DEOPT PACKING pc=0x000001e63b0e970c sp=0x00000038a66fdde0
Event: 0.094 Thread 0x000001e6363ec8b0 DEOPT UNPACKING pc=0x000001e642577143 sp=0x00000038a66fd270 mode 0
Event: 0.094 Thread 0x000001e6363ec8b0 DEOPT PACKING pc=0x000001e63b0e970c sp=0x00000038a66fdde0
Event: 0.094 Thread 0x000001e6363ec8b0 DEOPT UNPACKING pc=0x000001e642577143 sp=0x00000038a66fd270 mode 0
Event: 0.094 Thread 0x000001e6363ec8b0 DEOPT PACKING pc=0x000001e63b0e970c sp=0x00000038a66fdde0
Event: 0.094 Thread 0x000001e6363ec8b0 DEOPT UNPACKING pc=0x000001e642577143 sp=0x00000038a66fd270 mode 0
Event: 0.094 Thread 0x000001e6363ec8b0 DEOPT PACKING pc=0x000001e63b0e970c sp=0x00000038a66fdde0
Event: 0.094 Thread 0x000001e6363ec8b0 DEOPT UNPACKING pc=0x000001e642577143 sp=0x00000038a66fd270 mode 0
Event: 0.094 Thread 0x000001e6363ec8b0 DEOPT PACKING pc=0x000001e63b0e970c sp=0x00000038a66fdde0
Event: 0.094 Thread 0x000001e6363ec8b0 DEOPT UNPACKING pc=0x000001e642577143 sp=0x00000038a66fd270 mode 0
Event: 0.095 Thread 0x000001e6363ec8b0 DEOPT PACKING pc=0x000001e63b0e970c sp=0x00000038a66fdde0
Event: 0.095 Thread 0x000001e6363ec8b0 DEOPT UNPACKING pc=0x000001e642577143 sp=0x00000038a66fd270 mode 0
Event: 0.137 Thread 0x000001e6363ec8b0 Uncommon trap: trap_request=0xffffff45 fr.pc=0x000001e642c75ae8 relative=0x0000000000000688
Event: 0.137 Thread 0x000001e6363ec8b0 Uncommon trap: reason=unstable_if action=reinterpret pc=0x000001e642c75ae8 method=java.util.zip.ZipFile$Source.checkAndAddEntry(II)I @ 50 c2
Event: 0.137 Thread 0x000001e6363ec8b0 DEOPT PACKING pc=0x000001e642c75ae8 sp=0x00000038a66fe9c0
Event: 0.137 Thread 0x000001e6363ec8b0 DEOPT UNPACKING pc=0x000001e6425769a3 sp=0x00000038a66fe938 mode 2

Classes unloaded (0 events):
No events

Classes redefined (0 events):
No events

Internal exceptions (0 events):
No events

VM Operations (2 events):
Event: 0.101 Executing VM operation: HandshakeAllThreads
Event: 0.101 Executing VM operation: HandshakeAllThreads done

Events (20 events):
Event: 0.155 loading class java/lang/invoke/MethodType$ConcurrentWeakInternSet done
Event: 0.155 loading class java/lang/invoke/MethodTypeForm
Event: 0.155 loading class java/lang/invoke/MethodTypeForm done
Event: 0.155 loading class java/lang/invoke/MethodType$ConcurrentWeakInternSet$WeakEntry
Event: 0.155 loading class java/lang/invoke/MethodType$ConcurrentWeakInternSet$WeakEntry done
Event: 0.156 loading class sun/invoke/util/Wrapper
Event: 0.156 loading class sun/invoke/util/Wrapper done
Event: 0.156 loading class sun/invoke/util/Wrapper$Format
Event: 0.156 loading class sun/invoke/util/Wrapper$Format done
Event: 0.156 loading class java/lang/invoke/LambdaForm$NamedFunction
Event: 0.156 loading class java/lang/invoke/LambdaForm$NamedFunction done
Event: 0.156 loading class java/lang/invoke/DirectMethodHandle$Holder
Event: 0.157 loading class java/lang/invoke/DirectMethodHandle$Holder done
Event: 0.157 loading class sun/invoke/util/ValueConversions
Event: 0.157 loading class sun/invoke/util/ValueConversions done
Event: 0.157 loading class java/lang/invoke/MethodHandleImpl
Event: 0.157 loading class java/lang/invoke/MethodHandleImpl done
Event: 0.157 loading class java/lang/invoke/Invokers
Event: 0.158 loading class java/lang/invoke/Invokers done
Event: 0.158 loading class java/lang/invoke/LambdaForm$Kind


Dynamic libraries:
0x00007ff6d0450000 - 0x00007ff6d045a000 	C:\Users\user\Android Studio\jbr\bin\java.exe
0x00007ffc72af0000 - 0x00007ffc72d06000 	C:\Windows\SYSTEM32\ntdll.dll
0x00007ffc71fd0000 - 0x00007ffc72094000 	C:\Windows\System32\KERNEL32.DLL
0x00007ffc70250000 - 0x00007ffc705f6000 	C:\Windows\System32\KERNELBASE.dll
0x00007ffc6fef0000 - 0x00007ffc70001000 	C:\Windows\System32\ucrtbase.dll
0x00007ffc650c0000 - 0x00007ffc650d7000 	C:\Users\user\Android Studio\jbr\bin\jli.dll
0x00007ffc5b9a0000 - 0x00007ffc5b9bb000 	C:\Users\user\Android Studio\jbr\bin\VCRUNTIME140.dll
0x00007ffc72240000 - 0x00007ffc723ed000 	C:\Windows\System32\USER32.dll
0x00007ffc70220000 - 0x00007ffc70246000 	C:\Windows\System32\win32u.dll
0x00007ffc62410000 - 0x00007ffc626a3000 	C:\Windows\WinSxS\amd64_microsoft.windows.common-controls_6595b64144ccf1df_6.0.22621.3235_none_270f74e173860f98\COMCTL32.dll
0x00007ffc70e80000 - 0x00007ffc70ea9000 	C:\Windows\System32\GDI32.dll
0x00007ffc724a0000 - 0x00007ffc72547000 	C:\Windows\System32\msvcrt.dll
0x00007ffc706a0000 - 0x00007ffc707b8000 	C:\Windows\System32\gdi32full.dll
0x00007ffc70600000 - 0x00007ffc7069a000 	C:\Windows\System32\msvcp_win.dll
0x00007ffc72120000 - 0x00007ffc72151000 	C:\Windows\System32\IMM32.DLL
0x00007ffc67f10000 - 0x00007ffc67f1c000 	C:\Users\user\Android Studio\jbr\bin\vcruntime140_1.dll
0x00007ffc3f8a0000 - 0x00007ffc3f92d000 	C:\Users\user\Android Studio\jbr\bin\msvcp140.dll
0x00007ffbf6310000 - 0x00007ffbf6f90000 	C:\Users\user\Android Studio\jbr\bin\server\jvm.dll
0x00007ffc70cc0000 - 0x00007ffc70d72000 	C:\Windows\System32\ADVAPI32.dll
0x00007ffc723f0000 - 0x00007ffc72498000 	C:\Windows\System32\sechost.dll
0x00007ffc70010000 - 0x00007ffc70038000 	C:\Windows\System32\bcrypt.dll
0x00007ffc72990000 - 0x00007ffc72aa5000 	C:\Windows\System32\RPCRT4.dll
0x00007ffc5f3a0000 - 0x00007ffc5f3d4000 	C:\Windows\SYSTEM32\WINMM.dll
0x00007ffc6a3a0000 - 0x00007ffc6a3aa000 	C:\Windows\SYSTEM32\VERSION.dll
0x00007ffc68700000 - 0x00007ffc68709000 	C:\Windows\SYSTEM32\WSOCK32.dll
0x00007ffc70840000 - 0x00007ffc708b1000 	C:\Windows\System32\WS2_32.dll
0x00007ffc6ee70000 - 0x00007ffc6ee88000 	C:\Windows\SYSTEM32\kernel.appcore.dll
0x00007ffc6b370000 - 0x00007ffc6b37a000 	C:\Users\user\Android Studio\jbr\bin\jimage.dll
0x00007ffc6d540000 - 0x00007ffc6d773000 	C:\Windows\SYSTEM32\DBGHELP.DLL
0x00007ffc70920000 - 0x00007ffc70ca8000 	C:\Windows\System32\combase.dll
0x00007ffc72160000 - 0x00007ffc72237000 	C:\Windows\System32\OLEAUT32.dll
0x00007ffc673c0000 - 0x00007ffc673f2000 	C:\Windows\SYSTEM32\dbgcore.DLL
0x00007ffc707c0000 - 0x00007ffc7083a000 	C:\Windows\System32\bcryptPrimitives.dll
0x00007ffc68c50000 - 0x00007ffc68c75000 	C:\Users\user\Android Studio\jbr\bin\java.dll
0x00007ffc68c00000 - 0x00007ffc68c18000 	C:\Users\user\Android Studio\jbr\bin\zip.dll
0x00007ffc715d0000 - 0x00007ffc71e2d000 	C:\Windows\System32\SHELL32.dll
0x00007ffc6dd90000 - 0x00007ffc6e688000 	C:\Windows\SYSTEM32\windows.storage.dll
0x00007ffc6dc50000 - 0x00007ffc6dd8e000 	C:\Windows\SYSTEM32\wintypes.dll
0x00007ffc71400000 - 0x00007ffc714f3000 	C:\Windows\System32\SHCORE.dll
0x00007ffc70eb0000 - 0x00007ffc70f0e000 	C:\Windows\System32\shlwapi.dll
0x00007ffc6fd60000 - 0x00007ffc6fd86000 	C:\Windows\SYSTEM32\profapi.dll
0x00007ffc68230000 - 0x00007ffc68249000 	C:\Users\user\Android Studio\jbr\bin\net.dll
0x00007ffc6ac00000 - 0x00007ffc6ad37000 	C:\Windows\SYSTEM32\WINHTTP.dll
0x00007ffc6f2f0000 - 0x00007ffc6f359000 	C:\Windows\system32\mswsock.dll
0x00007ffc67fd0000 - 0x00007ffc67fe6000 	C:\Users\user\Android Studio\jbr\bin\nio.dll

dbghelp: loaded successfully - version: 4.0.5 - missing functions: none
symbol engine: initialized successfully - sym options: 0x614 - pdb path: .;C:\Users\user\Android Studio\jbr\bin;C:\Windows\SYSTEM32;C:\Windows\WinSxS\amd64_microsoft.windows.common-controls_6595b64144ccf1df_6.0.22621.3235_none_270f74e173860f98;C:\Users\user\Android Studio\jbr\bin\server

VM Arguments:
java_command: org.jetbrains.kotlin.cli.jvm.K2JVMCompiler @C:\Users\user\AndroidStudioProjects\CatsandDogs\app\build\20240319_7162995784267540062.compiler.options
java_class_path (initial): C:\Users\user\.gradle\caches\modules-2\files-2.1\org.jetbrains.kotlin\kotlin-compiler-embeddable\1.9.0\2c8c3a7402becca891f12739b3e9fd2dc2adbd7a\kotlin-compiler-embeddable-1.9.0.jar;C:\Users\user\.gradle\caches\modules-2\files-2.1\org.jetbrains.kotlin\kotlin-stdlib\1.9.0\8ee15ef0c67dc83d874f412d84378d7f0eb50b63\kotlin-stdlib-1.9.0.jar;C:\Users\user\.gradle\caches\modules-2\files-2.1\org.jetbrains.kotlin\kotlin-script-runtime\1.9.0\4b3102cbbb7e1b58d9d1adf89563f00069ffa7d1\kotlin-script-runtime-1.9.0.jar;C:\Users\user\.gradle\caches\modules-2\files-2.1\org.jetbrains.kotlin\kotlin-reflect\1.6.10\1cbe9c92c12a94eea200d23c2bbaedaf3daf5132\kotlin-reflect-1.6.10.jar;C:\Users\user\.gradle\caches\modules-2\files-2.1\org.jetbrains.kotlin\kotlin-daemon-embeddable\1.9.0\186543f5e28cf8d9a0290fecc2cf34301c40a65c\kotlin-daemon-embeddable-1.9.0.jar;C:\Users\user\.gradle\caches\modules-2\files-2.1\org.jetbrains.intellij.deps\trove4j\1.0.20200330\3afb14d5f9ceb459d724e907a21145e8ff394f02\trove4j-1.0.20200330.jar;C:\Users\user\.gradle\caches\modules-2\files-2.1\org.jetbrains.kotlin\kotlin-stdlib-common\1.9.0\cd65c21cfd1eec4d44ef09f9f52b6d9f8a720636\kotlin-stdlib-common-1.9.0.jar;C:\Users\user\.gradle\caches\modules-2\files-2.1\org.jetbrains\annotations\13.0\919f0dfe192fb4e063e7dacadee7f8bb9a2672a9\annotations-13.0.jar
Launcher Type: SUN_STANDARD

[Global flags]
     intx CICompilerCount                          = 12                                        {product} {ergonomic}
     uint ConcGCThreads                            = 3                                         {product} {ergonomic}
     uint G1ConcRefinementThreads                  = 13                                        {product} {ergonomic}
   size_t G1HeapRegionSize                         = 1048576                                   {product} {ergonomic}
    uintx GCDrainStackTargetSize                   = 64                                        {product} {ergonomic}
   size_t InitialHeapSize                          = 125829120                                 {product} {ergonomic}
   size_t MarkStackSize                            = 4194304                                   {product} {ergonomic}
   size_t MaxHeapSize                              = 1992294400                                {product} {ergonomic}
   size_t MaxNewSize                               = 1195376640                                {product} {ergonomic}
   size_t MinHeapDeltaBytes                        = 1048576                                   {product} {ergonomic}
   size_t MinHeapSize                              = 8388608                                   {product} {ergonomic}
    uintx NonNMethodCodeHeapSize                   = 7602480                                {pd product} {ergonomic}
    uintx NonProfiledCodeHeapSize                  = 122027880                              {pd product} {ergonomic}
    uintx ProfiledCodeHeapSize                     = 122027880                              {pd product} {ergonomic}
    uintx ReservedCodeCacheSize                    = 251658240                              {pd product} {ergonomic}
     bool SegmentedCodeCache                       = true                                      {product} {ergonomic}
   size_t SoftMaxHeapSize                          = 1992294400                             {manageable} {ergonomic}
     bool UseCompressedClassPointers               = true                           {product lp64_product} {ergonomic}
     bool UseCompressedOops                        = true                           {product lp64_product} {ergonomic}
     bool UseG1GC                                  = true                                      {product} {ergonomic}
     bool UseLargePagesIndividualAllocation        = false                                  {pd product} {ergonomic}

Logging:
Log output configuration:
 #0: stdout all=warning uptime,level,tags
 #1: stderr all=off uptime,level,tags

Environment Variables:
PATH=C:\Python312\Scripts\;C:\Python312\;C:\Program Files\Common Files\Oracle\Java\javapath;C:\Windows\system32;C:\Windows;C:\Windows\System32\Wbem;C:\Windows\System32\WindowsPowerShell\v1.0\;C:\Windows\System32\OpenSSH\;D:\Apps\CodeBlocks\MinGW\bin;C:\Program Files\Git\cmd;C:\ProgramData\chocolatey\bin;C:\Program Files\nodejs\;C:\Users\user\AppData\Local\Microsoft\WindowsApps;D:\Apps\IntelliJ IDEA Community Edition 2023.2\bin;;D:\Apps\Microsoft VS Code\bin;D:\Apps\CodeBlocks\MinGW\bin;C:\Users\user\AppData\Local\GitHubDesktop\bin;C:\Users\user\AppData\Roaming\npm;C:\Program Files\JetBrains\DataGrip 2023.3.4\bin;
USERNAME=user
OS=Windows_NT
PROCESSOR_IDENTIFIER=AMD64 Family 23 Model 96 Stepping 1, AuthenticAMD
TMP=C:\Users\user\AppData\Local\Temp
TEMP=C:\Users\user\AppData\Local\Temp


JNI global refs:
JNI global refs: 16, weak refs: 0

JNI global refs memory usage: 843, weak refs: 209

OOME stack traces (most recent first):
Classloader memory used:
Loader bootstrap                                                                       : 663K
Loader jdk.internal.loader.ClassLoaders$AppClassLoader                                 : 52632B


---------------  S Y S T E M  ---------------

OS:
 Windows 11 , 64 bit Build 22621 (10.0.22621.3235)
OS uptime: 5 days 6:16 hours

CPU: total 16 (initial active 16) (16 cores per cpu, 2 threads per core) family 23 model 96 stepping 1 microcode 0x0, cx8, cmov, fxsr, ht, mmx, 3dnowpref, sse, sse2, sse3, ssse3, sse4a, sse4.1, sse4.2, popcnt, lzcnt, tsc, tscinvbit, avx, avx2, aes, clmul, bmi1, bmi2, adx, sha, fma, vzeroupper, clflush, clflushopt

Memory: 4k page, system-wide physical 7599M (561M free)
TotalPageFile size 31151M (AvailPageFile size 4M)
current process WorkingSet (physical memory assigned to process): 39M, peak: 39M
current process commit charge ("private bytes"): 208M, peak: 209M

vm_info: OpenJDK 64-Bit Server VM (17.0.7+0-b2043.56-10550314) for windows-amd64 JRE (17.0.7+0-b2043.56-10550314), built on Jul 24 2023 18:27:45 by "androidbuild" with MS VC++ 16.10 / 16.11 (VS2019)

END.
