#
# There is insufficient memory for the Java Runtime Environment to continue.
# Native memory allocation (malloc) failed to allocate 927536 bytes for Chunk::new
# Possible reasons:
#   The system is out of physical RAM or swap space
#   The process is running with CompressedOops enabled, and the Java Heap may be blocking the growth of the native heap
# Possible solutions:
#   Reduce memory load on the system
#   Increase physical memory or swap space
#   Check if swap backing store is full
#   Decrease Java heap size (-Xmx/-Xms)
#   Decrease number of Java threads
#   Decrease Java thread stack sizes (-Xss)
#   Set larger code cache with -XX:ReservedCodeCacheSize=
#   JVM is running with Unscaled Compressed Oops mode in which the Java heap is
#     placed in the first 4GB address space. The Java Heap base address is the
#     maximum limit for the native heap growth. Please use -XX:HeapBaseMinAddress
#     to set the Java Heap base and to place the Java Heap above 4GB virtual address.
# This output file may be truncated or incomplete.
#
#  Out of Memory Error (arena.cpp:189), pid=3096, tid=28640
#
# JRE version: OpenJDK Runtime Environment (17.0.7) (build 17.0.7+0-b2043.56-10550314)
# Java VM: OpenJDK 64-Bit Server VM (17.0.7+0-b2043.56-10550314, mixed mode, tiered, compressed oops, compressed class ptrs, g1 gc, windows-amd64)
# No core dump will be written. Minidumps are not enabled by default on client versions of Windows
#

---------------  S U M M A R Y ------------

Command Line: --add-opens=java.base/java.util=ALL-UNNAMED --add-opens=java.base/java.lang=ALL-UNNAMED --add-opens=java.base/java.lang.invoke=ALL-UNNAMED --add-opens=java.prefs/java.util.prefs=ALL-UNNAMED --add-opens=java.base/java.nio.charset=ALL-UNNAMED --add-opens=java.base/java.net=ALL-UNNAMED --add-opens=java.base/java.util.concurrent.atomic=ALL-UNNAMED -Xmx2048m -Dfile.encoding=UTF-8 -Duser.country=US -Duser.language=en -Duser.variant -javaagent:C:\Users\user\.gradle\wrapper\dists\gradle-8.2-bin\bbg7u40eoinfdyxsxr3z4i7ta\gradle-8.2\lib\agents\gradle-instrumentation-agent-8.2.jar org.gradle.launcher.daemon.bootstrap.GradleDaemon 8.2

Host: AMD Ryzen 7 4800H with Radeon Graphics         , 16 cores, 7G,  Windows 11 , 64 bit Build 22621 (10.0.22621.3235)
Time: Tue Mar 19 13:10:02 2024 Bangladesh Standard Time elapsed time: 5.740763 seconds (0d 0h 0m 5s)

---------------  T H R E A D  ---------------

Current thread (0x00000276a5b8bdb0):  JavaThread "C2 CompilerThread0" daemon [_thread_in_native, id=28640, stack(0x000000cbcb800000,0x000000cbcb900000)]


Current CompileTask:
C2:   5740 4550       4       jdk.internal.loader.BuiltinClassLoader::loadClass (22 bytes)

Stack: [0x000000cbcb800000,0x000000cbcb900000]
Native frames: (J=compiled Java code, j=interpreted, Vv=VM code, C=native code)
V  [jvm.dll+0x683bfa]
V  [jvm.dll+0x8430a4]
V  [jvm.dll+0x8449be]
V  [jvm.dll+0x845023]
V  [jvm.dll+0x24ad2f]
V  [jvm.dll+0xac25c]
V  [jvm.dll+0xac82c]
V  [jvm.dll+0x2b218f]
V  [jvm.dll+0x58c2f7]
V  [jvm.dll+0x225a12]
V  [jvm.dll+0x225def]
V  [jvm.dll+0x21f0b5]
V  [jvm.dll+0x21c56b]
V  [jvm.dll+0x1a605d]
V  [jvm.dll+0x22c148]
V  [jvm.dll+0x22a209]
V  [jvm.dll+0x7f858c]
V  [jvm.dll+0x7f2aea]
V  [jvm.dll+0x682a35]
C  [ucrtbase.dll+0x29363]
C  [KERNEL32.DLL+0x1257d]
C  [ntdll.dll+0x5aa58]


---------------  P R O C E S S  ---------------

Threads class SMR info:
_java_thread_list=0x00000276af44d0a0, length=45, elements={
0x000002768b03f8a0, 0x00000276a5a00a90, 0x00000276a5a01900, 0x00000276a5b75770,
0x00000276a5b87ab0, 0x00000276a5b88660, 0x00000276a5b8b020, 0x00000276a5b8bdb0,
0x00000276a5b8d860, 0x00000276a5b90260, 0x00000276a5c7b430, 0x00000276a5cbb570,
0x00000276a59a5e80, 0x00000276a5e5dad0, 0x00000276ab057a20, 0x00000276ab5c24d0,
0x00000276aadb88d0, 0x00000276aadb7590, 0x00000276aadb8da0, 0x00000276aadb7a60,
0x00000276aadb7f30, 0x00000276aadb8400, 0x00000276ab638b70, 0x00000276ab6386a0,
0x00000276ab63a850, 0x00000276ab639510, 0x00000276ab63c060, 0x00000276ab639eb0,
0x00000276ab63c530, 0x00000276ab637d00, 0x00000276ab63ad20, 0x00000276ab63a380,
0x00000276ab63e210, 0x00000276ab63dd40, 0x00000276ab63ca00, 0x00000276ab63b1f0,
0x00000276ab63b6c0, 0x00000276ab63d3a0, 0x00000276ac4dfdc0, 0x00000276ab6381d0,
0x00000276ab636e90, 0x00000276ab637360, 0x00000276af6a5fe0, 0x00000276af6a6980,
0x00000276af6a3960
}

Java Threads: ( => current thread )
  0x000002768b03f8a0 JavaThread "main" [_thread_blocked, id=27668, stack(0x000000cbcab00000,0x000000cbcac00000)]
  0x00000276a5a00a90 JavaThread "Reference Handler" daemon [_thread_blocked, id=26544, stack(0x000000cbcb200000,0x000000cbcb300000)]
  0x00000276a5a01900 JavaThread "Finalizer" daemon [_thread_blocked, id=17428, stack(0x000000cbcb300000,0x000000cbcb400000)]
  0x00000276a5b75770 JavaThread "Signal Dispatcher" daemon [_thread_blocked, id=21228, stack(0x000000cbcb400000,0x000000cbcb500000)]
  0x00000276a5b87ab0 JavaThread "Attach Listener" daemon [_thread_blocked, id=1476, stack(0x000000cbcb500000,0x000000cbcb600000)]
  0x00000276a5b88660 JavaThread "Service Thread" daemon [_thread_blocked, id=20804, stack(0x000000cbcb600000,0x000000cbcb700000)]
  0x00000276a5b8b020 JavaThread "Monitor Deflation Thread" daemon [_thread_blocked, id=14192, stack(0x000000cbcb700000,0x000000cbcb800000)]
=>0x00000276a5b8bdb0 JavaThread "C2 CompilerThread0" daemon [_thread_in_native, id=28640, stack(0x000000cbcb800000,0x000000cbcb900000)]
  0x00000276a5b8d860 JavaThread "C1 CompilerThread0" daemon [_thread_blocked, id=21100, stack(0x000000cbcb900000,0x000000cbcba00000)]
  0x00000276a5b90260 JavaThread "Sweeper thread" daemon [_thread_blocked, id=9940, stack(0x000000cbcba00000,0x000000cbcbb00000)]
  0x00000276a5c7b430 JavaThread "Common-Cleaner" daemon [_thread_blocked, id=2928, stack(0x000000cbcbb00000,0x000000cbcbc00000)]
  0x00000276a5cbb570 JavaThread "C1 CompilerThread1" daemon [_thread_in_vm, id=13244, stack(0x000000cbcbc00000,0x000000cbcbd00000)]
  0x00000276a59a5e80 JavaThread "C1 CompilerThread2" daemon [_thread_in_vm, id=7812, stack(0x000000cbcbd00000,0x000000cbcbe00000)]
  0x00000276a5e5dad0 JavaThread "Notification Thread" daemon [_thread_blocked, id=6568, stack(0x000000cbcbe00000,0x000000cbcbf00000)]
  0x00000276ab057a20 JavaThread "C1 CompilerThread3" daemon [_thread_in_vm, id=27240, stack(0x000000cbcc200000,0x000000cbcc300000)]
  0x00000276ab5c24d0 JavaThread "Daemon health stats" [_thread_blocked, id=27816, stack(0x000000cbcc700000,0x000000cbcc800000)]
  0x00000276aadb88d0 JavaThread "Incoming local TCP Connector on port 53860" [_thread_in_native, id=23968, stack(0x000000cbcc800000,0x000000cbcc900000)]
  0x00000276aadb7590 JavaThread "Daemon periodic checks" [_thread_blocked, id=9048, stack(0x000000cbcc900000,0x000000cbcca00000)]
  0x00000276aadb8da0 JavaThread "Daemon" [_thread_blocked, id=22536, stack(0x000000cbcca00000,0x000000cbccb00000)]
  0x00000276aadb7a60 JavaThread "Handler for socket connection from /127.0.0.1:53860 to /127.0.0.1:53861" [_thread_in_native, id=26912, stack(0x000000cbccb00000,0x000000cbccc00000)]
  0x00000276aadb7f30 JavaThread "Cancel handler" [_thread_blocked, id=21564, stack(0x000000cbccc00000,0x000000cbccd00000)]
  0x00000276aadb8400 JavaThread "Daemon worker" [_thread_in_vm, id=27416, stack(0x000000cbccd00000,0x000000cbcce00000)]
  0x00000276ab638b70 JavaThread "Asynchronous log dispatcher for DefaultDaemonConnection: socket connection from /127.0.0.1:53860 to /127.0.0.1:53861" [_thread_blocked, id=2016, stack(0x000000cbcce00000,0x000000cbccf00000)]
  0x00000276ab6386a0 JavaThread "Stdin handler" [_thread_blocked, id=11784, stack(0x000000cbccf00000,0x000000cbcd000000)]
  0x00000276ab63a850 JavaThread "Daemon client event forwarder" [_thread_blocked, id=3472, stack(0x000000cbcd000000,0x000000cbcd100000)]
  0x00000276ab639510 JavaThread "Cache worker for journal cache (C:\Users\user\.gradle\caches\journal-1)" [_thread_blocked, id=24356, stack(0x000000cbcdb00000,0x000000cbcdc00000)]
  0x00000276ab63c060 JavaThread "File lock request listener" [_thread_in_native, id=28444, stack(0x000000cbcdc00000,0x000000cbcdd00000)]
  0x00000276ab639eb0 JavaThread "Cache worker for file hash cache (C:\Users\user\.gradle\caches\8.2\fileHashes)" [_thread_blocked, id=18640, stack(0x000000cbcdd00000,0x000000cbcde00000)]
  0x00000276ab63c530 JavaThread "File watcher server" daemon [_thread_in_native, id=26244, stack(0x000000cbcde00000,0x000000cbcdf00000)]
  0x00000276ab637d00 JavaThread "File watcher consumer" daemon [_thread_blocked, id=12084, stack(0x000000cbcdf00000,0x000000cbce000000)]
  0x00000276ab63ad20 JavaThread "Cache worker for checksums cache (C:\Users\user\AndroidStudioProjects\CatsandDogs\.gradle\8.2\checksums)" [_thread_blocked, id=17112, stack(0x000000cbce000000,0x000000cbce100000)]
  0x00000276ab63a380 JavaThread "Cache worker for cache directory md-rule (C:\Users\user\.gradle\caches\8.2\md-rule)" [_thread_blocked, id=2972, stack(0x000000cbce100000,0x000000cbce200000)]
  0x00000276ab63e210 JavaThread "Cache worker for file content cache (C:\Users\user\.gradle\caches\8.2\fileContent)" [_thread_blocked, id=19508, stack(0x000000cbce200000,0x000000cbce300000)]
  0x00000276ab63dd40 JavaThread "Cache worker for file hash cache (C:\Users\user\AndroidStudioProjects\CatsandDogs\.gradle\8.2\fileHashes)" [_thread_blocked, id=10024, stack(0x000000cbce300000,0x000000cbce400000)]
  0x00000276ab63ca00 JavaThread "Cache worker for cache directory md-supplier (C:\Users\user\.gradle\caches\8.2\md-supplier)" [_thread_blocked, id=27948, stack(0x000000cbce400000,0x000000cbce500000)]
  0x00000276ab63b1f0 JavaThread "Cache worker for execution history cache (C:\Users\user\.gradle\caches\8.2\executionHistory)" [_thread_blocked, id=25452, stack(0x000000cbcc100000,0x000000cbcc200000)]
  0x00000276ab63b6c0 JavaThread "jar transforms" [_thread_blocked, id=8028, stack(0x000000cbce600000,0x000000cbce700000)]
  0x00000276ab63d3a0 JavaThread "jar transforms Thread 2" [_thread_blocked, id=11000, stack(0x000000cbce700000,0x000000cbce800000)]
  0x00000276ac4dfdc0 JavaThread "C2 CompilerThread1" daemon [_thread_in_native, id=26800, stack(0x000000cbcc000000,0x000000cbcc100000)]
  0x00000276ab6381d0 JavaThread "Cache worker for kotlin-dsl (C:\Users\user\.gradle\caches\8.2\kotlin-dsl)" [_thread_blocked, id=27632, stack(0x000000cbce500000,0x000000cbce600000)]
  0x00000276ab636e90 JavaThread "jar transforms Thread 3" [_thread_blocked, id=23140, stack(0x000000cbce800000,0x000000cbce900000)]
  0x00000276ab637360 JavaThread "jar transforms Thread 4" [_thread_blocked, id=4556, stack(0x000000cbce900000,0x000000cbcea00000)]
  0x00000276af6a5fe0 JavaThread "jar transforms Thread 5" [_thread_blocked, id=26788, stack(0x000000cbcea00000,0x000000cbceb00000)]
  0x00000276af6a6980 JavaThread "jar transforms Thread 6" [_thread_blocked, id=18080, stack(0x000000cbceb00000,0x000000cbcec00000)]
  0x00000276af6a3960 JavaThread "Cache worker for dependencies-accessors (C:\Users\user\AndroidStudioProjects\CatsandDogs\.gradle\8.2\dependencies-accessors)" [_thread_blocked, id=15316, stack(0x000000cbcec00000,0x000000cbced00000)]

Other Threads:
  0x00000276a59c2ef0 VMThread "VM Thread" [stack: 0x000000cbcb100000,0x000000cbcb200000] [id=7396]
  0x000002768b0d1e00 WatcherThread [stack: 0x000000cbcbf00000,0x000000cbcc000000] [id=19440]
  0x000002768b09b710 GCTaskThread "GC Thread#0" [stack: 0x000000cbcac00000,0x000000cbcad00000] [id=22236]
  0x00000276aabe1f50 GCTaskThread "GC Thread#1" [stack: 0x000000cbcc300000,0x000000cbcc400000] [id=26036]
  0x00000276aa5ae9f0 GCTaskThread "GC Thread#2" [stack: 0x000000cbcc400000,0x000000cbcc500000] [id=25016]
  0x00000276aaf97c80 GCTaskThread "GC Thread#3" [stack: 0x000000cbcc500000,0x000000cbcc600000] [id=7304]
  0x00000276aa8fc670 GCTaskThread "GC Thread#4" [stack: 0x000000cbcc600000,0x000000cbcc700000] [id=23092]
  0x00000276ab7cf190 GCTaskThread "GC Thread#5" [stack: 0x000000cbcd100000,0x000000cbcd200000] [id=14084]
  0x00000276ac16e730 GCTaskThread "GC Thread#6" [stack: 0x000000cbcd200000,0x000000cbcd300000] [id=26016]
  0x00000276ac68c7e0 GCTaskThread "GC Thread#7" [stack: 0x000000cbcd300000,0x000000cbcd400000] [id=28432]
  0x00000276ac92bd10 GCTaskThread "GC Thread#8" [stack: 0x000000cbcd400000,0x000000cbcd500000] [id=26180]
  0x00000276ab0fb010 GCTaskThread "GC Thread#9" [stack: 0x000000cbcd500000,0x000000cbcd600000] [id=17176]
  0x00000276ac359a00 GCTaskThread "GC Thread#10" [stack: 0x000000cbcd600000,0x000000cbcd700000] [id=1344]
  0x00000276ac359f60 GCTaskThread "GC Thread#11" [stack: 0x000000cbcd700000,0x000000cbcd800000] [id=21748]
  0x00000276ac35aa20 GCTaskThread "GC Thread#12" [stack: 0x000000cbcd800000,0x000000cbcd900000] [id=18376]
  0x000002768b0ac650 ConcurrentGCThread "G1 Main Marker" [stack: 0x000000cbcad00000,0x000000cbcae00000] [id=20304]
  0x000002768b0ad060 ConcurrentGCThread "G1 Conc#0" [stack: 0x000000cbcae00000,0x000000cbcaf00000] [id=6084]
  0x00000276ac359cb0 ConcurrentGCThread "G1 Conc#1" [stack: 0x000000cbcd900000,0x000000cbcda00000] [id=27024]
  0x00000276ac35a210 ConcurrentGCThread "G1 Conc#2" [stack: 0x000000cbcda00000,0x000000cbcdb00000] [id=2024]
  0x000002768b0fd890 ConcurrentGCThread "G1 Refine#0" [stack: 0x000000cbcaf00000,0x000000cbcb000000] [id=16512]
  0x000002768b0fe2b0 ConcurrentGCThread "G1 Service" [stack: 0x000000cbcb000000,0x000000cbcb100000] [id=7348]

Threads with active compile tasks:
C2 CompilerThread0     5765 4550       4       jdk.internal.loader.BuiltinClassLoader::loadClass (22 bytes)
C2 CompilerThread1     5765 4552       4       sun.net.www.ParseUtil::encodePath (41 bytes)

VM state: not at safepoint (normal execution)

VM Mutex/Monitor currently owned by a thread: None

Heap address: 0x0000000080000000, size: 2048 MB, Compressed Oops mode: 32-bit

CDS archive(s) not mapped
Compressed class space mapped at: 0x0000000100000000-0x0000000140000000, reserved size: 1073741824
Narrow klass base: 0x0000000000000000, Narrow klass shift: 3, Narrow klass range: 0x140000000

GC Precious Log:
 CPUs: 16 total, 16 available
 Memory: 7599M
 Large Page Support: Disabled
 NUMA Support: Disabled
 Compressed Oops: Enabled (32-bit)
 Heap Region Size: 1M
 Heap Min Capacity: 8M
 Heap Initial Capacity: 120M
 Heap Max Capacity: 2G
 Pre-touch: Disabled
 Parallel Workers: 13
 Concurrent Workers: 3
 Concurrent Refinement Workers: 13
 Periodic GC: Disabled

Heap:
 garbage-first heap   total 82944K, used 46755K [0x0000000080000000, 0x0000000100000000)
  region size 1024K, 19 young (19456K), 5 survivors (5120K)
 Metaspace       used 50196K, committed 50624K, reserved 1114112K
  class space    used 6712K, committed 6912K, reserved 1048576K

Heap Regions: E=young(eden), S=young(survivor), O=old, HS=humongous(starts), HC=humongous(continues), CS=collection set, F=free, OA=open archive, CA=closed archive, TAMS=top-at-mark-start (previous, next)
|   0|0x0000000080000000, 0x0000000080100000, 0x0000000080100000|100%|HS|  |TAMS 0x0000000080100000, 0x0000000080000000| Complete 
|   1|0x0000000080100000, 0x0000000080200000, 0x0000000080200000|100%|HC|  |TAMS 0x0000000080200000, 0x0000000080100000| Complete 
|   2|0x0000000080200000, 0x0000000080300000, 0x0000000080300000|100%|HC|  |TAMS 0x0000000080300000, 0x0000000080200000| Complete 
|   3|0x0000000080300000, 0x0000000080400000, 0x0000000080400000|100%|HC|  |TAMS 0x0000000080400000, 0x0000000080300000| Complete 
|   4|0x0000000080400000, 0x0000000080500000, 0x0000000080500000|100%| O|  |TAMS 0x0000000080500000, 0x0000000080400000| Untracked 
|   5|0x0000000080500000, 0x0000000080600000, 0x0000000080600000|100%| O|  |TAMS 0x0000000080600000, 0x0000000080500000| Untracked 
|   6|0x0000000080600000, 0x0000000080700000, 0x0000000080700000|100%| O|  |TAMS 0x0000000080700000, 0x0000000080600000| Untracked 
|   7|0x0000000080700000, 0x0000000080800000, 0x0000000080800000|100%| O|  |TAMS 0x0000000080800000, 0x0000000080700000| Untracked 
|   8|0x0000000080800000, 0x0000000080900000, 0x0000000080900000|100%| O|  |TAMS 0x0000000080900000, 0x0000000080800000| Untracked 
|   9|0x0000000080900000, 0x0000000080a00000, 0x0000000080a00000|100%| O|  |TAMS 0x0000000080a00000, 0x0000000080900000| Untracked 
|  10|0x0000000080a00000, 0x0000000080a24400, 0x0000000080b00000| 14%| O|  |TAMS 0x0000000080a24400, 0x0000000080a00000| Untracked 
|  11|0x0000000080b00000, 0x0000000080c00000, 0x0000000080c00000|100%| O|  |TAMS 0x0000000080c00000, 0x0000000080b00000| Untracked 
|  12|0x0000000080c00000, 0x0000000080d00000, 0x0000000080d00000|100%| O|  |TAMS 0x0000000080d00000, 0x0000000080c00000| Untracked 
|  13|0x0000000080d00000, 0x0000000080e00000, 0x0000000080e00000|100%| O|  |TAMS 0x0000000080e00000, 0x0000000080d00000| Untracked 
|  14|0x0000000080e00000, 0x0000000080f00000, 0x0000000080f00000|100%| O|  |TAMS 0x0000000080f00000, 0x0000000080e00000| Untracked 
|  15|0x0000000080f00000, 0x0000000081000000, 0x0000000081000000|100%| O|  |TAMS 0x0000000081000000, 0x0000000080f00000| Untracked 
|  16|0x0000000081000000, 0x0000000081100000, 0x0000000081100000|100%| O|  |TAMS 0x0000000081100000, 0x0000000081000000| Untracked 
|  17|0x0000000081100000, 0x0000000081200000, 0x0000000081200000|100%| O|  |TAMS 0x0000000081200000, 0x0000000081100000| Untracked 
|  18|0x0000000081200000, 0x0000000081300000, 0x0000000081300000|100%| O|  |TAMS 0x0000000081300000, 0x0000000081200000| Untracked 
|  19|0x0000000081300000, 0x0000000081400000, 0x0000000081400000|100%| O|  |TAMS 0x0000000081400000, 0x0000000081300000| Untracked 
|  20|0x0000000081400000, 0x0000000081500000, 0x0000000081500000|100%| O|  |TAMS 0x00000000814af000, 0x0000000081400000| Untracked 
|  21|0x0000000081500000, 0x0000000081600000, 0x0000000081600000|100%| O|  |TAMS 0x0000000081500000, 0x0000000081500000| Untracked 
|  22|0x0000000081600000, 0x0000000081700000, 0x0000000081700000|100%| O|  |TAMS 0x0000000081600000, 0x0000000081600000| Untracked 
|  23|0x0000000081700000, 0x0000000081800000, 0x0000000081800000|100%| O|  |TAMS 0x0000000081700000, 0x0000000081700000| Untracked 
|  24|0x0000000081800000, 0x0000000081900000, 0x0000000081900000|100%| O|  |TAMS 0x0000000081800000, 0x0000000081800000| Untracked 
|  25|0x0000000081900000, 0x0000000081900000, 0x0000000081a00000|  0%| F|  |TAMS 0x0000000081900000, 0x0000000081900000| Untracked 
|  26|0x0000000081a00000, 0x0000000081a00000, 0x0000000081b00000|  0%| F|  |TAMS 0x0000000081a00000, 0x0000000081a00000| Untracked 
|  27|0x0000000081b00000, 0x0000000081b00000, 0x0000000081c00000|  0%| F|  |TAMS 0x0000000081b00000, 0x0000000081b00000| Untracked 
|  28|0x0000000081c00000, 0x0000000081c00000, 0x0000000081d00000|  0%| F|  |TAMS 0x0000000081c00000, 0x0000000081c00000| Untracked 
|  29|0x0000000081d00000, 0x0000000081d00000, 0x0000000081e00000|  0%| F|  |TAMS 0x0000000081d00000, 0x0000000081d00000| Untracked 
|  30|0x0000000081e00000, 0x0000000081f00000, 0x0000000081f00000|100%| O|  |TAMS 0x0000000081e00000, 0x0000000081e00000| Untracked 
|  31|0x0000000081f00000, 0x0000000082000000, 0x0000000082000000|100%| O|  |TAMS 0x0000000081f00000, 0x0000000081f00000| Untracked 
|  32|0x0000000082000000, 0x0000000082100000, 0x0000000082100000|100%| O|  |TAMS 0x0000000082000000, 0x0000000082000000| Untracked 
|  33|0x0000000082100000, 0x0000000082200000, 0x0000000082200000|100%| O|  |TAMS 0x0000000082100000, 0x0000000082100000| Untracked 
|  34|0x0000000082200000, 0x000000008227ae00, 0x0000000082300000| 47%| O|  |TAMS 0x0000000082200000, 0x0000000082200000| Untracked 
|  35|0x0000000082300000, 0x0000000082300000, 0x0000000082400000|  0%| F|  |TAMS 0x0000000082300000, 0x0000000082300000| Untracked 
|  36|0x0000000082400000, 0x0000000082400000, 0x0000000082500000|  0%| F|  |TAMS 0x0000000082400000, 0x0000000082400000| Untracked 
|  37|0x0000000082500000, 0x0000000082500000, 0x0000000082600000|  0%| F|  |TAMS 0x0000000082500000, 0x0000000082500000| Untracked 
|  38|0x0000000082600000, 0x0000000082600000, 0x0000000082700000|  0%| F|  |TAMS 0x0000000082600000, 0x0000000082600000| Untracked 
|  39|0x0000000082700000, 0x0000000082700000, 0x0000000082800000|  0%| F|  |TAMS 0x0000000082700000, 0x0000000082700000| Untracked 
|  40|0x0000000082800000, 0x0000000082800000, 0x0000000082900000|  0%| F|  |TAMS 0x0000000082800000, 0x0000000082800000| Untracked 
|  41|0x0000000082900000, 0x0000000082900000, 0x0000000082a00000|  0%| F|  |TAMS 0x0000000082900000, 0x0000000082900000| Untracked 
|  42|0x0000000082a00000, 0x0000000082a00000, 0x0000000082b00000|  0%| F|  |TAMS 0x0000000082a00000, 0x0000000082a00000| Untracked 
|  43|0x0000000082b00000, 0x0000000082b09a08, 0x0000000082c00000|  3%| S|CS|TAMS 0x0000000082b00000, 0x0000000082b00000| Complete 
|  44|0x0000000082c00000, 0x0000000082d00000, 0x0000000082d00000|100%| S|CS|TAMS 0x0000000082c00000, 0x0000000082c00000| Complete 
|  45|0x0000000082d00000, 0x0000000082e00000, 0x0000000082e00000|100%| S|CS|TAMS 0x0000000082d00000, 0x0000000082d00000| Complete 
|  46|0x0000000082e00000, 0x0000000082e00000, 0x0000000082f00000|  0%| F|  |TAMS 0x0000000082e00000, 0x0000000082e00000| Untracked 
|  47|0x0000000082f00000, 0x0000000082f00000, 0x0000000083000000|  0%| F|  |TAMS 0x0000000082f00000, 0x0000000082f00000| Untracked 
|  48|0x0000000083000000, 0x0000000083000000, 0x0000000083100000|  0%| F|  |TAMS 0x0000000083000000, 0x0000000083000000| Untracked 
|  49|0x0000000083100000, 0x0000000083200000, 0x0000000083200000|100%| S|CS|TAMS 0x0000000083100000, 0x0000000083100000| Complete 
|  50|0x0000000083200000, 0x0000000083300000, 0x0000000083300000|100%| S|CS|TAMS 0x0000000083200000, 0x0000000083200000| Complete 
|  51|0x0000000083300000, 0x0000000083300000, 0x0000000083400000|  0%| F|  |TAMS 0x0000000083300000, 0x0000000083300000| Untracked 
|  52|0x0000000083400000, 0x0000000083400000, 0x0000000083500000|  0%| F|  |TAMS 0x0000000083400000, 0x0000000083400000| Untracked 
|  53|0x0000000083500000, 0x0000000083500000, 0x0000000083600000|  0%| F|  |TAMS 0x0000000083500000, 0x0000000083500000| Untracked 
|  54|0x0000000083600000, 0x0000000083600000, 0x0000000083700000|  0%| F|  |TAMS 0x0000000083600000, 0x0000000083600000| Untracked 
|  55|0x0000000083700000, 0x0000000083700000, 0x0000000083800000|  0%| F|  |TAMS 0x0000000083700000, 0x0000000083700000| Untracked 
|  56|0x0000000083800000, 0x0000000083800000, 0x0000000083900000|  0%| F|  |TAMS 0x0000000083800000, 0x0000000083800000| Untracked 
|  57|0x0000000083900000, 0x0000000083900000, 0x0000000083a00000|  0%| F|  |TAMS 0x0000000083900000, 0x0000000083900000| Untracked 
|  58|0x0000000083a00000, 0x0000000083a00000, 0x0000000083b00000|  0%| F|  |TAMS 0x0000000083a00000, 0x0000000083a00000| Untracked 
|  59|0x0000000083b00000, 0x0000000083b00000, 0x0000000083c00000|  0%| F|  |TAMS 0x0000000083b00000, 0x0000000083b00000| Untracked 
|  60|0x0000000083c00000, 0x0000000083c00000, 0x0000000083d00000|  0%| F|  |TAMS 0x0000000083c00000, 0x0000000083c00000| Untracked 
|  61|0x0000000083d00000, 0x0000000083d00000, 0x0000000083e00000|  0%| F|  |TAMS 0x0000000083d00000, 0x0000000083d00000| Untracked 
|  62|0x0000000083e00000, 0x0000000083e00000, 0x0000000083f00000|  0%| F|  |TAMS 0x0000000083e00000, 0x0000000083e00000| Untracked 
|  63|0x0000000083f00000, 0x0000000083f00000, 0x0000000084000000|  0%| F|  |TAMS 0x0000000083f00000, 0x0000000083f00000| Untracked 
|  64|0x0000000084000000, 0x0000000084000000, 0x0000000084100000|  0%| F|  |TAMS 0x0000000084000000, 0x0000000084000000| Untracked 
|  65|0x0000000084100000, 0x0000000084100000, 0x0000000084200000|  0%| F|  |TAMS 0x0000000084100000, 0x0000000084100000| Untracked 
|  66|0x0000000084200000, 0x0000000084200000, 0x0000000084300000|  0%| F|  |TAMS 0x0000000084200000, 0x0000000084200000| Untracked 
|  67|0x0000000084300000, 0x0000000084400000, 0x0000000084400000|100%| E|  |TAMS 0x0000000084300000, 0x0000000084300000| Complete 
|  68|0x0000000084400000, 0x0000000084500000, 0x0000000084500000|100%| E|CS|TAMS 0x0000000084400000, 0x0000000084400000| Complete 
|  69|0x0000000084500000, 0x0000000084600000, 0x0000000084600000|100%| E|CS|TAMS 0x0000000084500000, 0x0000000084500000| Complete 
|  70|0x0000000084600000, 0x0000000084700000, 0x0000000084700000|100%| E|CS|TAMS 0x0000000084600000, 0x0000000084600000| Complete 
|  71|0x0000000084700000, 0x0000000084800000, 0x0000000084800000|100%| E|CS|TAMS 0x0000000084700000, 0x0000000084700000| Complete 
|  72|0x0000000084800000, 0x0000000084900000, 0x0000000084900000|100%| E|CS|TAMS 0x0000000084800000, 0x0000000084800000| Complete 
|  73|0x0000000084900000, 0x0000000084a00000, 0x0000000084a00000|100%| E|CS|TAMS 0x0000000084900000, 0x0000000084900000| Complete 
|  74|0x0000000084a00000, 0x0000000084b00000, 0x0000000084b00000|100%| E|CS|TAMS 0x0000000084a00000, 0x0000000084a00000| Complete 
|  75|0x0000000084b00000, 0x0000000084c00000, 0x0000000084c00000|100%| E|CS|TAMS 0x0000000084b00000, 0x0000000084b00000| Complete 
|  76|0x0000000084c00000, 0x0000000084d00000, 0x0000000084d00000|100%| E|CS|TAMS 0x0000000084c00000, 0x0000000084c00000| Complete 
|  77|0x0000000084d00000, 0x0000000084e00000, 0x0000000084e00000|100%| E|CS|TAMS 0x0000000084d00000, 0x0000000084d00000| Complete 
|  78|0x0000000084e00000, 0x0000000084f00000, 0x0000000084f00000|100%| E|CS|TAMS 0x0000000084e00000, 0x0000000084e00000| Complete 
|  79|0x0000000084f00000, 0x0000000085000000, 0x0000000085000000|100%| E|CS|TAMS 0x0000000084f00000, 0x0000000084f00000| Complete 
| 119|0x0000000087700000, 0x0000000087800000, 0x0000000087800000|100%| E|CS|TAMS 0x0000000087700000, 0x0000000087700000| Complete 

Card table byte_map: [0x000002769e190000,0x000002769e590000] _byte_map_base: 0x000002769dd90000

Marking Bits (Prev, Next): (CMBitMap*) 0x000002768b09bd20, (CMBitMap*) 0x000002768b09bd60
 Prev Bits: [0x000002769e990000, 0x00000276a0990000)
 Next Bits: [0x00000276a0990000, 0x00000276a2990000)

Polling page: 0x0000027688fb0000

Metaspace:

Usage:
  Non-class:     42.48 MB used.
      Class:      6.56 MB used.
       Both:     49.04 MB used.

Virtual space:
  Non-class space:       64.00 MB reserved,      42.69 MB ( 67%) committed,  1 nodes.
      Class space:        1.00 GB reserved,       6.75 MB ( <1%) committed,  1 nodes.
             Both:        1.06 GB reserved,      49.44 MB (  5%) committed. 

Chunk freelists:
   Non-Class:  5.12 MB
       Class:  9.28 MB
        Both:  14.41 MB

MaxMetaspaceSize: unlimited
CompressedClassSpaceSize: 1.00 GB
Initial GC threshold: 21.00 MB
Current GC threshold: 58.69 MB
CDS: off
MetaspaceReclaimPolicy: balanced
 - commit_granule_bytes: 65536.
 - commit_granule_words: 8192.
 - virtual_space_node_default_size: 8388608.
 - enlarge_chunks_in_place: 1.
 - new_chunks_are_fully_committed: 0.
 - uncommit_free_chunks: 1.
 - use_allocation_guard: 0.
 - handle_deallocations: 1.


Internal statistics:

num_allocs_failed_limit: 6.
num_arena_births: 496.
num_arena_deaths: 0.
num_vsnodes_births: 2.
num_vsnodes_deaths: 0.
num_space_committed: 791.
num_space_uncommitted: 0.
num_chunks_returned_to_freelist: 6.
num_chunks_taken_from_freelist: 2032.
num_chunk_merges: 3.
num_chunk_splits: 1370.
num_chunks_enlarged: 967.
num_inconsistent_stats: 0.

CodeHeap 'non-profiled nmethods': size=119168Kb used=2487Kb max_used=2487Kb free=116680Kb
 bounds [0x00000276960b0000, 0x0000027696320000, 0x000002769d510000]
CodeHeap 'profiled nmethods': size=119104Kb used=9636Kb max_used=9636Kb free=109467Kb
 bounds [0x000002768e510000, 0x000002768ee80000, 0x0000027695960000]
CodeHeap 'non-nmethods': size=7488Kb used=3988Kb max_used=4030Kb free=3499Kb
 bounds [0x0000027695960000, 0x0000027695d60000, 0x00000276960b0000]
 total_blobs=5399 nmethods=4587 adapters=721
 compilation: enabled
              stopped_count=0, restarted_count=0
 full_count=0

Compilation events (20 events):
Event: 5.669 Thread 0x00000276ab057a20 4551       3       java.util.concurrent.atomic.AtomicReferenceArray::<init> (13 bytes)
Event: 5.669 Thread 0x00000276ab057a20 nmethod 4551 0x000002768ee60210 code [0x000002768ee603c0, 0x000002768ee60618]
Event: 5.726 Thread 0x00000276ab057a20 4558       3       org.gradle.internal.reflect.PropertyAccessorType::isIsGetterName (23 bytes)
Event: 5.726 Thread 0x00000276a5b8d860 4559       3       org.gradle.internal.reflect.PropertyAccessorType::of (101 bytes)
Event: 5.726 Thread 0x00000276a59a5e80 4560       3       org.gradle.internal.reflect.PropertyAccessorType::takesSingleParameter (14 bytes)
Event: 5.726 Thread 0x00000276ab057a20 nmethod 4558 0x000002768ee60710 code [0x000002768ee608e0, 0x000002768ee60c08]
Event: 5.727 Thread 0x00000276a59a5e80 nmethod 4560 0x000002768ee60d90 code [0x000002768ee60f20, 0x000002768ee610d8]
Event: 5.727 Thread 0x00000276ab057a20 4562       3       org.gradle.internal.reflect.JavaPropertyReflectionUtil::doesNotHaveTypeVariable (107 bytes)
Event: 5.727 Thread 0x00000276a5cbb570 4563       3       sun.reflect.generics.parser.SignatureParser::parseIdentifier (13 bytes)
Event: 5.727 Thread 0x00000276a59a5e80 4564       1       sun.reflect.generics.tree.TypeVariableSignature::getIdentifier (5 bytes)
Event: 5.727 Thread 0x00000276ab057a20 nmethod 4562 0x000002768ee61210 code [0x000002768ee61440, 0x000002768ee61e98]
Event: 5.727 Thread 0x00000276a5cbb570 nmethod 4563 0x000002768ee62090 code [0x000002768ee62240, 0x000002768ee62498]
Event: 5.727 Thread 0x00000276ab057a20 4565       1       sun.reflect.generics.factory.CoreReflectionFactory::getScope (5 bytes)
Event: 5.727 Thread 0x00000276a59a5e80 nmethod 4564 0x000002769630ff10 code [0x00000276963100a0, 0x0000027696310178]
Event: 5.727 Thread 0x00000276ab057a20 nmethod 4565 0x0000027696310210 code [0x00000276963103a0, 0x0000027696310478]
Event: 5.728 Thread 0x00000276a5b8d860 nmethod 4559 0x000002768ee62610 code [0x000002768ee62960, 0x000002768ee64098]
Event: 5.735 Thread 0x00000276a5cbb570 4567   !   3       java.util.concurrent.LinkedBlockingQueue::poll (128 bytes)
Event: 5.737 Thread 0x00000276a5cbb570 nmethod 4567 0x000002768ee64790 code [0x000002768ee64b80, 0x000002768ee66838]
Event: 5.738 Thread 0x00000276a5b8d860 4568       3       org.objectweb.asm.ClassReader::readUnsignedShort (26 bytes)
Event: 5.738 Thread 0x00000276a5b8d860 nmethod 4568 0x000002768ee67510 code [0x000002768ee676a0, 0x000002768ee67818]

GC Heap History (20 events):
Event: 0.624 GC heap before
{Heap before GC invocations=0 (full 0):
 garbage-first heap   total 122880K, used 26624K [0x0000000080000000, 0x0000000100000000)
  region size 1024K, 23 young (23552K), 0 survivors (0K)
 Metaspace       used 10419K, committed 10624K, reserved 1114112K
  class space    used 1080K, committed 1216K, reserved 1048576K
}
Event: 0.635 GC heap after
{Heap after GC invocations=1 (full 0):
 garbage-first heap   total 122880K, used 10552K [0x0000000080000000, 0x0000000100000000)
  region size 1024K, 3 young (3072K), 3 survivors (3072K)
 Metaspace       used 10419K, committed 10624K, reserved 1114112K
  class space    used 1080K, committed 1216K, reserved 1048576K
}
Event: 0.965 GC heap before
{Heap before GC invocations=1 (full 0):
 garbage-first heap   total 122880K, used 38200K [0x0000000080000000, 0x0000000100000000)
  region size 1024K, 30 young (30720K), 3 survivors (3072K)
 Metaspace       used 11483K, committed 11648K, reserved 1114112K
  class space    used 1194K, committed 1280K, reserved 1048576K
}
Event: 0.969 GC heap after
{Heap after GC invocations=2 (full 0):
 garbage-first heap   total 122880K, used 11409K [0x0000000080000000, 0x0000000100000000)
  region size 1024K, 1 young (1024K), 1 survivors (1024K)
 Metaspace       used 11483K, committed 11648K, reserved 1114112K
  class space    used 1194K, committed 1280K, reserved 1048576K
}
Event: 1.969 GC heap before
{Heap before GC invocations=2 (full 0):
 garbage-first heap   total 122880K, used 59537K [0x0000000080000000, 0x0000000100000000)
  region size 1024K, 49 young (50176K), 1 survivors (1024K)
 Metaspace       used 21268K, committed 21504K, reserved 1114112K
  class space    used 2552K, committed 2688K, reserved 1048576K
}
Event: 1.978 GC heap after
{Heap after GC invocations=3 (full 0):
 garbage-first heap   total 122880K, used 18406K [0x0000000080000000, 0x0000000100000000)
  region size 1024K, 8 young (8192K), 8 survivors (8192K)
 Metaspace       used 21268K, committed 21504K, reserved 1114112K
  class space    used 2552K, committed 2688K, reserved 1048576K
}
Event: 2.572 GC heap before
{Heap before GC invocations=4 (full 0):
 garbage-first heap   total 68608K, used 50150K [0x0000000080000000, 0x0000000100000000)
  region size 1024K, 40 young (40960K), 8 survivors (8192K)
 Metaspace       used 25986K, committed 26240K, reserved 1114112K
  class space    used 3373K, committed 3520K, reserved 1048576K
}
Event: 2.580 GC heap after
{Heap after GC invocations=5 (full 0):
 garbage-first heap   total 68608K, used 20694K [0x0000000080000000, 0x0000000100000000)
  region size 1024K, 3 young (3072K), 3 survivors (3072K)
 Metaspace       used 25986K, committed 26240K, reserved 1114112K
  class space    used 3373K, committed 3520K, reserved 1048576K
}
Event: 3.177 GC heap before
{Heap before GC invocations=5 (full 0):
 garbage-first heap   total 68608K, used 48342K [0x0000000080000000, 0x0000000100000000)
  region size 1024K, 30 young (30720K), 3 survivors (3072K)
 Metaspace       used 29809K, committed 30080K, reserved 1114112K
  class space    used 3990K, committed 4096K, reserved 1048576K
}
Event: 3.181 GC heap after
{Heap after GC invocations=6 (full 0):
 garbage-first heap   total 82944K, used 21896K [0x0000000080000000, 0x0000000100000000)
  region size 1024K, 4 young (4096K), 4 survivors (4096K)
 Metaspace       used 29809K, committed 30080K, reserved 1114112K
  class space    used 3990K, committed 4096K, reserved 1048576K
}
Event: 3.741 GC heap before
{Heap before GC invocations=6 (full 0):
 garbage-first heap   total 82944K, used 58760K [0x0000000080000000, 0x0000000100000000)
  region size 1024K, 40 young (40960K), 4 survivors (4096K)
 Metaspace       used 35066K, committed 35456K, reserved 1114112K
  class space    used 4824K, committed 4992K, reserved 1048576K
}
Event: 3.745 GC heap after
{Heap after GC invocations=7 (full 0):
 garbage-first heap   total 82944K, used 23770K [0x0000000080000000, 0x0000000100000000)
  region size 1024K, 4 young (4096K), 4 survivors (4096K)
 Metaspace       used 35066K, committed 35456K, reserved 1114112K
  class space    used 4824K, committed 4992K, reserved 1048576K
}
Event: 3.845 GC heap before
{Heap before GC invocations=7 (full 0):
 garbage-first heap   total 82944K, used 26842K [0x0000000080000000, 0x0000000100000000)
  region size 1024K, 8 young (8192K), 4 survivors (4096K)
 Metaspace       used 35648K, committed 35968K, reserved 1114112K
  class space    used 4921K, committed 5056K, reserved 1048576K
}
Event: 3.849 GC heap after
{Heap after GC invocations=8 (full 0):
 garbage-first heap   total 82944K, used 24145K [0x0000000080000000, 0x0000000100000000)
  region size 1024K, 3 young (3072K), 3 survivors (3072K)
 Metaspace       used 35648K, committed 35968K, reserved 1114112K
  class space    used 4921K, committed 5056K, reserved 1048576K
}
Event: 4.500 GC heap before
{Heap before GC invocations=9 (full 0):
 garbage-first heap   total 82944K, used 61009K [0x0000000080000000, 0x0000000100000000)
  region size 1024K, 40 young (40960K), 3 survivors (3072K)
 Metaspace       used 41313K, committed 41664K, reserved 1114112K
  class space    used 5474K, committed 5632K, reserved 1048576K
}
Event: 4.506 GC heap after
{Heap after GC invocations=10 (full 0):
 garbage-first heap   total 82944K, used 29289K [0x0000000080000000, 0x0000000100000000)
  region size 1024K, 5 young (5120K), 5 survivors (5120K)
 Metaspace       used 41313K, committed 41664K, reserved 1114112K
  class space    used 5474K, committed 5632K, reserved 1048576K
}
Event: 4.837 GC heap before
{Heap before GC invocations=10 (full 0):
 garbage-first heap   total 82944K, used 66153K [0x0000000080000000, 0x0000000100000000)
  region size 1024K, 37 young (37888K), 5 survivors (5120K)
 Metaspace       used 44347K, committed 44800K, reserved 1114112K
  class space    used 5809K, committed 6016K, reserved 1048576K
}
Event: 4.845 GC heap after
{Heap after GC invocations=11 (full 0):
 garbage-first heap   total 82944K, used 31748K [0x0000000080000000, 0x0000000100000000)
  region size 1024K, 3 young (3072K), 3 survivors (3072K)
 Metaspace       used 44347K, committed 44800K, reserved 1114112K
  class space    used 5809K, committed 6016K, reserved 1048576K
}
Event: 5.519 GC heap before
{Heap before GC invocations=11 (full 0):
 garbage-first heap   total 82944K, used 63492K [0x0000000080000000, 0x0000000100000000)
  region size 1024K, 33 young (33792K), 3 survivors (3072K)
 Metaspace       used 48307K, committed 48768K, reserved 1114112K
  class space    used 6392K, committed 6592K, reserved 1048576K
}
Event: 5.526 GC heap after
{Heap after GC invocations=12 (full 0):
 garbage-first heap   total 82944K, used 33443K [0x0000000080000000, 0x0000000100000000)
  region size 1024K, 5 young (5120K), 5 survivors (5120K)
 Metaspace       used 48307K, committed 48768K, reserved 1114112K
  class space    used 6392K, committed 6592K, reserved 1048576K
}

Dll operation events (3 events):
Event: 0.010 Loaded shared library C:\Users\user\Android Studio\jbr\bin\java.dll
Event: 0.101 Loaded shared library C:\Users\user\Android Studio\jbr\bin\zip.dll
Event: 0.340 Loaded shared library C:\Users\user\Android Studio\jbr\bin\verify.dll

Deoptimization events (20 events):
Event: 5.592 Thread 0x00000276aadb8400 Uncommon trap: trap_request=0xffffffde fr.pc=0x00000276961e9358 relative=0x0000000000000af8
Event: 5.592 Thread 0x00000276aadb8400 Uncommon trap: reason=class_check action=maybe_recompile pc=0x00000276961e9358 method=java.util.Collections$SetFromMap.remove(Ljava/lang/Object;)Z @ 5 c2
Event: 5.592 Thread 0x00000276aadb8400 DEOPT PACKING pc=0x00000276961e9358 sp=0x000000cbccdfb140
Event: 5.592 Thread 0x00000276aadb8400 DEOPT UNPACKING pc=0x00000276959b69a3 sp=0x000000cbccdfb138 mode 2
Event: 5.597 Thread 0x00000276aadb8400 Uncommon trap: trap_request=0xffffffde fr.pc=0x00000276962a2068 relative=0x0000000000002f88
Event: 5.597 Thread 0x00000276aadb8400 Uncommon trap: reason=class_check action=maybe_recompile pc=0x00000276962a2068 method=java.util.regex.Pattern$CharProperty.study(Ljava/util/regex/Pattern$TreeInfo;)Z @ 25 c2
Event: 5.597 Thread 0x00000276aadb8400 DEOPT PACKING pc=0x00000276962a2068 sp=0x000000cbccdf9c90
Event: 5.597 Thread 0x00000276aadb8400 DEOPT UNPACKING pc=0x00000276959b69a3 sp=0x000000cbccdf9b88 mode 2
Event: 5.599 Thread 0x00000276aadb8400 Uncommon trap: trap_request=0xffffffde fr.pc=0x00000276962a2068 relative=0x0000000000002f88
Event: 5.599 Thread 0x00000276aadb8400 Uncommon trap: reason=class_check action=maybe_recompile pc=0x00000276962a2068 method=java.util.regex.Pattern$CharProperty.study(Ljava/util/regex/Pattern$TreeInfo;)Z @ 25 c2
Event: 5.599 Thread 0x00000276aadb8400 DEOPT PACKING pc=0x00000276962a2068 sp=0x000000cbccdf9c90
Event: 5.599 Thread 0x00000276aadb8400 DEOPT UNPACKING pc=0x00000276959b69a3 sp=0x000000cbccdf9b88 mode 2
Event: 5.600 Thread 0x00000276aadb8400 Uncommon trap: trap_request=0xffffffde fr.pc=0x00000276962a2068 relative=0x0000000000002f88
Event: 5.600 Thread 0x00000276aadb8400 Uncommon trap: reason=class_check action=maybe_recompile pc=0x00000276962a2068 method=java.util.regex.Pattern$CharProperty.study(Ljava/util/regex/Pattern$TreeInfo;)Z @ 25 c2
Event: 5.600 Thread 0x00000276aadb8400 DEOPT PACKING pc=0x00000276962a2068 sp=0x000000cbccdf9c90
Event: 5.600 Thread 0x00000276aadb8400 DEOPT UNPACKING pc=0x00000276959b69a3 sp=0x000000cbccdf9b88 mode 2
Event: 5.725 Thread 0x00000276aadb8400 Uncommon trap: trap_request=0xffffff45 fr.pc=0x000002769623ec30 relative=0x00000000000002f0
Event: 5.725 Thread 0x00000276aadb8400 Uncommon trap: reason=unstable_if action=reinterpret pc=0x000002769623ec30 method=org.gradle.internal.reflect.PropertyAccessorType.isGetGetterName(Ljava/lang/String;)Z @ 14 c2
Event: 5.725 Thread 0x00000276aadb8400 DEOPT PACKING pc=0x000002769623ec30 sp=0x000000cbccdf8f70
Event: 5.725 Thread 0x00000276aadb8400 DEOPT UNPACKING pc=0x00000276959b69a3 sp=0x000000cbccdf8ec8 mode 2

Classes unloaded (0 events):
No events

Classes redefined (0 events):
No events

Internal exceptions (20 events):
Event: 4.739 Thread 0x00000276aadb8400 Exception <a 'java/lang/NoSuchMethodError'{0x0000000083e43340}: 'java.lang.Object java.lang.invoke.DirectMethodHandle$Holder.invokeStatic(java.lang.Object, java.lang.Object, java.lang.Object, java.lang.Object, java.lang.Object, java.lang.Object, java.lang.Object, java.lang.Object, java.lang.Object, java.lang.Object, java.lang.Object, java.lang.Object, java.lang.Object, java.lang.Object, java.lang.Object, java.lang.Object, java.lang.Object, java.lang.Object, java.lang.Object, java.lang.Object)'> (0x00000000
Event: 4.741 Thread 0x00000276aadb8400 Exception <a 'java/lang/NoSuchMethodError'{0x0000000083e6f3e0}: 'java.lang.Object java.lang.invoke.DirectMethodHandle$Holder.invokeStatic(java.lang.Object, java.lang.Object, java.lang.Object, java.lang.Object, java.lang.Object, java.lang.Object, java.lang.Object, java.lang.Object, java.lang.Object, java.lang.Object, java.lang.Object, java.lang.Object, java.lang.Object, java.lang.Object, java.lang.Object, java.lang.Object, java.lang.Object, java.lang.Object, java.lang.Object, java.lang.Object, java.lang.Obj
Event: 4.743 Thread 0x00000276aadb8400 Exception <a 'java/lang/NoSuchMethodError'{0x0000000083ea59f8}: 'java.lang.Object java.lang.invoke.DirectMethodHandle$Holder.invokeStatic(java.lang.Object, java.lang.Object, java.lang.Object, java.lang.Object, java.lang.Object, java.lang.Object, java.lang.Object, java.lang.Object, java.lang.Object, java.lang.Object, java.lang.Object, java.lang.Object, java.lang.Object, java.lang.Object, java.lang.Object, java.lang.Object, java.lang.Object, java.lang.Object, java.lang.Object, java.lang.Object, java.lang.Obj
Event: 4.745 Thread 0x00000276aadb8400 Exception <a 'java/lang/NoSuchMethodError'{0x0000000083ed3630}: 'java.lang.Object java.lang.invoke.DirectMethodHandle$Holder.invokeStatic(java.lang.Object, java.lang.Object, java.lang.Object, java.lang.Object, java.lang.Object, java.lang.Object, java.lang.Object, java.lang.Object, java.lang.Object, java.lang.Object, java.lang.Object, java.lang.Object, java.lang.Object, java.lang.Object, java.lang.Object, java.lang.Object, java.lang.Object, java.lang.Object, java.lang.Object, java.lang.Object, java.lang.Obj
Event: 4.746 Thread 0x00000276aadb8400 Exception <a 'java/lang/NoSuchMethodError'{0x0000000083d04330}: 'java.lang.Object java.lang.invoke.DirectMethodHandle$Holder.invokeStatic(java.lang.Object, java.lang.Object, java.lang.Object, java.lang.Object, java.lang.Object, java.lang.Object, java.lang.Object, java.lang.Object, java.lang.Object, java.lang.Object, java.lang.Object, java.lang.Object, java.lang.Object, java.lang.Object, java.lang.Object, java.lang.Object, java.lang.Object, java.lang.Object, java.lang.Object, java.lang.Object, java.lang.Obj
Event: 4.747 Thread 0x00000276aadb8400 Exception <a 'java/lang/NoSuchMethodError'{0x0000000083d356b0}: 'java.lang.Object java.lang.invoke.DirectMethodHandle$Holder.invokeStatic(java.lang.Object, java.lang.Object, java.lang.Object, java.lang.Object, java.lang.Object, java.lang.Object, java.lang.Object, java.lang.Object, java.lang.Object, java.lang.Object, java.lang.Object, java.lang.Object, java.lang.Object, java.lang.Object, java.lang.Object, java.lang.Object, java.lang.Object, java.lang.Object, java.lang.Object, java.lang.Object, java.lang.Obj
Event: 4.893 Thread 0x00000276aadb8400 Exception <a 'java/lang/IncompatibleClassChangeError'{0x0000000084fd6c50}: Found class java.lang.Object, but interface was expected> (0x0000000084fd6c50) 
thrown [s\src\hotspot\share\interpreter\linkResolver.cpp, line 838]
Event: 5.012 Thread 0x00000276aadb8400 Exception <a 'java/lang/IncompatibleClassChangeError'{0x0000000084b2df50}: Found class java.lang.Object, but interface was expected> (0x0000000084b2df50) 
thrown [s\src\hotspot\share\interpreter\linkResolver.cpp, line 838]
Event: 5.025 Thread 0x00000276aadb8400 Exception <a 'java/lang/NoSuchMethodError'{0x0000000084bbc118}: 'void java.lang.invoke.DirectMethodHandle$Holder.invokeStatic(java.lang.Object, java.lang.Object, java.lang.Object, java.lang.Object, java.lang.Object, java.lang.Object)'> (0x0000000084bbc118) 
thrown [s\src\hotspot\share\interpreter\linkResolver.cpp, line 771]
Event: 5.035 Thread 0x00000276aadb8400 Exception <a 'java/lang/NoSuchMethodError'{0x0000000084ace8b0}: 'int java.lang.invoke.DirectMethodHandle$Holder.invokeStaticInit(java.lang.Object, java.lang.Object, java.lang.Object, java.lang.Object, java.lang.Object)'> (0x0000000084ace8b0) 
thrown [s\src\hotspot\share\interpreter\linkResolver.cpp, line 771]
Event: 5.170 Thread 0x00000276aadb8400 Implicit null exception at 0x000002769624fd6c to 0x000002769624fe14
Event: 5.287 Thread 0x00000276aadb8400 Exception <a 'java/lang/NoSuchMethodError'{0x0000000083c23110}: 'void java.lang.invoke.DirectMethodHandle$Holder.invokeInterface(java.lang.Object, java.lang.Object)'> (0x0000000083c23110) 
thrown [s\src\hotspot\share\interpreter\linkResolver.cpp, line 771]
Event: 5.290 Thread 0x00000276aadb8400 Exception <a 'java/lang/IncompatibleClassChangeError'{0x0000000083c2e380}: Found class java.lang.Object, but interface was expected> (0x0000000083c2e380) 
thrown [s\src\hotspot\share\interpreter\linkResolver.cpp, line 838]
Event: 5.328 Thread 0x00000276aadb8400 Exception <a 'java/lang/NoSuchMethodError'{0x0000000083bf2c58}: 'java.lang.Object java.lang.invoke.DirectMethodHandle$Holder.newInvokeSpecial(java.lang.Object, int, java.lang.Object)'> (0x0000000083bf2c58) 
thrown [s\src\hotspot\share\interpreter\linkResolver.cpp, line 771]
Event: 5.612 Thread 0x00000276ab63a850 Exception <a 'java/lang/NoSuchMethodError'{0x0000000084b1b300}: static Lorg/gradle/internal/build/event/types/DefaultOperationStartedProgressEvent;.<clinit>()V> (0x0000000084b1b300) 
thrown [s\src\hotspot\share\prims\jni.cpp, line 1108]
Event: 5.613 Thread 0x00000276ab63a850 Exception <a 'java/lang/NoSuchMethodError'{0x0000000084b1d838}: static Lorg/gradle/internal/build/event/types/AbstractProgressEvent;.<clinit>()V> (0x0000000084b1d838) 
thrown [s\src\hotspot\share\prims\jni.cpp, line 1108]
Event: 5.615 Thread 0x00000276ab63a850 Exception <a 'java/lang/NoSuchMethodError'{0x0000000084b301f0}: static Lorg/gradle/internal/build/event/types/DefaultProjectConfigurationDescriptor;.<clinit>()V> (0x0000000084b301f0) 
thrown [s\src\hotspot\share\prims\jni.cpp, line 1108]
Event: 5.615 Thread 0x00000276ab63a850 Exception <a 'java/lang/NoSuchMethodError'{0x0000000084b329f8}: static Lorg/gradle/internal/build/event/types/DefaultOperationDescriptor;.<clinit>()V> (0x0000000084b329f8) 
thrown [s\src\hotspot\share\prims\jni.cpp, line 1108]
Event: 5.618 Thread 0x00000276ab63a850 Exception <a 'java/lang/NoSuchMethodError'{0x0000000084bcb188}: static Lorg/gradle/internal/operations/OperationIdentifier;.<clinit>()V> (0x0000000084bcb188) 
thrown [s\src\hotspot\share\prims\jni.cpp, line 1108]
Event: 5.722 Thread 0x00000276aadb8400 Exception <a 'java/lang/NoSuchMethodError'{0x0000000084540100}: 'long java.lang.invoke.DirectMethodHandle$Holder.invokeStatic(java.lang.Object, long)'> (0x0000000084540100) 
thrown [s\src\hotspot\share\interpreter\linkResolver.cpp, line 771]

VM Operations (20 events):
Event: 4.401 Executing VM operation: HandshakeAllThreads
Event: 4.401 Executing VM operation: HandshakeAllThreads done
Event: 4.415 Executing VM operation: HandshakeAllThreads
Event: 4.415 Executing VM operation: HandshakeAllThreads done
Event: 4.464 Executing VM operation: HandshakeAllThreads
Event: 4.464 Executing VM operation: HandshakeAllThreads done
Event: 4.500 Executing VM operation: G1CollectForAllocation
Event: 4.506 Executing VM operation: G1CollectForAllocation done
Event: 4.836 Executing VM operation: G1CollectForAllocation
Event: 4.845 Executing VM operation: G1CollectForAllocation done
Event: 4.899 Executing VM operation: HandshakeAllThreads
Event: 4.899 Executing VM operation: HandshakeAllThreads done
Event: 5.133 Executing VM operation: HandshakeAllThreads
Event: 5.133 Executing VM operation: HandshakeAllThreads done
Event: 5.519 Executing VM operation: G1CollectForAllocation
Event: 5.526 Executing VM operation: G1CollectForAllocation done
Event: 5.544 Executing VM operation: HandshakeAllThreads
Event: 5.544 Executing VM operation: HandshakeAllThreads done
Event: 5.594 Executing VM operation: HandshakeAllThreads
Event: 5.594 Executing VM operation: HandshakeAllThreads done

Events (20 events):
Event: 5.611 loading class java/io/ObjectStreamClass$1
Event: 5.612 loading class java/io/ObjectStreamClass$1 done
Event: 5.612 loading class java/io/ObjectStreamClass$MemberSignature
Event: 5.612 loading class java/io/ObjectStreamClass$MemberSignature done
Event: 5.612 loading class java/io/ObjectStreamClass$3
Event: 5.612 loading class java/io/ObjectStreamClass$3 done
Event: 5.612 loading class java/io/ObjectStreamClass$4
Event: 5.612 loading class java/io/ObjectStreamClass$4 done
Event: 5.612 loading class java/io/ObjectStreamClass$5
Event: 5.612 loading class java/io/ObjectStreamClass$5 done
Event: 5.613 loading class java/io/ObjectStreamClass$ClassDataSlot
Event: 5.613 loading class java/io/ObjectStreamClass$ClassDataSlot done
Event: 5.615 loading class jdk/internal/reflect/UnsafeQualifiedStaticLongFieldAccessorImpl
Event: 5.616 loading class jdk/internal/reflect/UnsafeQualifiedStaticLongFieldAccessorImpl done
Event: 5.619 loading class java/io/SerialCallbackContext
Event: 5.620 loading class java/io/SerialCallbackContext done
Event: 5.670 loading class java/util/DualPivotQuicksort
Event: 5.670 loading class java/util/DualPivotQuicksort done
Event: 5.722 loading class java/util/function/LongUnaryOperator
Event: 5.722 loading class java/util/function/LongUnaryOperator done


Dynamic libraries:
0x00007ff75e120000 - 0x00007ff75e12a000 	C:\Users\user\Android Studio\jbr\bin\java.exe
0x00007ffc72af0000 - 0x00007ffc72d06000 	C:\Windows\SYSTEM32\ntdll.dll
0x00007ffc71fd0000 - 0x00007ffc72094000 	C:\Windows\System32\KERNEL32.DLL
0x00007ffc70250000 - 0x00007ffc705f6000 	C:\Windows\System32\KERNELBASE.dll
0x00007ffc6fef0000 - 0x00007ffc70001000 	C:\Windows\System32\ucrtbase.dll
0x00007ffc650c0000 - 0x00007ffc650d7000 	C:\Users\user\Android Studio\jbr\bin\jli.dll
0x00007ffc5b9a0000 - 0x00007ffc5b9bb000 	C:\Users\user\Android Studio\jbr\bin\VCRUNTIME140.dll
0x00007ffc72240000 - 0x00007ffc723ed000 	C:\Windows\System32\USER32.dll
0x00007ffc70220000 - 0x00007ffc70246000 	C:\Windows\System32\win32u.dll
0x00007ffc70e80000 - 0x00007ffc70ea9000 	C:\Windows\System32\GDI32.dll
0x00007ffc62410000 - 0x00007ffc626a3000 	C:\Windows\WinSxS\amd64_microsoft.windows.common-controls_6595b64144ccf1df_6.0.22621.3235_none_270f74e173860f98\COMCTL32.dll
0x00007ffc706a0000 - 0x00007ffc707b8000 	C:\Windows\System32\gdi32full.dll
0x00007ffc724a0000 - 0x00007ffc72547000 	C:\Windows\System32\msvcrt.dll
0x00007ffc70600000 - 0x00007ffc7069a000 	C:\Windows\System32\msvcp_win.dll
0x00007ffc72120000 - 0x00007ffc72151000 	C:\Windows\System32\IMM32.DLL
0x00007ffc5cb50000 - 0x00007ffc5cb5c000 	C:\Users\user\Android Studio\jbr\bin\vcruntime140_1.dll
0x00007ffc3f8a0000 - 0x00007ffc3f92d000 	C:\Users\user\Android Studio\jbr\bin\msvcp140.dll
0x00007ffbf6310000 - 0x00007ffbf6f90000 	C:\Users\user\Android Studio\jbr\bin\server\jvm.dll
0x00007ffc70cc0000 - 0x00007ffc70d72000 	C:\Windows\System32\ADVAPI32.dll
0x00007ffc723f0000 - 0x00007ffc72498000 	C:\Windows\System32\sechost.dll
0x00007ffc70010000 - 0x00007ffc70038000 	C:\Windows\System32\bcrypt.dll
0x00007ffc72990000 - 0x00007ffc72aa5000 	C:\Windows\System32\RPCRT4.dll
0x00007ffc68700000 - 0x00007ffc68709000 	C:\Windows\SYSTEM32\WSOCK32.dll
0x00007ffc70840000 - 0x00007ffc708b1000 	C:\Windows\System32\WS2_32.dll
0x00007ffc6a3a0000 - 0x00007ffc6a3aa000 	C:\Windows\SYSTEM32\VERSION.dll
0x00007ffc5f3a0000 - 0x00007ffc5f3d4000 	C:\Windows\SYSTEM32\WINMM.dll
0x00007ffc6ee70000 - 0x00007ffc6ee88000 	C:\Windows\SYSTEM32\kernel.appcore.dll
0x00007ffc6b370000 - 0x00007ffc6b37a000 	C:\Users\user\Android Studio\jbr\bin\jimage.dll
0x00007ffc6d540000 - 0x00007ffc6d773000 	C:\Windows\SYSTEM32\DBGHELP.DLL
0x00007ffc70920000 - 0x00007ffc70ca8000 	C:\Windows\System32\combase.dll
0x00007ffc72160000 - 0x00007ffc72237000 	C:\Windows\System32\OLEAUT32.dll
0x00007ffc673c0000 - 0x00007ffc673f2000 	C:\Windows\SYSTEM32\dbgcore.DLL
0x00007ffc707c0000 - 0x00007ffc7083a000 	C:\Windows\System32\bcryptPrimitives.dll
0x00007ffc67fc0000 - 0x00007ffc67fce000 	C:\Users\user\Android Studio\jbr\bin\instrument.dll
0x00007ffc68c50000 - 0x00007ffc68c75000 	C:\Users\user\Android Studio\jbr\bin\java.dll
0x00007ffc68c00000 - 0x00007ffc68c18000 	C:\Users\user\Android Studio\jbr\bin\zip.dll
0x00007ffc715d0000 - 0x00007ffc71e2d000 	C:\Windows\System32\SHELL32.dll
0x00007ffc6dd90000 - 0x00007ffc6e688000 	C:\Windows\SYSTEM32\windows.storage.dll
0x00007ffc6dc50000 - 0x00007ffc6dd8e000 	C:\Windows\SYSTEM32\wintypes.dll
0x00007ffc71400000 - 0x00007ffc714f3000 	C:\Windows\System32\SHCORE.dll
0x00007ffc70eb0000 - 0x00007ffc70f0e000 	C:\Windows\System32\shlwapi.dll
0x00007ffc6fd60000 - 0x00007ffc6fd86000 	C:\Windows\SYSTEM32\profapi.dll
0x00007ffc68230000 - 0x00007ffc68249000 	C:\Users\user\Android Studio\jbr\bin\net.dll
0x00007ffc6ac00000 - 0x00007ffc6ad37000 	C:\Windows\SYSTEM32\WINHTTP.dll
0x00007ffc6f2f0000 - 0x00007ffc6f359000 	C:\Windows\system32\mswsock.dll
0x00007ffc67fd0000 - 0x00007ffc67fe6000 	C:\Users\user\Android Studio\jbr\bin\nio.dll
0x00007ffc69460000 - 0x00007ffc69470000 	C:\Users\user\Android Studio\jbr\bin\verify.dll
0x00007ffc464c0000 - 0x00007ffc464e7000 	C:\Users\user\.gradle\native\68d5fa5c4cc2d200863cafc0d521ce42e7d3e7ee720ec0a83991735586a16f82\windows-amd64\native-platform.dll
0x00007ffc3bb40000 - 0x00007ffc3bc84000 	C:\Users\user\.gradle\native\e376f236ea51e6404a007f0833ffe2c6e607c4080706a723a18a27aeea778392\windows-amd64\native-platform-file-events.dll
0x00007ffc69370000 - 0x00007ffc69379000 	C:\Users\user\Android Studio\jbr\bin\management.dll
0x00007ffc68220000 - 0x00007ffc6822b000 	C:\Users\user\Android Studio\jbr\bin\management_ext.dll
0x00007ffc70910000 - 0x00007ffc70918000 	C:\Windows\System32\PSAPI.DLL
0x00007ffc6f540000 - 0x00007ffc6f55b000 	C:\Windows\SYSTEM32\CRYPTSP.dll
0x00007ffc6edd0000 - 0x00007ffc6ee05000 	C:\Windows\system32\rsaenh.dll
0x00007ffc6f3e0000 - 0x00007ffc6f40c000 	C:\Windows\SYSTEM32\USERENV.dll
0x00007ffc6fab0000 - 0x00007ffc6fabc000 	C:\Windows\SYSTEM32\CRYPTBASE.dll
0x00007ffc6e8f0000 - 0x00007ffc6e91d000 	C:\Windows\SYSTEM32\IPHLPAPI.DLL
0x00007ffc72960000 - 0x00007ffc72969000 	C:\Windows\System32\NSI.dll
0x00007ffc6ab30000 - 0x00007ffc6ab49000 	C:\Windows\SYSTEM32\dhcpcsvc6.DLL
0x00007ffc6ab10000 - 0x00007ffc6ab2f000 	C:\Windows\SYSTEM32\dhcpcsvc.DLL
0x00007ffc6e960000 - 0x00007ffc6ea59000 	C:\Windows\SYSTEM32\DNSAPI.dll
0x00007ffc68130000 - 0x00007ffc68138000 	C:\Windows\system32\wshunix.dll

dbghelp: loaded successfully - version: 4.0.5 - missing functions: none
symbol engine: initialized successfully - sym options: 0x614 - pdb path: .;C:\Users\user\Android Studio\jbr\bin;C:\Windows\SYSTEM32;C:\Windows\WinSxS\amd64_microsoft.windows.common-controls_6595b64144ccf1df_6.0.22621.3235_none_270f74e173860f98;C:\Users\user\Android Studio\jbr\bin\server;C:\Users\user\.gradle\native\68d5fa5c4cc2d200863cafc0d521ce42e7d3e7ee720ec0a83991735586a16f82\windows-amd64;C:\Users\user\.gradle\native\e376f236ea51e6404a007f0833ffe2c6e607c4080706a723a18a27aeea778392\windows-amd64

VM Arguments:
jvm_args: --add-opens=java.base/java.util=ALL-UNNAMED --add-opens=java.base/java.lang=ALL-UNNAMED --add-opens=java.base/java.lang.invoke=ALL-UNNAMED --add-opens=java.prefs/java.util.prefs=ALL-UNNAMED --add-opens=java.base/java.nio.charset=ALL-UNNAMED --add-opens=java.base/java.net=ALL-UNNAMED --add-opens=java.base/java.util.concurrent.atomic=ALL-UNNAMED -Xmx2048m -Dfile.encoding=UTF-8 -Duser.country=US -Duser.language=en -Duser.variant -javaagent:C:\Users\user\.gradle\wrapper\dists\gradle-8.2-bin\bbg7u40eoinfdyxsxr3z4i7ta\gradle-8.2\lib\agents\gradle-instrumentation-agent-8.2.jar 
java_command: org.gradle.launcher.daemon.bootstrap.GradleDaemon 8.2
java_class_path (initial): C:\Users\user\.gradle\wrapper\dists\gradle-8.2-bin\bbg7u40eoinfdyxsxr3z4i7ta\gradle-8.2\lib\gradle-launcher-8.2.jar
Launcher Type: SUN_STANDARD

[Global flags]
     intx CICompilerCount                          = 12                                        {product} {ergonomic}
     uint ConcGCThreads                            = 3                                         {product} {ergonomic}
     uint G1ConcRefinementThreads                  = 13                                        {product} {ergonomic}
   size_t G1HeapRegionSize                         = 1048576                                   {product} {ergonomic}
    uintx GCDrainStackTargetSize                   = 64                                        {product} {ergonomic}
   size_t InitialHeapSize                          = 125829120                                 {product} {ergonomic}
   size_t MarkStackSize                            = 4194304                                   {product} {ergonomic}
   size_t MaxHeapSize                              = 2147483648                                {product} {command line}
   size_t MaxNewSize                               = 1287651328                                {product} {ergonomic}
   size_t MinHeapDeltaBytes                        = 1048576                                   {product} {ergonomic}
   size_t MinHeapSize                              = 8388608                                   {product} {ergonomic}
    uintx NonNMethodCodeHeapSize                   = 7602480                                {pd product} {ergonomic}
    uintx NonProfiledCodeHeapSize                  = 122027880                              {pd product} {ergonomic}
    uintx ProfiledCodeHeapSize                     = 122027880                              {pd product} {ergonomic}
    uintx ReservedCodeCacheSize                    = 251658240                              {pd product} {ergonomic}
     bool SegmentedCodeCache                       = true                                      {product} {ergonomic}
   size_t SoftMaxHeapSize                          = 2147483648                             {manageable} {ergonomic}
     bool UseCompressedClassPointers               = true                           {product lp64_product} {ergonomic}
     bool UseCompressedOops                        = true                           {product lp64_product} {ergonomic}
     bool UseG1GC                                  = true                                      {product} {ergonomic}
     bool UseLargePagesIndividualAllocation        = false                                  {pd product} {ergonomic}

Logging:
Log output configuration:
 #0: stdout all=warning uptime,level,tags
 #1: stderr all=off uptime,level,tags

Environment Variables:
PATH=C:\Python312\Scripts\;C:\Python312\;C:\Program Files\Common Files\Oracle\Java\javapath;C:\Windows\system32;C:\Windows;C:\Windows\System32\Wbem;C:\Windows\System32\WindowsPowerShell\v1.0\;C:\Windows\System32\OpenSSH\;D:\Apps\CodeBlocks\MinGW\bin;C:\Program Files\Git\cmd;C:\ProgramData\chocolatey\bin;C:\Program Files\nodejs\;C:\Users\user\AppData\Local\Microsoft\WindowsApps;D:\Apps\IntelliJ IDEA Community Edition 2023.2\bin;;D:\Apps\Microsoft VS Code\bin;D:\Apps\CodeBlocks\MinGW\bin;C:\Users\user\AppData\Local\GitHubDesktop\bin;C:\Users\user\AppData\Roaming\npm;C:\Program Files\JetBrains\DataGrip 2023.3.4\bin;
USERNAME=user
OS=Windows_NT
PROCESSOR_IDENTIFIER=AMD64 Family 23 Model 96 Stepping 1, AuthenticAMD
TMP=C:\Users\user\AppData\Local\Temp
TEMP=C:\Users\user\AppData\Local\Temp


JNI global refs:
JNI global refs: 34, weak refs: 0

JNI global refs memory usage: 843, weak refs: 841

OOME stack traces (most recent first):
Classloader memory used:
Loader org.gradle.internal.classloader.VisitableURLClassLoader                         : 3184K
Loader bootstrap                                                                       : 2377K
Loader org.gradle.initialization.MixInLegacyTypesClassLoader                           : 614K
Loader jdk.internal.loader.ClassLoaders$PlatformClassLoader                            : 67291B
Loader jdk.internal.loader.ClassLoaders$AppClassLoader                                 : 28352B
Loader jdk.internal.reflect.DelegatingClassLoader                                      : 6893B
Loader org.gradle.internal.classloader.VisitableURLClassLoader$InstrumentingVisitableURLClassLoader: 2857B
Loader org.gradle.groovy.scripts.internal.DefaultScriptCompilationHandler$ScriptClassLoader: 1712B
Loader org.codehaus.groovy.runtime.callsite.CallSiteClassLoader                        : 356B

Classes loaded by more than one classloader:
Class org.gradle.internal.installation.GradleInstallation                             : loaded 2 times (x 73B)
Class org.gradle.internal.classpath.ClassPath                                         : loaded 2 times (x 68B)
Class org.gradle.api.internal.classpath.DefaultModuleRegistry                         : loaded 2 times (x 84B)
Class Settings_gradle$1$1                                                             : loaded 2 times (x 72B)
Class org.gradle.api.Action                                                           : loaded 2 times (x 68B)
Class org.gradle.api.internal.DefaultClassPathProvider                                : loaded 2 times (x 74B)
Class org.gradle.internal.installation.GradleInstallation$1                           : loaded 2 times (x 73B)
Class org.gradle.internal.classloader.FilteringClassLoader                            : loaded 2 times (x 102B)
Class org.gradle.internal.classpath.DefaultClassPath$ImmutableUniqueList$Builder      : loaded 2 times (x 73B)
Class org.gradle.internal.classloader.ClassLoaderVisitor                              : loaded 2 times (x 74B)
Class org.gradle.internal.service.DefaultServiceLocator                               : loaded 2 times (x 81B)
Class org.gradle.internal.service.UnknownServiceException                             : loaded 2 times (x 81B)
Class org.gradle.internal.classloader.DefaultClassLoaderFactory                       : loaded 2 times (x 80B)
Class org.gradle.internal.classloader.VisitableURLClassLoader$Spec                    : loaded 2 times (x 72B)
Class org.gradle.api.GradleException                                                  : loaded 2 times (x 80B)
Class org.gradle.api.internal.classpath.ModuleRegistry                                : loaded 2 times (x 68B)
Class org.gradle.api.internal.ClassPathProvider                                       : loaded 2 times (x 68B)
Class org.gradle.internal.classloader.ClasspathUtil$1                                 : loaded 2 times (x 74B)
Class org.gradle.internal.classloader.ClassLoaderFactory                              : loaded 2 times (x 68B)
Class org.gradle.api.internal.classpath.ManifestUtil                                  : loaded 2 times (x 69B)
Class org.gradle.api.specs.Spec                                                       : loaded 2 times (x 68B)
Class org.gradle.internal.IoActions                                                   : loaded 2 times (x 69B)
Class org.gradle.api.internal.classpath.EffectiveClassPath                            : loaded 2 times (x 88B)
Class org.gradle.internal.installation.CurrentGradleInstallation                      : loaded 2 times (x 71B)
Class org.gradle.internal.agents.InstrumentingClassLoader                             : loaded 2 times (x 68B)
Class org.gradle.internal.installation.CurrentGradleInstallationLocator               : loaded 2 times (x 69B)
Class org.gradle.api.internal.classpath.Module                                        : loaded 2 times (x 68B)
Class org.gradle.internal.service.CachingServiceLocator                               : loaded 2 times (x 80B)
Class org.gradle.internal.classpath.DefaultClassPath                                  : loaded 2 times (x 88B)
Class org.gradle.internal.classloader.SystemClassLoaderSpec                           : loaded 2 times (x 69B)
Class org.gradle.api.UncheckedIOException                                             : loaded 2 times (x 80B)
Class Program                                                                         : loaded 2 times (x 70B)
Class org.gradle.internal.classloader.ClasspathUtil                                   : loaded 2 times (x 69B)
Class org.gradle.api.internal.DefaultClassPathRegistry                                : loaded 2 times (x 74B)
Class org.gradle.api.internal.classpath.DefaultModuleRegistry$DefaultModule           : loaded 2 times (x 84B)
Class org.gradle.api.internal.classpath.UnknownModuleException                        : loaded 2 times (x 80B)
Class org.gradle.internal.service.ServiceLookupException                              : loaded 2 times (x 80B)
Class org.gradle.cache.GlobalCache                                                    : loaded 2 times (x 68B)
Class [Lorg.gradle.api.internal.ClassPathProvider;                                    : loaded 2 times (x 67B)
Class org.gradle.util.internal.GUtil                                                  : loaded 2 times (x 69B)
Class org.gradle.internal.classloader.ClassLoaderSpec                                 : loaded 2 times (x 69B)
Class org.gradle.internal.classloader.VisitableURLClassLoader                         : loaded 2 times (x 114B)
Class org.gradle.internal.Cast                                                        : loaded 2 times (x 69B)
Class org.gradle.api.internal.ClassPathRegistry                                       : loaded 2 times (x 68B)
Class org.gradle.internal.classloader.VisitableURLClassLoader$InstrumentingVisitableURLClassLoader: loaded 2 times (x 120B)
Class org.gradle.internal.classloader.ClassLoaderHierarchy                            : loaded 2 times (x 68B)
Class org.gradle.internal.InternalTransformer                                         : loaded 2 times (x 68B)
Class org.gradle.internal.service.ServiceLocator                                      : loaded 2 times (x 68B)
Class Settings_gradle$1                                                               : loaded 2 times (x 72B)
Class org.gradle.internal.classpath.DefaultClassPath$ImmutableUniqueList              : loaded 2 times (x 159B)
Class org.gradle.internal.classpath.TransformedClassPath                              : loaded 2 times (x 94B)
Class Settings_gradle                                                                 : loaded 2 times (x 126B)


---------------  S Y S T E M  ---------------

OS:
 Windows 11 , 64 bit Build 22621 (10.0.22621.3235)
OS uptime: 5 days 6:10 hours

CPU: total 16 (initial active 16) (16 cores per cpu, 2 threads per core) family 23 model 96 stepping 1 microcode 0x0, cx8, cmov, fxsr, ht, mmx, 3dnowpref, sse, sse2, sse3, ssse3, sse4a, sse4.1, sse4.2, popcnt, lzcnt, tsc, tscinvbit, avx, avx2, aes, clmul, bmi1, bmi2, adx, sha, fma, vzeroupper, clflush, clflushopt

Memory: 4k page, system-wide physical 7599M (515M free)
TotalPageFile size 31151M (AvailPageFile size 7M)
current process WorkingSet (physical memory assigned to process): 247M, peak: 253M
current process commit charge ("private bytes"): 295M, peak: 301M

vm_info: OpenJDK 64-Bit Server VM (17.0.7+0-b2043.56-10550314) for windows-amd64 JRE (17.0.7+0-b2043.56-10550314), built on Jul 24 2023 18:27:45 by "androidbuild" with MS VC++ 16.10 / 16.11 (VS2019)

END.
